INFO - 2024-12-27 05:57:55 --> Session: Class initialized using 'CodeIgniter\Session\Handlers\FileHandler' driver.
INFO - 2024-12-27 06:21:17 --> Session: Class initialized using 'CodeIgniter\Session\Handlers\FileHandler' driver.
INFO - 2024-12-27 06:22:06 --> Session: Class initialized using 'CodeIgniter\Session\Handlers\FileHandler' driver.
INFO - 2024-12-27 07:51:51 --> Session: Class initialized using 'CodeIgniter\Session\Handlers\FileHandler' driver.
ERROR - 2024-12-27 07:52:04 --> mysqli_sql_exception: Operand should contain 1 column(s) in C:\xampp\htdocs\ProyectoDaw\system\Database\MySQLi\Connection.php:306
Stack trace:
#0 C:\xampp\htdocs\ProyectoDaw\system\Database\MySQLi\Connection.php(306): mysqli->query('INSERT INTO `pu...', 0)
#1 C:\xampp\htdocs\ProyectoDaw\system\Database\BaseConnection.php(693): CodeIgniter\Database\MySQLi\Connection->execute('INSERT INTO `pu...')
#2 C:\xampp\htdocs\ProyectoDaw\system\Database\BaseConnection.php(607): CodeIgniter\Database\BaseConnection->simpleQuery('INSERT INTO `pu...')
#3 C:\xampp\htdocs\ProyectoDaw\system\Database\BaseBuilder.php(2307): CodeIgniter\Database\BaseConnection->query('INSERT INTO `pu...', Array, false)
#4 C:\xampp\htdocs\ProyectoDaw\app\Models\DataBaseHandler.php(612): CodeIgniter\Database\BaseBuilder->insert(Array)
#5 C:\xampp\htdocs\ProyectoDaw\app\Controllers\Home.php(405): App\models\DataBaseHandler->jls_upload_participant_scores('2', '8', '42', Array)
#6 C:\xampp\htdocs\ProyectoDaw\system\CodeIgniter.php(943): App\Controllers\Home->upload_participant_scores('2', '8', '42')
#7 C:\xampp\htdocs\ProyectoDaw\system\CodeIgniter.php(503): CodeIgniter\CodeIgniter->runController(Object(App\Controllers\Home))
#8 C:\xampp\htdocs\ProyectoDaw\system\CodeIgniter.php(361): CodeIgniter\CodeIgniter->handleRequest(NULL, Object(Config\Cache), false)
#9 C:\xampp\htdocs\ProyectoDaw\public\index.php(79): CodeIgniter\CodeIgniter->run()
#10 {main}
ERROR - 2024-12-27 07:52:04 --> mysqli_sql_exception: Operand should contain 1 column(s) in C:\xampp\htdocs\ProyectoDaw\system\Database\MySQLi\Connection.php:306
Stack trace:
#0 C:\xampp\htdocs\ProyectoDaw\system\Database\MySQLi\Connection.php(306): mysqli->query('INSERT INTO `pu...', 0)
#1 C:\xampp\htdocs\ProyectoDaw\system\Database\BaseConnection.php(693): CodeIgniter\Database\MySQLi\Connection->execute('INSERT INTO `pu...')
#2 C:\xampp\htdocs\ProyectoDaw\system\Database\BaseConnection.php(607): CodeIgniter\Database\BaseConnection->simpleQuery('INSERT INTO `pu...')
#3 C:\xampp\htdocs\ProyectoDaw\system\Database\BaseBuilder.php(2307): CodeIgniter\Database\BaseConnection->query('INSERT INTO `pu...', Array, false)
#4 C:\xampp\htdocs\ProyectoDaw\app\Models\DataBaseHandler.php(612): CodeIgniter\Database\BaseBuilder->insert(Array)
#5 C:\xampp\htdocs\ProyectoDaw\app\Controllers\Home.php(405): App\models\DataBaseHandler->jls_upload_participant_scores('2', '8', '42', Array)
#6 C:\xampp\htdocs\ProyectoDaw\system\CodeIgniter.php(943): App\Controllers\Home->upload_participant_scores('2', '8', '42')
#7 C:\xampp\htdocs\ProyectoDaw\system\CodeIgniter.php(503): CodeIgniter\CodeIgniter->runController(Object(App\Controllers\Home))
#8 C:\xampp\htdocs\ProyectoDaw\system\CodeIgniter.php(361): CodeIgniter\CodeIgniter->handleRequest(NULL, Object(Config\Cache), false)
#9 C:\xampp\htdocs\ProyectoDaw\public\index.php(79): CodeIgniter\CodeIgniter->run()
#10 {main}
ERROR - 2024-12-27 07:52:04 --> mysqli_sql_exception: Operand should contain 1 column(s) in C:\xampp\htdocs\ProyectoDaw\system\Database\MySQLi\Connection.php:306
Stack trace:
#0 C:\xampp\htdocs\ProyectoDaw\system\Database\MySQLi\Connection.php(306): mysqli->query('INSERT INTO `pu...', 0)
#1 C:\xampp\htdocs\ProyectoDaw\system\Database\BaseConnection.php(693): CodeIgniter\Database\MySQLi\Connection->execute('INSERT INTO `pu...')
#2 C:\xampp\htdocs\ProyectoDaw\system\Database\BaseConnection.php(607): CodeIgniter\Database\BaseConnection->simpleQuery('INSERT INTO `pu...')
#3 C:\xampp\htdocs\ProyectoDaw\system\Database\BaseBuilder.php(2307): CodeIgniter\Database\BaseConnection->query('INSERT INTO `pu...', Array, false)
#4 C:\xampp\htdocs\ProyectoDaw\app\Models\DataBaseHandler.php(612): CodeIgniter\Database\BaseBuilder->insert(Array)
#5 C:\xampp\htdocs\ProyectoDaw\app\Controllers\Home.php(405): App\models\DataBaseHandler->jls_upload_participant_scores('2', '8', '42', Array)
#6 C:\xampp\htdocs\ProyectoDaw\system\CodeIgniter.php(943): App\Controllers\Home->upload_participant_scores('2', '8', '42')
#7 C:\xampp\htdocs\ProyectoDaw\system\CodeIgniter.php(503): CodeIgniter\CodeIgniter->runController(Object(App\Controllers\Home))
#8 C:\xampp\htdocs\ProyectoDaw\system\CodeIgniter.php(361): CodeIgniter\CodeIgniter->handleRequest(NULL, Object(Config\Cache), false)
#9 C:\xampp\htdocs\ProyectoDaw\public\index.php(79): CodeIgniter\CodeIgniter->run()
#10 {main}
ERROR - 2024-12-27 07:52:04 --> mysqli_sql_exception: Operand should contain 1 column(s) in C:\xampp\htdocs\ProyectoDaw\system\Database\MySQLi\Connection.php:306
Stack trace:
#0 C:\xampp\htdocs\ProyectoDaw\system\Database\MySQLi\Connection.php(306): mysqli->query('INSERT INTO `pu...', 0)
#1 C:\xampp\htdocs\ProyectoDaw\system\Database\BaseConnection.php(693): CodeIgniter\Database\MySQLi\Connection->execute('INSERT INTO `pu...')
#2 C:\xampp\htdocs\ProyectoDaw\system\Database\BaseConnection.php(607): CodeIgniter\Database\BaseConnection->simpleQuery('INSERT INTO `pu...')
#3 C:\xampp\htdocs\ProyectoDaw\system\Database\BaseBuilder.php(2307): CodeIgniter\Database\BaseConnection->query('INSERT INTO `pu...', Array, false)
#4 C:\xampp\htdocs\ProyectoDaw\app\Models\DataBaseHandler.php(612): CodeIgniter\Database\BaseBuilder->insert(Array)
#5 C:\xampp\htdocs\ProyectoDaw\app\Controllers\Home.php(405): App\models\DataBaseHandler->jls_upload_participant_scores('2', '8', '42', Array)
#6 C:\xampp\htdocs\ProyectoDaw\system\CodeIgniter.php(943): App\Controllers\Home->upload_participant_scores('2', '8', '42')
#7 C:\xampp\htdocs\ProyectoDaw\system\CodeIgniter.php(503): CodeIgniter\CodeIgniter->runController(Object(App\Controllers\Home))
#8 C:\xampp\htdocs\ProyectoDaw\system\CodeIgniter.php(361): CodeIgniter\CodeIgniter->handleRequest(NULL, Object(Config\Cache), false)
#9 C:\xampp\htdocs\ProyectoDaw\public\index.php(79): CodeIgniter\CodeIgniter->run()
#10 {main}
ERROR - 2024-12-27 07:52:04 --> Error al insertar puntuaciones
INFO - 2024-12-27 08:17:50 --> Session: Class initialized using 'CodeIgniter\Session\Handlers\FileHandler' driver.
ERROR - 2024-12-27 08:18:09 --> mysqli_sql_exception: Operand should contain 1 column(s) in C:\xampp\htdocs\ProyectoDaw\system\Database\MySQLi\Connection.php:306
Stack trace:
#0 C:\xampp\htdocs\ProyectoDaw\system\Database\MySQLi\Connection.php(306): mysqli->query('INSERT INTO `pu...', 0)
#1 C:\xampp\htdocs\ProyectoDaw\system\Database\BaseConnection.php(693): CodeIgniter\Database\MySQLi\Connection->execute('INSERT INTO `pu...')
#2 C:\xampp\htdocs\ProyectoDaw\system\Database\BaseConnection.php(607): CodeIgniter\Database\BaseConnection->simpleQuery('INSERT INTO `pu...')
#3 C:\xampp\htdocs\ProyectoDaw\system\Database\BaseBuilder.php(2307): CodeIgniter\Database\BaseConnection->query('INSERT INTO `pu...', Array, false)
#4 C:\xampp\htdocs\ProyectoDaw\app\Models\DataBaseHandler.php(612): CodeIgniter\Database\BaseBuilder->insert(Array)
#5 C:\xampp\htdocs\ProyectoDaw\app\Controllers\Home.php(405): App\models\DataBaseHandler->jls_upload_participant_scores('2', '8', '41', Array)
#6 C:\xampp\htdocs\ProyectoDaw\system\CodeIgniter.php(943): App\Controllers\Home->upload_participant_scores('2', '8', '41')
#7 C:\xampp\htdocs\ProyectoDaw\system\CodeIgniter.php(503): CodeIgniter\CodeIgniter->runController(Object(App\Controllers\Home))
#8 C:\xampp\htdocs\ProyectoDaw\system\CodeIgniter.php(361): CodeIgniter\CodeIgniter->handleRequest(NULL, Object(Config\Cache), false)
#9 C:\xampp\htdocs\ProyectoDaw\public\index.php(79): CodeIgniter\CodeIgniter->run()
#10 {main}
ERROR - 2024-12-27 08:18:09 --> mysqli_sql_exception: Operand should contain 1 column(s) in C:\xampp\htdocs\ProyectoDaw\system\Database\MySQLi\Connection.php:306
Stack trace:
#0 C:\xampp\htdocs\ProyectoDaw\system\Database\MySQLi\Connection.php(306): mysqli->query('INSERT INTO `pu...', 0)
#1 C:\xampp\htdocs\ProyectoDaw\system\Database\BaseConnection.php(693): CodeIgniter\Database\MySQLi\Connection->execute('INSERT INTO `pu...')
#2 C:\xampp\htdocs\ProyectoDaw\system\Database\BaseConnection.php(607): CodeIgniter\Database\BaseConnection->simpleQuery('INSERT INTO `pu...')
#3 C:\xampp\htdocs\ProyectoDaw\system\Database\BaseBuilder.php(2307): CodeIgniter\Database\BaseConnection->query('INSERT INTO `pu...', Array, false)
#4 C:\xampp\htdocs\ProyectoDaw\app\Models\DataBaseHandler.php(612): CodeIgniter\Database\BaseBuilder->insert(Array)
#5 C:\xampp\htdocs\ProyectoDaw\app\Controllers\Home.php(405): App\models\DataBaseHandler->jls_upload_participant_scores('2', '8', '41', Array)
#6 C:\xampp\htdocs\ProyectoDaw\system\CodeIgniter.php(943): App\Controllers\Home->upload_participant_scores('2', '8', '41')
#7 C:\xampp\htdocs\ProyectoDaw\system\CodeIgniter.php(503): CodeIgniter\CodeIgniter->runController(Object(App\Controllers\Home))
#8 C:\xampp\htdocs\ProyectoDaw\system\CodeIgniter.php(361): CodeIgniter\CodeIgniter->handleRequest(NULL, Object(Config\Cache), false)
#9 C:\xampp\htdocs\ProyectoDaw\public\index.php(79): CodeIgniter\CodeIgniter->run()
#10 {main}
ERROR - 2024-12-27 08:18:09 --> mysqli_sql_exception: Operand should contain 1 column(s) in C:\xampp\htdocs\ProyectoDaw\system\Database\MySQLi\Connection.php:306
Stack trace:
#0 C:\xampp\htdocs\ProyectoDaw\system\Database\MySQLi\Connection.php(306): mysqli->query('INSERT INTO `pu...', 0)
#1 C:\xampp\htdocs\ProyectoDaw\system\Database\BaseConnection.php(693): CodeIgniter\Database\MySQLi\Connection->execute('INSERT INTO `pu...')
#2 C:\xampp\htdocs\ProyectoDaw\system\Database\BaseConnection.php(607): CodeIgniter\Database\BaseConnection->simpleQuery('INSERT INTO `pu...')
#3 C:\xampp\htdocs\ProyectoDaw\system\Database\BaseBuilder.php(2307): CodeIgniter\Database\BaseConnection->query('INSERT INTO `pu...', Array, false)
#4 C:\xampp\htdocs\ProyectoDaw\app\Models\DataBaseHandler.php(612): CodeIgniter\Database\BaseBuilder->insert(Array)
#5 C:\xampp\htdocs\ProyectoDaw\app\Controllers\Home.php(405): App\models\DataBaseHandler->jls_upload_participant_scores('2', '8', '41', Array)
#6 C:\xampp\htdocs\ProyectoDaw\system\CodeIgniter.php(943): App\Controllers\Home->upload_participant_scores('2', '8', '41')
#7 C:\xampp\htdocs\ProyectoDaw\system\CodeIgniter.php(503): CodeIgniter\CodeIgniter->runController(Object(App\Controllers\Home))
#8 C:\xampp\htdocs\ProyectoDaw\system\CodeIgniter.php(361): CodeIgniter\CodeIgniter->handleRequest(NULL, Object(Config\Cache), false)
#9 C:\xampp\htdocs\ProyectoDaw\public\index.php(79): CodeIgniter\CodeIgniter->run()
#10 {main}
ERROR - 2024-12-27 08:18:09 --> mysqli_sql_exception: Operand should contain 1 column(s) in C:\xampp\htdocs\ProyectoDaw\system\Database\MySQLi\Connection.php:306
Stack trace:
#0 C:\xampp\htdocs\ProyectoDaw\system\Database\MySQLi\Connection.php(306): mysqli->query('INSERT INTO `pu...', 0)
#1 C:\xampp\htdocs\ProyectoDaw\system\Database\BaseConnection.php(693): CodeIgniter\Database\MySQLi\Connection->execute('INSERT INTO `pu...')
#2 C:\xampp\htdocs\ProyectoDaw\system\Database\BaseConnection.php(607): CodeIgniter\Database\BaseConnection->simpleQuery('INSERT INTO `pu...')
#3 C:\xampp\htdocs\ProyectoDaw\system\Database\BaseBuilder.php(2307): CodeIgniter\Database\BaseConnection->query('INSERT INTO `pu...', Array, false)
#4 C:\xampp\htdocs\ProyectoDaw\app\Models\DataBaseHandler.php(612): CodeIgniter\Database\BaseBuilder->insert(Array)
#5 C:\xampp\htdocs\ProyectoDaw\app\Controllers\Home.php(405): App\models\DataBaseHandler->jls_upload_participant_scores('2', '8', '41', Array)
#6 C:\xampp\htdocs\ProyectoDaw\system\CodeIgniter.php(943): App\Controllers\Home->upload_participant_scores('2', '8', '41')
#7 C:\xampp\htdocs\ProyectoDaw\system\CodeIgniter.php(503): CodeIgniter\CodeIgniter->runController(Object(App\Controllers\Home))
#8 C:\xampp\htdocs\ProyectoDaw\system\CodeIgniter.php(361): CodeIgniter\CodeIgniter->handleRequest(NULL, Object(Config\Cache), false)
#9 C:\xampp\htdocs\ProyectoDaw\public\index.php(79): CodeIgniter\CodeIgniter->run()
#10 {main}
ERROR - 2024-12-27 08:18:09 --> Error al insertar puntuaciones
INFO - 2024-12-27 08:20:53 --> Session: Class initialized using 'CodeIgniter\Session\Handlers\FileHandler' driver.
INFO - 2024-12-27 08:22:48 --> Session: Class initialized using 'CodeIgniter\Session\Handlers\FileHandler' driver.
INFO - 2024-12-27 08:23:02 --> Session: Class initialized using 'CodeIgniter\Session\Handlers\FileHandler' driver.
INFO - 2024-12-27 08:23:13 --> Session: Class initialized using 'CodeIgniter\Session\Handlers\FileHandler' driver.
ERROR - 2024-12-27 08:23:31 --> mysqli_sql_exception: Cannot add or update a child row: a foreign key constraint fails (`jumpstyle_league_db`.`puntuaciones`, CONSTRAINT `participante_puntuacion` FOREIGN KEY (`id_participante`) REFERENCES `inscripciones` (`id_usuario`) ON DELETE CASCADE ON UPDATE CASCADE) in C:\xampp\htdocs\ProyectoDaw\system\Database\MySQLi\Connection.php:306
Stack trace:
#0 C:\xampp\htdocs\ProyectoDaw\system\Database\MySQLi\Connection.php(306): mysqli->query('INSERT INTO `pu...', 0)
#1 C:\xampp\htdocs\ProyectoDaw\system\Database\BaseConnection.php(693): CodeIgniter\Database\MySQLi\Connection->execute('INSERT INTO `pu...')
#2 C:\xampp\htdocs\ProyectoDaw\system\Database\BaseConnection.php(607): CodeIgniter\Database\BaseConnection->simpleQuery('INSERT INTO `pu...')
#3 C:\xampp\htdocs\ProyectoDaw\system\Database\BaseBuilder.php(2307): CodeIgniter\Database\BaseConnection->query('INSERT INTO `pu...', Array, false)
#4 C:\xampp\htdocs\ProyectoDaw\app\Models\DataBaseHandler.php(612): CodeIgniter\Database\BaseBuilder->insert(Array)
#5 C:\xampp\htdocs\ProyectoDaw\app\Controllers\Home.php(410): App\models\DataBaseHandler->jls_upload_participant_scores('2', '8', '41', Array)
#6 C:\xampp\htdocs\ProyectoDaw\system\CodeIgniter.php(943): App\Controllers\Home->upload_participant_scores('2', '8', '41')
#7 C:\xampp\htdocs\ProyectoDaw\system\CodeIgniter.php(503): CodeIgniter\CodeIgniter->runController(Object(App\Controllers\Home))
#8 C:\xampp\htdocs\ProyectoDaw\system\CodeIgniter.php(361): CodeIgniter\CodeIgniter->handleRequest(NULL, Object(Config\Cache), false)
#9 C:\xampp\htdocs\ProyectoDaw\public\index.php(79): CodeIgniter\CodeIgniter->run()
#10 {main}
ERROR - 2024-12-27 08:23:31 --> mysqli_sql_exception: Cannot add or update a child row: a foreign key constraint fails (`jumpstyle_league_db`.`puntuaciones`, CONSTRAINT `participante_puntuacion` FOREIGN KEY (`id_participante`) REFERENCES `inscripciones` (`id_usuario`) ON DELETE CASCADE ON UPDATE CASCADE) in C:\xampp\htdocs\ProyectoDaw\system\Database\MySQLi\Connection.php:306
Stack trace:
#0 C:\xampp\htdocs\ProyectoDaw\system\Database\MySQLi\Connection.php(306): mysqli->query('INSERT INTO `pu...', 0)
#1 C:\xampp\htdocs\ProyectoDaw\system\Database\BaseConnection.php(693): CodeIgniter\Database\MySQLi\Connection->execute('INSERT INTO `pu...')
#2 C:\xampp\htdocs\ProyectoDaw\system\Database\BaseConnection.php(607): CodeIgniter\Database\BaseConnection->simpleQuery('INSERT INTO `pu...')
#3 C:\xampp\htdocs\ProyectoDaw\system\Database\BaseBuilder.php(2307): CodeIgniter\Database\BaseConnection->query('INSERT INTO `pu...', Array, false)
#4 C:\xampp\htdocs\ProyectoDaw\app\Models\DataBaseHandler.php(612): CodeIgniter\Database\BaseBuilder->insert(Array)
#5 C:\xampp\htdocs\ProyectoDaw\app\Controllers\Home.php(410): App\models\DataBaseHandler->jls_upload_participant_scores('2', '8', '41', Array)
#6 C:\xampp\htdocs\ProyectoDaw\system\CodeIgniter.php(943): App\Controllers\Home->upload_participant_scores('2', '8', '41')
#7 C:\xampp\htdocs\ProyectoDaw\system\CodeIgniter.php(503): CodeIgniter\CodeIgniter->runController(Object(App\Controllers\Home))
#8 C:\xampp\htdocs\ProyectoDaw\system\CodeIgniter.php(361): CodeIgniter\CodeIgniter->handleRequest(NULL, Object(Config\Cache), false)
#9 C:\xampp\htdocs\ProyectoDaw\public\index.php(79): CodeIgniter\CodeIgniter->run()
#10 {main}
ERROR - 2024-12-27 08:23:31 --> mysqli_sql_exception: Cannot add or update a child row: a foreign key constraint fails (`jumpstyle_league_db`.`puntuaciones`, CONSTRAINT `participante_puntuacion` FOREIGN KEY (`id_participante`) REFERENCES `inscripciones` (`id_usuario`) ON DELETE CASCADE ON UPDATE CASCADE) in C:\xampp\htdocs\ProyectoDaw\system\Database\MySQLi\Connection.php:306
Stack trace:
#0 C:\xampp\htdocs\ProyectoDaw\system\Database\MySQLi\Connection.php(306): mysqli->query('INSERT INTO `pu...', 0)
#1 C:\xampp\htdocs\ProyectoDaw\system\Database\BaseConnection.php(693): CodeIgniter\Database\MySQLi\Connection->execute('INSERT INTO `pu...')
#2 C:\xampp\htdocs\ProyectoDaw\system\Database\BaseConnection.php(607): CodeIgniter\Database\BaseConnection->simpleQuery('INSERT INTO `pu...')
#3 C:\xampp\htdocs\ProyectoDaw\system\Database\BaseBuilder.php(2307): CodeIgniter\Database\BaseConnection->query('INSERT INTO `pu...', Array, false)
#4 C:\xampp\htdocs\ProyectoDaw\app\Models\DataBaseHandler.php(612): CodeIgniter\Database\BaseBuilder->insert(Array)
#5 C:\xampp\htdocs\ProyectoDaw\app\Controllers\Home.php(410): App\models\DataBaseHandler->jls_upload_participant_scores('2', '8', '41', Array)
#6 C:\xampp\htdocs\ProyectoDaw\system\CodeIgniter.php(943): App\Controllers\Home->upload_participant_scores('2', '8', '41')
#7 C:\xampp\htdocs\ProyectoDaw\system\CodeIgniter.php(503): CodeIgniter\CodeIgniter->runController(Object(App\Controllers\Home))
#8 C:\xampp\htdocs\ProyectoDaw\system\CodeIgniter.php(361): CodeIgniter\CodeIgniter->handleRequest(NULL, Object(Config\Cache), false)
#9 C:\xampp\htdocs\ProyectoDaw\public\index.php(79): CodeIgniter\CodeIgniter->run()
#10 {main}
ERROR - 2024-12-27 08:23:31 --> mysqli_sql_exception: Cannot add or update a child row: a foreign key constraint fails (`jumpstyle_league_db`.`puntuaciones`, CONSTRAINT `participante_puntuacion` FOREIGN KEY (`id_participante`) REFERENCES `inscripciones` (`id_usuario`) ON DELETE CASCADE ON UPDATE CASCADE) in C:\xampp\htdocs\ProyectoDaw\system\Database\MySQLi\Connection.php:306
Stack trace:
#0 C:\xampp\htdocs\ProyectoDaw\system\Database\MySQLi\Connection.php(306): mysqli->query('INSERT INTO `pu...', 0)
#1 C:\xampp\htdocs\ProyectoDaw\system\Database\BaseConnection.php(693): CodeIgniter\Database\MySQLi\Connection->execute('INSERT INTO `pu...')
#2 C:\xampp\htdocs\ProyectoDaw\system\Database\BaseConnection.php(607): CodeIgniter\Database\BaseConnection->simpleQuery('INSERT INTO `pu...')
#3 C:\xampp\htdocs\ProyectoDaw\system\Database\BaseBuilder.php(2307): CodeIgniter\Database\BaseConnection->query('INSERT INTO `pu...', Array, false)
#4 C:\xampp\htdocs\ProyectoDaw\app\Models\DataBaseHandler.php(612): CodeIgniter\Database\BaseBuilder->insert(Array)
#5 C:\xampp\htdocs\ProyectoDaw\app\Controllers\Home.php(410): App\models\DataBaseHandler->jls_upload_participant_scores('2', '8', '41', Array)
#6 C:\xampp\htdocs\ProyectoDaw\system\CodeIgniter.php(943): App\Controllers\Home->upload_participant_scores('2', '8', '41')
#7 C:\xampp\htdocs\ProyectoDaw\system\CodeIgniter.php(503): CodeIgniter\CodeIgniter->runController(Object(App\Controllers\Home))
#8 C:\xampp\htdocs\ProyectoDaw\system\CodeIgniter.php(361): CodeIgniter\CodeIgniter->handleRequest(NULL, Object(Config\Cache), false)
#9 C:\xampp\htdocs\ProyectoDaw\public\index.php(79): CodeIgniter\CodeIgniter->run()
#10 {main}
ERROR - 2024-12-27 08:23:31 --> Error al insertar puntuaciones
INFO - 2024-12-27 08:24:57 --> Session: Class initialized using 'CodeIgniter\Session\Handlers\FileHandler' driver.
ERROR - 2024-12-27 08:25:05 --> mysqli_sql_exception: Cannot add or update a child row: a foreign key constraint fails (`jumpstyle_league_db`.`puntuaciones`, CONSTRAINT `participante_puntuacion` FOREIGN KEY (`id_participante`) REFERENCES `inscripciones` (`id_usuario`) ON DELETE CASCADE ON UPDATE CASCADE) in C:\xampp\htdocs\ProyectoDaw\system\Database\MySQLi\Connection.php:306
Stack trace:
#0 C:\xampp\htdocs\ProyectoDaw\system\Database\MySQLi\Connection.php(306): mysqli->query('INSERT INTO `pu...', 0)
#1 C:\xampp\htdocs\ProyectoDaw\system\Database\BaseConnection.php(693): CodeIgniter\Database\MySQLi\Connection->execute('INSERT INTO `pu...')
#2 C:\xampp\htdocs\ProyectoDaw\system\Database\BaseConnection.php(607): CodeIgniter\Database\BaseConnection->simpleQuery('INSERT INTO `pu...')
#3 C:\xampp\htdocs\ProyectoDaw\system\Database\BaseBuilder.php(2307): CodeIgniter\Database\BaseConnection->query('INSERT INTO `pu...', Array, false)
#4 C:\xampp\htdocs\ProyectoDaw\app\Models\DataBaseHandler.php(612): CodeIgniter\Database\BaseBuilder->insert(Array)
#5 C:\xampp\htdocs\ProyectoDaw\app\Controllers\Home.php(410): App\models\DataBaseHandler->jls_upload_participant_scores('2', '8', '41', Array)
#6 C:\xampp\htdocs\ProyectoDaw\system\CodeIgniter.php(943): App\Controllers\Home->upload_participant_scores('2', '8', '41')
#7 C:\xampp\htdocs\ProyectoDaw\system\CodeIgniter.php(503): CodeIgniter\CodeIgniter->runController(Object(App\Controllers\Home))
#8 C:\xampp\htdocs\ProyectoDaw\system\CodeIgniter.php(361): CodeIgniter\CodeIgniter->handleRequest(NULL, Object(Config\Cache), false)
#9 C:\xampp\htdocs\ProyectoDaw\public\index.php(79): CodeIgniter\CodeIgniter->run()
#10 {main}
ERROR - 2024-12-27 08:25:05 --> mysqli_sql_exception: Cannot add or update a child row: a foreign key constraint fails (`jumpstyle_league_db`.`puntuaciones`, CONSTRAINT `participante_puntuacion` FOREIGN KEY (`id_participante`) REFERENCES `inscripciones` (`id_usuario`) ON DELETE CASCADE ON UPDATE CASCADE) in C:\xampp\htdocs\ProyectoDaw\system\Database\MySQLi\Connection.php:306
Stack trace:
#0 C:\xampp\htdocs\ProyectoDaw\system\Database\MySQLi\Connection.php(306): mysqli->query('INSERT INTO `pu...', 0)
#1 C:\xampp\htdocs\ProyectoDaw\system\Database\BaseConnection.php(693): CodeIgniter\Database\MySQLi\Connection->execute('INSERT INTO `pu...')
#2 C:\xampp\htdocs\ProyectoDaw\system\Database\BaseConnection.php(607): CodeIgniter\Database\BaseConnection->simpleQuery('INSERT INTO `pu...')
#3 C:\xampp\htdocs\ProyectoDaw\system\Database\BaseBuilder.php(2307): CodeIgniter\Database\BaseConnection->query('INSERT INTO `pu...', Array, false)
#4 C:\xampp\htdocs\ProyectoDaw\app\Models\DataBaseHandler.php(612): CodeIgniter\Database\BaseBuilder->insert(Array)
#5 C:\xampp\htdocs\ProyectoDaw\app\Controllers\Home.php(410): App\models\DataBaseHandler->jls_upload_participant_scores('2', '8', '41', Array)
#6 C:\xampp\htdocs\ProyectoDaw\system\CodeIgniter.php(943): App\Controllers\Home->upload_participant_scores('2', '8', '41')
#7 C:\xampp\htdocs\ProyectoDaw\system\CodeIgniter.php(503): CodeIgniter\CodeIgniter->runController(Object(App\Controllers\Home))
#8 C:\xampp\htdocs\ProyectoDaw\system\CodeIgniter.php(361): CodeIgniter\CodeIgniter->handleRequest(NULL, Object(Config\Cache), false)
#9 C:\xampp\htdocs\ProyectoDaw\public\index.php(79): CodeIgniter\CodeIgniter->run()
#10 {main}
ERROR - 2024-12-27 08:25:05 --> mysqli_sql_exception: Cannot add or update a child row: a foreign key constraint fails (`jumpstyle_league_db`.`puntuaciones`, CONSTRAINT `participante_puntuacion` FOREIGN KEY (`id_participante`) REFERENCES `inscripciones` (`id_usuario`) ON DELETE CASCADE ON UPDATE CASCADE) in C:\xampp\htdocs\ProyectoDaw\system\Database\MySQLi\Connection.php:306
Stack trace:
#0 C:\xampp\htdocs\ProyectoDaw\system\Database\MySQLi\Connection.php(306): mysqli->query('INSERT INTO `pu...', 0)
#1 C:\xampp\htdocs\ProyectoDaw\system\Database\BaseConnection.php(693): CodeIgniter\Database\MySQLi\Connection->execute('INSERT INTO `pu...')
#2 C:\xampp\htdocs\ProyectoDaw\system\Database\BaseConnection.php(607): CodeIgniter\Database\BaseConnection->simpleQuery('INSERT INTO `pu...')
#3 C:\xampp\htdocs\ProyectoDaw\system\Database\BaseBuilder.php(2307): CodeIgniter\Database\BaseConnection->query('INSERT INTO `pu...', Array, false)
#4 C:\xampp\htdocs\ProyectoDaw\app\Models\DataBaseHandler.php(612): CodeIgniter\Database\BaseBuilder->insert(Array)
#5 C:\xampp\htdocs\ProyectoDaw\app\Controllers\Home.php(410): App\models\DataBaseHandler->jls_upload_participant_scores('2', '8', '41', Array)
#6 C:\xampp\htdocs\ProyectoDaw\system\CodeIgniter.php(943): App\Controllers\Home->upload_participant_scores('2', '8', '41')
#7 C:\xampp\htdocs\ProyectoDaw\system\CodeIgniter.php(503): CodeIgniter\CodeIgniter->runController(Object(App\Controllers\Home))
#8 C:\xampp\htdocs\ProyectoDaw\system\CodeIgniter.php(361): CodeIgniter\CodeIgniter->handleRequest(NULL, Object(Config\Cache), false)
#9 C:\xampp\htdocs\ProyectoDaw\public\index.php(79): CodeIgniter\CodeIgniter->run()
#10 {main}
ERROR - 2024-12-27 08:25:05 --> mysqli_sql_exception: Cannot add or update a child row: a foreign key constraint fails (`jumpstyle_league_db`.`puntuaciones`, CONSTRAINT `participante_puntuacion` FOREIGN KEY (`id_participante`) REFERENCES `inscripciones` (`id_usuario`) ON DELETE CASCADE ON UPDATE CASCADE) in C:\xampp\htdocs\ProyectoDaw\system\Database\MySQLi\Connection.php:306
Stack trace:
#0 C:\xampp\htdocs\ProyectoDaw\system\Database\MySQLi\Connection.php(306): mysqli->query('INSERT INTO `pu...', 0)
#1 C:\xampp\htdocs\ProyectoDaw\system\Database\BaseConnection.php(693): CodeIgniter\Database\MySQLi\Connection->execute('INSERT INTO `pu...')
#2 C:\xampp\htdocs\ProyectoDaw\system\Database\BaseConnection.php(607): CodeIgniter\Database\BaseConnection->simpleQuery('INSERT INTO `pu...')
#3 C:\xampp\htdocs\ProyectoDaw\system\Database\BaseBuilder.php(2307): CodeIgniter\Database\BaseConnection->query('INSERT INTO `pu...', Array, false)
#4 C:\xampp\htdocs\ProyectoDaw\app\Models\DataBaseHandler.php(612): CodeIgniter\Database\BaseBuilder->insert(Array)
#5 C:\xampp\htdocs\ProyectoDaw\app\Controllers\Home.php(410): App\models\DataBaseHandler->jls_upload_participant_scores('2', '8', '41', Array)
#6 C:\xampp\htdocs\ProyectoDaw\system\CodeIgniter.php(943): App\Controllers\Home->upload_participant_scores('2', '8', '41')
#7 C:\xampp\htdocs\ProyectoDaw\system\CodeIgniter.php(503): CodeIgniter\CodeIgniter->runController(Object(App\Controllers\Home))
#8 C:\xampp\htdocs\ProyectoDaw\system\CodeIgniter.php(361): CodeIgniter\CodeIgniter->handleRequest(NULL, Object(Config\Cache), false)
#9 C:\xampp\htdocs\ProyectoDaw\public\index.php(79): CodeIgniter\CodeIgniter->run()
#10 {main}
ERROR - 2024-12-27 08:25:05 --> Error al insertar puntuaciones
INFO - 2024-12-27 08:29:24 --> Session: Class initialized using 'CodeIgniter\Session\Handlers\FileHandler' driver.
INFO - 2024-12-27 08:37:53 --> Session: Class initialized using 'CodeIgniter\Session\Handlers\FileHandler' driver.
INFO - 2024-12-27 08:44:21 --> Session: Class initialized using 'CodeIgniter\Session\Handlers\FileHandler' driver.
INFO - 2024-12-27 09:30:43 --> Session: Class initialized using 'CodeIgniter\Session\Handlers\FileHandler' driver.
CRITICAL - 2024-12-27 09:30:47 --> ParseError: syntax error, unexpected variable "$builder"
in APPPATH\Models\DataBaseHandler.php on line 646.
 1 SYSTEMPATH\Autoloader\Autoloader.php(290): CodeIgniter\Autoloader\Autoloader->includeFile('C:\\xampp\\htdocs\\ProyectoDaw\\app\\models\\DataBaseHandler.php')
 2 SYSTEMPATH\Autoloader\Autoloader.php(266): CodeIgniter\Autoloader\Autoloader->loadInNamespace('App\\models\\DataBaseHandler')
 3 APPPATH\Controllers\Home.php(165): CodeIgniter\Autoloader\Autoloader->loadClass('App\\models\\DataBaseHandler')
 4 SYSTEMPATH\CodeIgniter.php(943): App\Controllers\Home->get_tournaments()
 5 SYSTEMPATH\CodeIgniter.php(503): CodeIgniter\CodeIgniter->runController(Object(App\Controllers\Home))
 6 SYSTEMPATH\CodeIgniter.php(361): CodeIgniter\CodeIgniter->handleRequest(null, Object(Config\Cache), false)
 7 FCPATH\index.php(79): CodeIgniter\CodeIgniter->run()
INFO - 2024-12-27 09:31:13 --> Session: Class initialized using 'CodeIgniter\Session\Handlers\FileHandler' driver.
CRITICAL - 2024-12-27 09:31:16 --> ParseError: syntax error, unexpected variable "$builder"
in APPPATH\Models\DataBaseHandler.php on line 646.
 1 SYSTEMPATH\Autoloader\Autoloader.php(290): CodeIgniter\Autoloader\Autoloader->includeFile('C:\\xampp\\htdocs\\ProyectoDaw\\app\\models\\DataBaseHandler.php')
 2 SYSTEMPATH\Autoloader\Autoloader.php(266): CodeIgniter\Autoloader\Autoloader->loadInNamespace('App\\models\\DataBaseHandler')
 3 APPPATH\Controllers\Home.php(165): CodeIgniter\Autoloader\Autoloader->loadClass('App\\models\\DataBaseHandler')
 4 SYSTEMPATH\CodeIgniter.php(943): App\Controllers\Home->get_tournaments()
 5 SYSTEMPATH\CodeIgniter.php(503): CodeIgniter\CodeIgniter->runController(Object(App\Controllers\Home))
 6 SYSTEMPATH\CodeIgniter.php(361): CodeIgniter\CodeIgniter->handleRequest(null, Object(Config\Cache), false)
 7 FCPATH\index.php(79): CodeIgniter\CodeIgniter->run()
CRITICAL - 2024-12-27 09:31:27 --> ParseError: syntax error, unexpected variable "$builder"
in APPPATH\Models\DataBaseHandler.php on line 646.
 1 SYSTEMPATH\Autoloader\Autoloader.php(290): CodeIgniter\Autoloader\Autoloader->includeFile('C:\\xampp\\htdocs\\ProyectoDaw\\app\\models\\DataBaseHandler.php')
 2 SYSTEMPATH\Autoloader\Autoloader.php(266): CodeIgniter\Autoloader\Autoloader->loadInNamespace('App\\models\\DataBaseHandler')
 3 APPPATH\Controllers\Home.php(165): CodeIgniter\Autoloader\Autoloader->loadClass('App\\models\\DataBaseHandler')
 4 SYSTEMPATH\CodeIgniter.php(943): App\Controllers\Home->get_tournaments()
 5 SYSTEMPATH\CodeIgniter.php(503): CodeIgniter\CodeIgniter->runController(Object(App\Controllers\Home))
 6 SYSTEMPATH\CodeIgniter.php(361): CodeIgniter\CodeIgniter->handleRequest(null, Object(Config\Cache), false)
 7 FCPATH\index.php(79): CodeIgniter\CodeIgniter->run()
INFO - 2024-12-27 09:32:14 --> Session: Class initialized using 'CodeIgniter\Session\Handlers\FileHandler' driver.
INFO - 2024-12-27 09:32:39 --> Session: Class initialized using 'CodeIgniter\Session\Handlers\FileHandler' driver.
INFO - 2024-12-27 10:20:42 --> Session: Class initialized using 'CodeIgniter\Session\Handlers\FileHandler' driver.
INFO - 2024-12-27 10:22:36 --> Session: Class initialized using 'CodeIgniter\Session\Handlers\FileHandler' driver.
CRITICAL - 2024-12-27 10:22:48 --> ErrorException: Undefined variable $response
in APPPATH\Controllers\Home.php on line 423.
 1 APPPATH\Controllers\Home.php(423): CodeIgniter\Debug\Exceptions->errorHandler(2, 'Undefined variable $response', 'C:\\xampp\\htdocs\\ProyectoDaw\\app\\Controllers\\Home.php', 423)
 2 SYSTEMPATH\CodeIgniter.php(943): App\Controllers\Home->upload_participant_scores('2', '8', '41')
 3 SYSTEMPATH\CodeIgniter.php(503): CodeIgniter\CodeIgniter->runController(Object(App\Controllers\Home))
 4 SYSTEMPATH\CodeIgniter.php(361): CodeIgniter\CodeIgniter->handleRequest(null, Object(Config\Cache), false)
 5 FCPATH\index.php(79): CodeIgniter\CodeIgniter->run()
INFO - 2024-12-27 10:24:46 --> Session: Class initialized using 'CodeIgniter\Session\Handlers\FileHandler' driver.
CRITICAL - 2024-12-27 10:24:52 --> ErrorException: Undefined variable $response
in APPPATH\Controllers\Home.php on line 423.
 1 APPPATH\Controllers\Home.php(423): CodeIgniter\Debug\Exceptions->errorHandler(2, 'Undefined variable $response', 'C:\\xampp\\htdocs\\ProyectoDaw\\app\\Controllers\\Home.php', 423)
 2 SYSTEMPATH\CodeIgniter.php(943): App\Controllers\Home->upload_participant_scores('2', '8', '41')
 3 SYSTEMPATH\CodeIgniter.php(503): CodeIgniter\CodeIgniter->runController(Object(App\Controllers\Home))
 4 SYSTEMPATH\CodeIgniter.php(361): CodeIgniter\CodeIgniter->handleRequest(null, Object(Config\Cache), false)
 5 FCPATH\index.php(79): CodeIgniter\CodeIgniter->run()
INFO - 2024-12-27 10:26:39 --> Session: Class initialized using 'CodeIgniter\Session\Handlers\FileHandler' driver.
INFO - 2024-12-27 10:27:42 --> Session: Class initialized using 'CodeIgniter\Session\Handlers\FileHandler' driver.
CRITICAL - 2024-12-27 10:27:52 --> ErrorException: Undefined variable $response
in APPPATH\Controllers\Home.php on line 423.
 1 APPPATH\Controllers\Home.php(423): CodeIgniter\Debug\Exceptions->errorHandler(2, 'Undefined variable $response', 'C:\\xampp\\htdocs\\ProyectoDaw\\app\\Controllers\\Home.php', 423)
 2 SYSTEMPATH\CodeIgniter.php(943): App\Controllers\Home->upload_participant_scores('2', '8', '41')
 3 SYSTEMPATH\CodeIgniter.php(503): CodeIgniter\CodeIgniter->runController(Object(App\Controllers\Home))
 4 SYSTEMPATH\CodeIgniter.php(361): CodeIgniter\CodeIgniter->handleRequest(null, Object(Config\Cache), false)
 5 FCPATH\index.php(79): CodeIgniter\CodeIgniter->run()
ERROR - 2024-12-27 10:29:27 --> mysqli_sql_exception: Column 'id_participante2' cannot be null in C:\xampp\htdocs\ProyectoDaw\system\Database\MySQLi\Connection.php:306
Stack trace:
#0 C:\xampp\htdocs\ProyectoDaw\system\Database\MySQLi\Connection.php(306): mysqli->query('INSERT INTO `ro...', 0)
#1 C:\xampp\htdocs\ProyectoDaw\system\Database\BaseConnection.php(693): CodeIgniter\Database\MySQLi\Connection->execute('INSERT INTO `ro...')
#2 C:\xampp\htdocs\ProyectoDaw\system\Database\BaseConnection.php(607): CodeIgniter\Database\BaseConnection->simpleQuery('INSERT INTO `ro...')
#3 C:\xampp\htdocs\ProyectoDaw\system\Database\BaseBuilder.php(2307): CodeIgniter\Database\BaseConnection->query('INSERT INTO `ro...', Array, false)
#4 C:\xampp\htdocs\ProyectoDaw\app\Models\DataBaseHandler.php(722): CodeIgniter\Database\BaseBuilder->insert(Array)
#5 C:\xampp\htdocs\ProyectoDaw\app\Controllers\Home.php(412): App\models\DataBaseHandler->add_next_round('2', '8', '42')
#6 C:\xampp\htdocs\ProyectoDaw\system\CodeIgniter.php(943): App\Controllers\Home->upload_participant_scores('2', '8', '42')
#7 C:\xampp\htdocs\ProyectoDaw\system\CodeIgniter.php(503): CodeIgniter\CodeIgniter->runController(Object(App\Controllers\Home))
#8 C:\xampp\htdocs\ProyectoDaw\system\CodeIgniter.php(361): CodeIgniter\CodeIgniter->handleRequest(NULL, Object(Config\Cache), false)
#9 C:\xampp\htdocs\ProyectoDaw\public\index.php(79): CodeIgniter\CodeIgniter->run()
#10 {main}
CRITICAL - 2024-12-27 10:29:27 --> CodeIgniter\Database\Exceptions\DatabaseException: Column 'id_participante2' cannot be null
in SYSTEMPATH\Database\BaseConnection.php on line 647.
 1 SYSTEMPATH\Database\BaseBuilder.php(2307): CodeIgniter\Database\BaseConnection->query('INSERT INTO `rondas` (`id_torneo`, `id_participante1`, `id_participante2`, `id_tipo_ronda`, `posicion_enfrentamiento`) VALUES (:id_torneo:, :id_participante1:, :id_participante2:, :id_tipo_ronda:, :posicion_enfrentamiento:)', [...], false)
 2 APPPATH\Models\DataBaseHandler.php(722): CodeIgniter\Database\BaseBuilder->insert([...])
 3 APPPATH\Controllers\Home.php(412): App\models\DataBaseHandler->add_next_round('2', '8', '42')
 4 SYSTEMPATH\CodeIgniter.php(943): App\Controllers\Home->upload_participant_scores('2', '8', '42')
 5 SYSTEMPATH\CodeIgniter.php(503): CodeIgniter\CodeIgniter->runController(Object(App\Controllers\Home))
 6 SYSTEMPATH\CodeIgniter.php(361): CodeIgniter\CodeIgniter->handleRequest(null, Object(Config\Cache), false)
 7 FCPATH\index.php(79): CodeIgniter\CodeIgniter->run()
CRITICAL - 2024-12-27 10:29:27 --> [Caused by] CodeIgniter\Database\Exceptions\DatabaseException: Column 'id_participante2' cannot be null
in SYSTEMPATH\Database\MySQLi\Connection.php on line 311.
 1 SYSTEMPATH\Database\BaseConnection.php(693): CodeIgniter\Database\MySQLi\Connection->execute('INSERT INTO `rondas` (`id_torneo`, `id_participante1`, `id_participante2`, `id_tipo_ronda`, `posicion_enfrentamiento`) VALUES (\'2\', \'42\', NULL, 2, 1)')
 2 SYSTEMPATH\Database\BaseConnection.php(607): CodeIgniter\Database\BaseConnection->simpleQuery('INSERT INTO `rondas` (`id_torneo`, `id_participante1`, `id_participante2`, `id_tipo_ronda`, `posicion_enfrentamiento`) VALUES (\'2\', \'42\', NULL, 2, 1)')
 3 SYSTEMPATH\Database\BaseBuilder.php(2307): CodeIgniter\Database\BaseConnection->query('INSERT INTO `rondas` (`id_torneo`, `id_participante1`, `id_participante2`, `id_tipo_ronda`, `posicion_enfrentamiento`) VALUES (:id_torneo:, :id_participante1:, :id_participante2:, :id_tipo_ronda:, :posicion_enfrentamiento:)', [...], false)
 4 APPPATH\Models\DataBaseHandler.php(722): CodeIgniter\Database\BaseBuilder->insert([...])
 5 APPPATH\Controllers\Home.php(412): App\models\DataBaseHandler->add_next_round('2', '8', '42')
 6 SYSTEMPATH\CodeIgniter.php(943): App\Controllers\Home->upload_participant_scores('2', '8', '42')
 7 SYSTEMPATH\CodeIgniter.php(503): CodeIgniter\CodeIgniter->runController(Object(App\Controllers\Home))
 8 SYSTEMPATH\CodeIgniter.php(361): CodeIgniter\CodeIgniter->handleRequest(null, Object(Config\Cache), false)
 9 FCPATH\index.php(79): CodeIgniter\CodeIgniter->run()
CRITICAL - 2024-12-27 10:29:27 --> [Caused by] mysqli_sql_exception: Column 'id_participante2' cannot be null
in SYSTEMPATH\Database\MySQLi\Connection.php on line 306.
 1 SYSTEMPATH\Database\MySQLi\Connection.php(306): mysqli->query('INSERT INTO `rondas` (`id_torneo`, `id_participante1`, `id_participante2`, `id_tipo_ronda`, `posicion_enfrentamiento`) VALUES (\'2\', \'42\', NULL, 2, 1)', 0)
 2 SYSTEMPATH\Database\BaseConnection.php(693): CodeIgniter\Database\MySQLi\Connection->execute('INSERT INTO `rondas` (`id_torneo`, `id_participante1`, `id_participante2`, `id_tipo_ronda`, `posicion_enfrentamiento`) VALUES (\'2\', \'42\', NULL, 2, 1)')
 3 SYSTEMPATH\Database\BaseConnection.php(607): CodeIgniter\Database\BaseConnection->simpleQuery('INSERT INTO `rondas` (`id_torneo`, `id_participante1`, `id_participante2`, `id_tipo_ronda`, `posicion_enfrentamiento`) VALUES (\'2\', \'42\', NULL, 2, 1)')
 4 SYSTEMPATH\Database\BaseBuilder.php(2307): CodeIgniter\Database\BaseConnection->query('INSERT INTO `rondas` (`id_torneo`, `id_participante1`, `id_participante2`, `id_tipo_ronda`, `posicion_enfrentamiento`) VALUES (:id_torneo:, :id_participante1:, :id_participante2:, :id_tipo_ronda:, :posicion_enfrentamiento:)', [...], false)
 5 APPPATH\Models\DataBaseHandler.php(722): CodeIgniter\Database\BaseBuilder->insert([...])
 6 APPPATH\Controllers\Home.php(412): App\models\DataBaseHandler->add_next_round('2', '8', '42')
 7 SYSTEMPATH\CodeIgniter.php(943): App\Controllers\Home->upload_participant_scores('2', '8', '42')
 8 SYSTEMPATH\CodeIgniter.php(503): CodeIgniter\CodeIgniter->runController(Object(App\Controllers\Home))
 9 SYSTEMPATH\CodeIgniter.php(361): CodeIgniter\CodeIgniter->handleRequest(null, Object(Config\Cache), false)
10 FCPATH\index.php(79): CodeIgniter\CodeIgniter->run()
INFO - 2024-12-27 10:29:33 --> Session: Class initialized using 'CodeIgniter\Session\Handlers\FileHandler' driver.
INFO - 2024-12-27 10:35:42 --> Session: Class initialized using 'CodeIgniter\Session\Handlers\FileHandler' driver.
CRITICAL - 2024-12-27 10:36:47 --> ErrorException: Undefined variable $response
in APPPATH\Controllers\Home.php on line 423.
 1 APPPATH\Controllers\Home.php(423): CodeIgniter\Debug\Exceptions->errorHandler(2, 'Undefined variable $response', 'C:\\xampp\\htdocs\\ProyectoDaw\\app\\Controllers\\Home.php', 423)
 2 SYSTEMPATH\CodeIgniter.php(943): App\Controllers\Home->upload_participant_scores('2', '9', '38')
 3 SYSTEMPATH\CodeIgniter.php(503): CodeIgniter\CodeIgniter->runController(Object(App\Controllers\Home))
 4 SYSTEMPATH\CodeIgniter.php(361): CodeIgniter\CodeIgniter->handleRequest(null, Object(Config\Cache), false)
 5 FCPATH\index.php(79): CodeIgniter\CodeIgniter->run()
ERROR - 2024-12-27 10:36:57 --> mysqli_sql_exception: Column 'id_participante2' cannot be null in C:\xampp\htdocs\ProyectoDaw\system\Database\MySQLi\Connection.php:306
Stack trace:
#0 C:\xampp\htdocs\ProyectoDaw\system\Database\MySQLi\Connection.php(306): mysqli->query('INSERT INTO `ro...', 0)
#1 C:\xampp\htdocs\ProyectoDaw\system\Database\BaseConnection.php(693): CodeIgniter\Database\MySQLi\Connection->execute('INSERT INTO `ro...')
#2 C:\xampp\htdocs\ProyectoDaw\system\Database\BaseConnection.php(607): CodeIgniter\Database\BaseConnection->simpleQuery('INSERT INTO `ro...')
#3 C:\xampp\htdocs\ProyectoDaw\system\Database\BaseBuilder.php(2307): CodeIgniter\Database\BaseConnection->query('INSERT INTO `ro...', Array, false)
#4 C:\xampp\htdocs\ProyectoDaw\app\Models\DataBaseHandler.php(722): CodeIgniter\Database\BaseBuilder->insert(Array)
#5 C:\xampp\htdocs\ProyectoDaw\app\Controllers\Home.php(412): App\models\DataBaseHandler->add_next_round('2', '9', '39')
#6 C:\xampp\htdocs\ProyectoDaw\system\CodeIgniter.php(943): App\Controllers\Home->upload_participant_scores('2', '9', '39')
#7 C:\xampp\htdocs\ProyectoDaw\system\CodeIgniter.php(503): CodeIgniter\CodeIgniter->runController(Object(App\Controllers\Home))
#8 C:\xampp\htdocs\ProyectoDaw\system\CodeIgniter.php(361): CodeIgniter\CodeIgniter->handleRequest(NULL, Object(Config\Cache), false)
#9 C:\xampp\htdocs\ProyectoDaw\public\index.php(79): CodeIgniter\CodeIgniter->run()
#10 {main}
CRITICAL - 2024-12-27 10:36:57 --> CodeIgniter\Database\Exceptions\DatabaseException: Column 'id_participante2' cannot be null
in SYSTEMPATH\Database\BaseConnection.php on line 647.
 1 SYSTEMPATH\Database\BaseBuilder.php(2307): CodeIgniter\Database\BaseConnection->query('INSERT INTO `rondas` (`id_torneo`, `id_participante1`, `id_participante2`, `id_tipo_ronda`, `posicion_enfrentamiento`) VALUES (:id_torneo:, :id_participante1:, :id_participante2:, :id_tipo_ronda:, :posicion_enfrentamiento:)', [...], false)
 2 APPPATH\Models\DataBaseHandler.php(722): CodeIgniter\Database\BaseBuilder->insert([...])
 3 APPPATH\Controllers\Home.php(412): App\models\DataBaseHandler->add_next_round('2', '9', '39')
 4 SYSTEMPATH\CodeIgniter.php(943): App\Controllers\Home->upload_participant_scores('2', '9', '39')
 5 SYSTEMPATH\CodeIgniter.php(503): CodeIgniter\CodeIgniter->runController(Object(App\Controllers\Home))
 6 SYSTEMPATH\CodeIgniter.php(361): CodeIgniter\CodeIgniter->handleRequest(null, Object(Config\Cache), false)
 7 FCPATH\index.php(79): CodeIgniter\CodeIgniter->run()
CRITICAL - 2024-12-27 10:36:57 --> [Caused by] CodeIgniter\Database\Exceptions\DatabaseException: Column 'id_participante2' cannot be null
in SYSTEMPATH\Database\MySQLi\Connection.php on line 311.
 1 SYSTEMPATH\Database\BaseConnection.php(693): CodeIgniter\Database\MySQLi\Connection->execute('INSERT INTO `rondas` (`id_torneo`, `id_participante1`, `id_participante2`, `id_tipo_ronda`, `posicion_enfrentamiento`) VALUES (\'2\', \'39\', NULL, 2, 1)')
 2 SYSTEMPATH\Database\BaseConnection.php(607): CodeIgniter\Database\BaseConnection->simpleQuery('INSERT INTO `rondas` (`id_torneo`, `id_participante1`, `id_participante2`, `id_tipo_ronda`, `posicion_enfrentamiento`) VALUES (\'2\', \'39\', NULL, 2, 1)')
 3 SYSTEMPATH\Database\BaseBuilder.php(2307): CodeIgniter\Database\BaseConnection->query('INSERT INTO `rondas` (`id_torneo`, `id_participante1`, `id_participante2`, `id_tipo_ronda`, `posicion_enfrentamiento`) VALUES (:id_torneo:, :id_participante1:, :id_participante2:, :id_tipo_ronda:, :posicion_enfrentamiento:)', [...], false)
 4 APPPATH\Models\DataBaseHandler.php(722): CodeIgniter\Database\BaseBuilder->insert([...])
 5 APPPATH\Controllers\Home.php(412): App\models\DataBaseHandler->add_next_round('2', '9', '39')
 6 SYSTEMPATH\CodeIgniter.php(943): App\Controllers\Home->upload_participant_scores('2', '9', '39')
 7 SYSTEMPATH\CodeIgniter.php(503): CodeIgniter\CodeIgniter->runController(Object(App\Controllers\Home))
 8 SYSTEMPATH\CodeIgniter.php(361): CodeIgniter\CodeIgniter->handleRequest(null, Object(Config\Cache), false)
 9 FCPATH\index.php(79): CodeIgniter\CodeIgniter->run()
CRITICAL - 2024-12-27 10:36:57 --> [Caused by] mysqli_sql_exception: Column 'id_participante2' cannot be null
in SYSTEMPATH\Database\MySQLi\Connection.php on line 306.
 1 SYSTEMPATH\Database\MySQLi\Connection.php(306): mysqli->query('INSERT INTO `rondas` (`id_torneo`, `id_participante1`, `id_participante2`, `id_tipo_ronda`, `posicion_enfrentamiento`) VALUES (\'2\', \'39\', NULL, 2, 1)', 0)
 2 SYSTEMPATH\Database\BaseConnection.php(693): CodeIgniter\Database\MySQLi\Connection->execute('INSERT INTO `rondas` (`id_torneo`, `id_participante1`, `id_participante2`, `id_tipo_ronda`, `posicion_enfrentamiento`) VALUES (\'2\', \'39\', NULL, 2, 1)')
 3 SYSTEMPATH\Database\BaseConnection.php(607): CodeIgniter\Database\BaseConnection->simpleQuery('INSERT INTO `rondas` (`id_torneo`, `id_participante1`, `id_participante2`, `id_tipo_ronda`, `posicion_enfrentamiento`) VALUES (\'2\', \'39\', NULL, 2, 1)')
 4 SYSTEMPATH\Database\BaseBuilder.php(2307): CodeIgniter\Database\BaseConnection->query('INSERT INTO `rondas` (`id_torneo`, `id_participante1`, `id_participante2`, `id_tipo_ronda`, `posicion_enfrentamiento`) VALUES (:id_torneo:, :id_participante1:, :id_participante2:, :id_tipo_ronda:, :posicion_enfrentamiento:)', [...], false)
 5 APPPATH\Models\DataBaseHandler.php(722): CodeIgniter\Database\BaseBuilder->insert([...])
 6 APPPATH\Controllers\Home.php(412): App\models\DataBaseHandler->add_next_round('2', '9', '39')
 7 SYSTEMPATH\CodeIgniter.php(943): App\Controllers\Home->upload_participant_scores('2', '9', '39')
 8 SYSTEMPATH\CodeIgniter.php(503): CodeIgniter\CodeIgniter->runController(Object(App\Controllers\Home))
 9 SYSTEMPATH\CodeIgniter.php(361): CodeIgniter\CodeIgniter->handleRequest(null, Object(Config\Cache), false)
10 FCPATH\index.php(79): CodeIgniter\CodeIgniter->run()
INFO - 2024-12-27 10:39:02 --> Session: Class initialized using 'CodeIgniter\Session\Handlers\FileHandler' driver.
INFO - 2024-12-27 10:40:32 --> Session: Class initialized using 'CodeIgniter\Session\Handlers\FileHandler' driver.
CRITICAL - 2024-12-27 10:41:37 --> ErrorException: Undefined variable $response
in APPPATH\Controllers\Home.php on line 423.
 1 APPPATH\Controllers\Home.php(423): CodeIgniter\Debug\Exceptions->errorHandler(2, 'Undefined variable $response', 'C:\\xampp\\htdocs\\ProyectoDaw\\app\\Controllers\\Home.php', 423)
 2 SYSTEMPATH\CodeIgniter.php(943): App\Controllers\Home->upload_participant_scores('2', '11', '44')
 3 SYSTEMPATH\CodeIgniter.php(503): CodeIgniter\CodeIgniter->runController(Object(App\Controllers\Home))
 4 SYSTEMPATH\CodeIgniter.php(361): CodeIgniter\CodeIgniter->handleRequest(null, Object(Config\Cache), false)
 5 FCPATH\index.php(79): CodeIgniter\CodeIgniter->run()
INFO - 2024-12-27 10:51:20 --> Session: Class initialized using 'CodeIgniter\Session\Handlers\FileHandler' driver.
ERROR - 2024-12-27 10:51:32 --> mysqli_sql_exception: Column 'id_participante2' cannot be null in C:\xampp\htdocs\ProyectoDaw\system\Database\MySQLi\Connection.php:306
Stack trace:
#0 C:\xampp\htdocs\ProyectoDaw\system\Database\MySQLi\Connection.php(306): mysqli->query('INSERT INTO `ro...', 0)
#1 C:\xampp\htdocs\ProyectoDaw\system\Database\BaseConnection.php(693): CodeIgniter\Database\MySQLi\Connection->execute('INSERT INTO `ro...')
#2 C:\xampp\htdocs\ProyectoDaw\system\Database\BaseConnection.php(607): CodeIgniter\Database\BaseConnection->simpleQuery('INSERT INTO `ro...')
#3 C:\xampp\htdocs\ProyectoDaw\system\Database\BaseBuilder.php(2307): CodeIgniter\Database\BaseConnection->query('INSERT INTO `ro...', Array, false)
#4 C:\xampp\htdocs\ProyectoDaw\app\Models\DataBaseHandler.php(722): CodeIgniter\Database\BaseBuilder->insert(Array)
#5 C:\xampp\htdocs\ProyectoDaw\app\Controllers\Home.php(412): App\models\DataBaseHandler->add_next_round('2', '11', '45')
#6 C:\xampp\htdocs\ProyectoDaw\system\CodeIgniter.php(943): App\Controllers\Home->upload_participant_scores('2', '11', '45')
#7 C:\xampp\htdocs\ProyectoDaw\system\CodeIgniter.php(503): CodeIgniter\CodeIgniter->runController(Object(App\Controllers\Home))
#8 C:\xampp\htdocs\ProyectoDaw\system\CodeIgniter.php(361): CodeIgniter\CodeIgniter->handleRequest(NULL, Object(Config\Cache), false)
#9 C:\xampp\htdocs\ProyectoDaw\public\index.php(79): CodeIgniter\CodeIgniter->run()
#10 {main}
CRITICAL - 2024-12-27 10:51:32 --> CodeIgniter\Database\Exceptions\DatabaseException: Column 'id_participante2' cannot be null
in SYSTEMPATH\Database\BaseConnection.php on line 647.
 1 SYSTEMPATH\Database\BaseBuilder.php(2307): CodeIgniter\Database\BaseConnection->query('INSERT INTO `rondas` (`id_torneo`, `id_participante1`, `id_participante2`, `id_tipo_ronda`, `posicion_enfrentamiento`) VALUES (:id_torneo:, :id_participante1:, :id_participante2:, :id_tipo_ronda:, :posicion_enfrentamiento:)', [...], false)
 2 APPPATH\Models\DataBaseHandler.php(722): CodeIgniter\Database\BaseBuilder->insert([...])
 3 APPPATH\Controllers\Home.php(412): App\models\DataBaseHandler->add_next_round('2', '11', '45')
 4 SYSTEMPATH\CodeIgniter.php(943): App\Controllers\Home->upload_participant_scores('2', '11', '45')
 5 SYSTEMPATH\CodeIgniter.php(503): CodeIgniter\CodeIgniter->runController(Object(App\Controllers\Home))
 6 SYSTEMPATH\CodeIgniter.php(361): CodeIgniter\CodeIgniter->handleRequest(null, Object(Config\Cache), false)
 7 FCPATH\index.php(79): CodeIgniter\CodeIgniter->run()
CRITICAL - 2024-12-27 10:51:32 --> [Caused by] CodeIgniter\Database\Exceptions\DatabaseException: Column 'id_participante2' cannot be null
in SYSTEMPATH\Database\MySQLi\Connection.php on line 311.
 1 SYSTEMPATH\Database\BaseConnection.php(693): CodeIgniter\Database\MySQLi\Connection->execute('INSERT INTO `rondas` (`id_torneo`, `id_participante1`, `id_participante2`, `id_tipo_ronda`, `posicion_enfrentamiento`) VALUES (\'2\', \'45\', NULL, 2, 2)')
 2 SYSTEMPATH\Database\BaseConnection.php(607): CodeIgniter\Database\BaseConnection->simpleQuery('INSERT INTO `rondas` (`id_torneo`, `id_participante1`, `id_participante2`, `id_tipo_ronda`, `posicion_enfrentamiento`) VALUES (\'2\', \'45\', NULL, 2, 2)')
 3 SYSTEMPATH\Database\BaseBuilder.php(2307): CodeIgniter\Database\BaseConnection->query('INSERT INTO `rondas` (`id_torneo`, `id_participante1`, `id_participante2`, `id_tipo_ronda`, `posicion_enfrentamiento`) VALUES (:id_torneo:, :id_participante1:, :id_participante2:, :id_tipo_ronda:, :posicion_enfrentamiento:)', [...], false)
 4 APPPATH\Models\DataBaseHandler.php(722): CodeIgniter\Database\BaseBuilder->insert([...])
 5 APPPATH\Controllers\Home.php(412): App\models\DataBaseHandler->add_next_round('2', '11', '45')
 6 SYSTEMPATH\CodeIgniter.php(943): App\Controllers\Home->upload_participant_scores('2', '11', '45')
 7 SYSTEMPATH\CodeIgniter.php(503): CodeIgniter\CodeIgniter->runController(Object(App\Controllers\Home))
 8 SYSTEMPATH\CodeIgniter.php(361): CodeIgniter\CodeIgniter->handleRequest(null, Object(Config\Cache), false)
 9 FCPATH\index.php(79): CodeIgniter\CodeIgniter->run()
CRITICAL - 2024-12-27 10:51:32 --> [Caused by] mysqli_sql_exception: Column 'id_participante2' cannot be null
in SYSTEMPATH\Database\MySQLi\Connection.php on line 306.
 1 SYSTEMPATH\Database\MySQLi\Connection.php(306): mysqli->query('INSERT INTO `rondas` (`id_torneo`, `id_participante1`, `id_participante2`, `id_tipo_ronda`, `posicion_enfrentamiento`) VALUES (\'2\', \'45\', NULL, 2, 2)', 0)
 2 SYSTEMPATH\Database\BaseConnection.php(693): CodeIgniter\Database\MySQLi\Connection->execute('INSERT INTO `rondas` (`id_torneo`, `id_participante1`, `id_participante2`, `id_tipo_ronda`, `posicion_enfrentamiento`) VALUES (\'2\', \'45\', NULL, 2, 2)')
 3 SYSTEMPATH\Database\BaseConnection.php(607): CodeIgniter\Database\BaseConnection->simpleQuery('INSERT INTO `rondas` (`id_torneo`, `id_participante1`, `id_participante2`, `id_tipo_ronda`, `posicion_enfrentamiento`) VALUES (\'2\', \'45\', NULL, 2, 2)')
 4 SYSTEMPATH\Database\BaseBuilder.php(2307): CodeIgniter\Database\BaseConnection->query('INSERT INTO `rondas` (`id_torneo`, `id_participante1`, `id_participante2`, `id_tipo_ronda`, `posicion_enfrentamiento`) VALUES (:id_torneo:, :id_participante1:, :id_participante2:, :id_tipo_ronda:, :posicion_enfrentamiento:)', [...], false)
 5 APPPATH\Models\DataBaseHandler.php(722): CodeIgniter\Database\BaseBuilder->insert([...])
 6 APPPATH\Controllers\Home.php(412): App\models\DataBaseHandler->add_next_round('2', '11', '45')
 7 SYSTEMPATH\CodeIgniter.php(943): App\Controllers\Home->upload_participant_scores('2', '11', '45')
 8 SYSTEMPATH\CodeIgniter.php(503): CodeIgniter\CodeIgniter->runController(Object(App\Controllers\Home))
 9 SYSTEMPATH\CodeIgniter.php(361): CodeIgniter\CodeIgniter->handleRequest(null, Object(Config\Cache), false)
10 FCPATH\index.php(79): CodeIgniter\CodeIgniter->run()
INFO - 2024-12-27 10:53:17 --> Session: Class initialized using 'CodeIgniter\Session\Handlers\FileHandler' driver.
CRITICAL - 2024-12-27 10:53:27 --> ErrorException: Undefined variable $response
in APPPATH\Controllers\Home.php on line 423.
 1 APPPATH\Controllers\Home.php(423): CodeIgniter\Debug\Exceptions->errorHandler(2, 'Undefined variable $response', 'C:\\xampp\\htdocs\\ProyectoDaw\\app\\Controllers\\Home.php', 423)
 2 SYSTEMPATH\CodeIgniter.php(943): App\Controllers\Home->upload_participant_scores('2', '10', '40')
 3 SYSTEMPATH\CodeIgniter.php(503): CodeIgniter\CodeIgniter->runController(Object(App\Controllers\Home))
 4 SYSTEMPATH\CodeIgniter.php(361): CodeIgniter\CodeIgniter->handleRequest(null, Object(Config\Cache), false)
 5 FCPATH\index.php(79): CodeIgniter\CodeIgniter->run()
CRITICAL - 2024-12-27 10:53:35 --> ErrorException: Undefined variable $response
in APPPATH\Controllers\Home.php on line 423.
 1 APPPATH\Controllers\Home.php(423): CodeIgniter\Debug\Exceptions->errorHandler(2, 'Undefined variable $response', 'C:\\xampp\\htdocs\\ProyectoDaw\\app\\Controllers\\Home.php', 423)
 2 SYSTEMPATH\CodeIgniter.php(943): App\Controllers\Home->upload_participant_scores('2', '10', '43')
 3 SYSTEMPATH\CodeIgniter.php(503): CodeIgniter\CodeIgniter->runController(Object(App\Controllers\Home))
 4 SYSTEMPATH\CodeIgniter.php(361): CodeIgniter\CodeIgniter->handleRequest(null, Object(Config\Cache), false)
 5 FCPATH\index.php(79): CodeIgniter\CodeIgniter->run()
INFO - 2024-12-27 10:58:14 --> Session: Class initialized using 'CodeIgniter\Session\Handlers\FileHandler' driver.
INFO - 2024-12-27 10:59:04 --> Session: Class initialized using 'CodeIgniter\Session\Handlers\FileHandler' driver.
INFO - 2024-12-27 11:00:28 --> Session: Class initialized using 'CodeIgniter\Session\Handlers\FileHandler' driver.
INFO - 2024-12-27 11:02:31 --> Session: Class initialized using 'CodeIgniter\Session\Handlers\FileHandler' driver.
INFO - 2024-12-27 11:03:21 --> Session: Class initialized using 'CodeIgniter\Session\Handlers\FileHandler' driver.
INFO - 2024-12-27 11:03:32 --> Session: Class initialized using 'CodeIgniter\Session\Handlers\FileHandler' driver.
INFO - 2024-12-27 11:11:15 --> Session: Class initialized using 'CodeIgniter\Session\Handlers\FileHandler' driver.
CRITICAL - 2024-12-27 11:11:28 --> ErrorException: Undefined variable $response
in APPPATH\Controllers\Home.php on line 428.
 1 APPPATH\Controllers\Home.php(428): CodeIgniter\Debug\Exceptions->errorHandler(2, 'Undefined variable $response', 'C:\\xampp\\htdocs\\ProyectoDaw\\app\\Controllers\\Home.php', 428)
 2 SYSTEMPATH\CodeIgniter.php(943): App\Controllers\Home->upload_participant_scores('2', '8', '41')
 3 SYSTEMPATH\CodeIgniter.php(503): CodeIgniter\CodeIgniter->runController(Object(App\Controllers\Home))
 4 SYSTEMPATH\CodeIgniter.php(361): CodeIgniter\CodeIgniter->handleRequest(null, Object(Config\Cache), false)
 5 FCPATH\index.php(79): CodeIgniter\CodeIgniter->run()
INFO - 2024-12-27 11:13:50 --> Session: Class initialized using 'CodeIgniter\Session\Handlers\FileHandler' driver.
CRITICAL - 2024-12-27 11:18:12 --> ErrorException: Undefined variable $response
in APPPATH\Controllers\Home.php on line 428.
 1 APPPATH\Controllers\Home.php(428): CodeIgniter\Debug\Exceptions->errorHandler(2, 'Undefined variable $response', 'C:\\xampp\\htdocs\\ProyectoDaw\\app\\Controllers\\Home.php', 428)
 2 SYSTEMPATH\CodeIgniter.php(943): App\Controllers\Home->upload_participant_scores('2', '9', '38')
 3 SYSTEMPATH\CodeIgniter.php(503): CodeIgniter\CodeIgniter->runController(Object(App\Controllers\Home))
 4 SYSTEMPATH\CodeIgniter.php(361): CodeIgniter\CodeIgniter->handleRequest(null, Object(Config\Cache), false)
 5 FCPATH\index.php(79): CodeIgniter\CodeIgniter->run()
INFO - 2024-12-27 11:20:29 --> Session: Class initialized using 'CodeIgniter\Session\Handlers\FileHandler' driver.
CRITICAL - 2024-12-27 11:20:36 --> ErrorException: Undefined variable $response
in APPPATH\Controllers\Home.php on line 434.
 1 APPPATH\Controllers\Home.php(434): CodeIgniter\Debug\Exceptions->errorHandler(2, 'Undefined variable $response', 'C:\\xampp\\htdocs\\ProyectoDaw\\app\\Controllers\\Home.php', 434)
 2 SYSTEMPATH\CodeIgniter.php(943): App\Controllers\Home->upload_participant_scores('2', '11', '44')
 3 SYSTEMPATH\CodeIgniter.php(503): CodeIgniter\CodeIgniter->runController(Object(App\Controllers\Home))
 4 SYSTEMPATH\CodeIgniter.php(361): CodeIgniter\CodeIgniter->handleRequest(null, Object(Config\Cache), false)
 5 FCPATH\index.php(79): CodeIgniter\CodeIgniter->run()
INFO - 2024-12-27 11:22:19 --> Session: Class initialized using 'CodeIgniter\Session\Handlers\FileHandler' driver.
INFO - 2024-12-27 11:23:14 --> Session: Class initialized using 'CodeIgniter\Session\Handlers\FileHandler' driver.
CRITICAL - 2024-12-27 11:23:24 --> ErrorException: Undefined variable $response
in APPPATH\Controllers\Home.php on line 434.
 1 APPPATH\Controllers\Home.php(434): CodeIgniter\Debug\Exceptions->errorHandler(2, 'Undefined variable $response', 'C:\\xampp\\htdocs\\ProyectoDaw\\app\\Controllers\\Home.php', 434)
 2 SYSTEMPATH\CodeIgniter.php(943): App\Controllers\Home->upload_participant_scores('2', '10', '40')
 3 SYSTEMPATH\CodeIgniter.php(503): CodeIgniter\CodeIgniter->runController(Object(App\Controllers\Home))
 4 SYSTEMPATH\CodeIgniter.php(361): CodeIgniter\CodeIgniter->handleRequest(null, Object(Config\Cache), false)
 5 FCPATH\index.php(79): CodeIgniter\CodeIgniter->run()
INFO - 2024-12-27 11:40:14 --> Session: Class initialized using 'CodeIgniter\Session\Handlers\FileHandler' driver.
INFO - 2024-12-27 11:41:33 --> Session: Class initialized using 'CodeIgniter\Session\Handlers\FileHandler' driver.
CRITICAL - 2024-12-27 11:41:40 --> ErrorException: Undefined variable $response
in APPPATH\Controllers\Home.php on line 429.
 1 APPPATH\Controllers\Home.php(429): CodeIgniter\Debug\Exceptions->errorHandler(2, 'Undefined variable $response', 'C:\\xampp\\htdocs\\ProyectoDaw\\app\\Controllers\\Home.php', 429)
 2 SYSTEMPATH\CodeIgniter.php(943): App\Controllers\Home->upload_participant_scores('2', '8', '41')
 3 SYSTEMPATH\CodeIgniter.php(503): CodeIgniter\CodeIgniter->runController(Object(App\Controllers\Home))
 4 SYSTEMPATH\CodeIgniter.php(361): CodeIgniter\CodeIgniter->handleRequest(null, Object(Config\Cache), false)
 5 FCPATH\index.php(79): CodeIgniter\CodeIgniter->run()
INFO - 2024-12-27 11:43:45 --> Session: Class initialized using 'CodeIgniter\Session\Handlers\FileHandler' driver.
CRITICAL - 2024-12-27 11:43:52 --> ErrorException: Undefined variable $response
in APPPATH\Controllers\Home.php on line 429.
 1 APPPATH\Controllers\Home.php(429): CodeIgniter\Debug\Exceptions->errorHandler(2, 'Undefined variable $response', 'C:\\xampp\\htdocs\\ProyectoDaw\\app\\Controllers\\Home.php', 429)
 2 SYSTEMPATH\CodeIgniter.php(943): App\Controllers\Home->upload_participant_scores('2', '9', '38')
 3 SYSTEMPATH\CodeIgniter.php(503): CodeIgniter\CodeIgniter->runController(Object(App\Controllers\Home))
 4 SYSTEMPATH\CodeIgniter.php(361): CodeIgniter\CodeIgniter->handleRequest(null, Object(Config\Cache), false)
 5 FCPATH\index.php(79): CodeIgniter\CodeIgniter->run()
INFO - 2024-12-27 11:45:52 --> Session: Class initialized using 'CodeIgniter\Session\Handlers\FileHandler' driver.
INFO - 2024-12-27 17:04:29 --> Session: Class initialized using 'CodeIgniter\Session\Handlers\FileHandler' driver.
INFO - 2024-12-27 17:28:38 --> Session: Class initialized using 'CodeIgniter\Session\Handlers\FileHandler' driver.
CRITICAL - 2024-12-27 17:29:00 --> ErrorException: Undefined variable $response
in APPPATH\Controllers\Home.php on line 426.
 1 APPPATH\Controllers\Home.php(426): CodeIgniter\Debug\Exceptions->errorHandler(2, 'Undefined variable $response', 'C:\\xampp\\htdocs\\ProyectoDaw\\app\\Controllers\\Home.php', 426)
 2 SYSTEMPATH\CodeIgniter.php(943): App\Controllers\Home->upload_participant_scores('2', '8', '41')
 3 SYSTEMPATH\CodeIgniter.php(503): CodeIgniter\CodeIgniter->runController(Object(App\Controllers\Home))
 4 SYSTEMPATH\CodeIgniter.php(361): CodeIgniter\CodeIgniter->handleRequest(null, Object(Config\Cache), false)
 5 FCPATH\index.php(79): CodeIgniter\CodeIgniter->run()
INFO - 2024-12-27 17:41:51 --> Session: Class initialized using 'CodeIgniter\Session\Handlers\FileHandler' driver.
INFO - 2024-12-27 17:42:15 --> Session: Class initialized using 'CodeIgniter\Session\Handlers\FileHandler' driver.
INFO - 2024-12-27 17:42:51 --> Session: Class initialized using 'CodeIgniter\Session\Handlers\FileHandler' driver.
INFO - 2024-12-27 17:45:12 --> Session: Class initialized using 'CodeIgniter\Session\Handlers\FileHandler' driver.
INFO - 2024-12-27 17:46:46 --> Session: Class initialized using 'CodeIgniter\Session\Handlers\FileHandler' driver.
ERROR - 2024-12-27 17:46:56 --> mysqli_sql_exception: Column 'id_participante2' cannot be null in C:\xampp\htdocs\ProyectoDaw\system\Database\MySQLi\Connection.php:306
Stack trace:
#0 C:\xampp\htdocs\ProyectoDaw\system\Database\MySQLi\Connection.php(306): mysqli->query('INSERT INTO `ro...', 0)
#1 C:\xampp\htdocs\ProyectoDaw\system\Database\BaseConnection.php(693): CodeIgniter\Database\MySQLi\Connection->execute('INSERT INTO `ro...')
#2 C:\xampp\htdocs\ProyectoDaw\system\Database\BaseConnection.php(607): CodeIgniter\Database\BaseConnection->simpleQuery('INSERT INTO `ro...')
#3 C:\xampp\htdocs\ProyectoDaw\system\Database\BaseBuilder.php(2307): CodeIgniter\Database\BaseConnection->query('INSERT INTO `ro...', Array, false)
#4 C:\xampp\htdocs\ProyectoDaw\app\Models\DataBaseHandler.php(723): CodeIgniter\Database\BaseBuilder->insert(Array)
#5 C:\xampp\htdocs\ProyectoDaw\app\Controllers\Home.php(409): App\models\DataBaseHandler->add_next_round('2', '8', '42')
#6 C:\xampp\htdocs\ProyectoDaw\system\CodeIgniter.php(943): App\Controllers\Home->upload_participant_scores('2', '8', '42')
#7 C:\xampp\htdocs\ProyectoDaw\system\CodeIgniter.php(503): CodeIgniter\CodeIgniter->runController(Object(App\Controllers\Home))
#8 C:\xampp\htdocs\ProyectoDaw\system\CodeIgniter.php(361): CodeIgniter\CodeIgniter->handleRequest(NULL, Object(Config\Cache), false)
#9 C:\xampp\htdocs\ProyectoDaw\public\index.php(79): CodeIgniter\CodeIgniter->run()
#10 {main}
CRITICAL - 2024-12-27 17:46:56 --> CodeIgniter\Database\Exceptions\DatabaseException: Column 'id_participante2' cannot be null
in SYSTEMPATH\Database\BaseConnection.php on line 647.
 1 SYSTEMPATH\Database\BaseBuilder.php(2307): CodeIgniter\Database\BaseConnection->query('INSERT INTO `rondas` (`id_torneo`, `id_participante1`, `id_participante2`, `id_tipo_ronda`, `posicion_enfrentamiento`) VALUES (:id_torneo:, :id_participante1:, :id_participante2:, :id_tipo_ronda:, :posicion_enfrentamiento:)', [...], false)
 2 APPPATH\Models\DataBaseHandler.php(723): CodeIgniter\Database\BaseBuilder->insert([...])
 3 APPPATH\Controllers\Home.php(409): App\models\DataBaseHandler->add_next_round('2', '8', '42')
 4 SYSTEMPATH\CodeIgniter.php(943): App\Controllers\Home->upload_participant_scores('2', '8', '42')
 5 SYSTEMPATH\CodeIgniter.php(503): CodeIgniter\CodeIgniter->runController(Object(App\Controllers\Home))
 6 SYSTEMPATH\CodeIgniter.php(361): CodeIgniter\CodeIgniter->handleRequest(null, Object(Config\Cache), false)
 7 FCPATH\index.php(79): CodeIgniter\CodeIgniter->run()
CRITICAL - 2024-12-27 17:46:56 --> [Caused by] CodeIgniter\Database\Exceptions\DatabaseException: Column 'id_participante2' cannot be null
in SYSTEMPATH\Database\MySQLi\Connection.php on line 311.
 1 SYSTEMPATH\Database\BaseConnection.php(693): CodeIgniter\Database\MySQLi\Connection->execute('INSERT INTO `rondas` (`id_torneo`, `id_participante1`, `id_participante2`, `id_tipo_ronda`, `posicion_enfrentamiento`) VALUES (\'2\', \'42\', NULL, 2, 1)')
 2 SYSTEMPATH\Database\BaseConnection.php(607): CodeIgniter\Database\BaseConnection->simpleQuery('INSERT INTO `rondas` (`id_torneo`, `id_participante1`, `id_participante2`, `id_tipo_ronda`, `posicion_enfrentamiento`) VALUES (\'2\', \'42\', NULL, 2, 1)')
 3 SYSTEMPATH\Database\BaseBuilder.php(2307): CodeIgniter\Database\BaseConnection->query('INSERT INTO `rondas` (`id_torneo`, `id_participante1`, `id_participante2`, `id_tipo_ronda`, `posicion_enfrentamiento`) VALUES (:id_torneo:, :id_participante1:, :id_participante2:, :id_tipo_ronda:, :posicion_enfrentamiento:)', [...], false)
 4 APPPATH\Models\DataBaseHandler.php(723): CodeIgniter\Database\BaseBuilder->insert([...])
 5 APPPATH\Controllers\Home.php(409): App\models\DataBaseHandler->add_next_round('2', '8', '42')
 6 SYSTEMPATH\CodeIgniter.php(943): App\Controllers\Home->upload_participant_scores('2', '8', '42')
 7 SYSTEMPATH\CodeIgniter.php(503): CodeIgniter\CodeIgniter->runController(Object(App\Controllers\Home))
 8 SYSTEMPATH\CodeIgniter.php(361): CodeIgniter\CodeIgniter->handleRequest(null, Object(Config\Cache), false)
 9 FCPATH\index.php(79): CodeIgniter\CodeIgniter->run()
CRITICAL - 2024-12-27 17:46:56 --> [Caused by] mysqli_sql_exception: Column 'id_participante2' cannot be null
in SYSTEMPATH\Database\MySQLi\Connection.php on line 306.
 1 SYSTEMPATH\Database\MySQLi\Connection.php(306): mysqli->query('INSERT INTO `rondas` (`id_torneo`, `id_participante1`, `id_participante2`, `id_tipo_ronda`, `posicion_enfrentamiento`) VALUES (\'2\', \'42\', NULL, 2, 1)', 0)
 2 SYSTEMPATH\Database\BaseConnection.php(693): CodeIgniter\Database\MySQLi\Connection->execute('INSERT INTO `rondas` (`id_torneo`, `id_participante1`, `id_participante2`, `id_tipo_ronda`, `posicion_enfrentamiento`) VALUES (\'2\', \'42\', NULL, 2, 1)')
 3 SYSTEMPATH\Database\BaseConnection.php(607): CodeIgniter\Database\BaseConnection->simpleQuery('INSERT INTO `rondas` (`id_torneo`, `id_participante1`, `id_participante2`, `id_tipo_ronda`, `posicion_enfrentamiento`) VALUES (\'2\', \'42\', NULL, 2, 1)')
 4 SYSTEMPATH\Database\BaseBuilder.php(2307): CodeIgniter\Database\BaseConnection->query('INSERT INTO `rondas` (`id_torneo`, `id_participante1`, `id_participante2`, `id_tipo_ronda`, `posicion_enfrentamiento`) VALUES (:id_torneo:, :id_participante1:, :id_participante2:, :id_tipo_ronda:, :posicion_enfrentamiento:)', [...], false)
 5 APPPATH\Models\DataBaseHandler.php(723): CodeIgniter\Database\BaseBuilder->insert([...])
 6 APPPATH\Controllers\Home.php(409): App\models\DataBaseHandler->add_next_round('2', '8', '42')
 7 SYSTEMPATH\CodeIgniter.php(943): App\Controllers\Home->upload_participant_scores('2', '8', '42')
 8 SYSTEMPATH\CodeIgniter.php(503): CodeIgniter\CodeIgniter->runController(Object(App\Controllers\Home))
 9 SYSTEMPATH\CodeIgniter.php(361): CodeIgniter\CodeIgniter->handleRequest(null, Object(Config\Cache), false)
10 FCPATH\index.php(79): CodeIgniter\CodeIgniter->run()
INFO - 2024-12-27 17:50:33 --> Session: Class initialized using 'CodeIgniter\Session\Handlers\FileHandler' driver.
INFO - 2024-12-27 17:50:52 --> Session: Class initialized using 'CodeIgniter\Session\Handlers\FileHandler' driver.
INFO - 2024-12-27 17:51:55 --> Session: Class initialized using 'CodeIgniter\Session\Handlers\FileHandler' driver.
INFO - 2024-12-27 18:01:27 --> Session: Class initialized using 'CodeIgniter\Session\Handlers\FileHandler' driver.
INFO - 2024-12-27 18:01:55 --> Session: Class initialized using 'CodeIgniter\Session\Handlers\FileHandler' driver.
INFO - 2024-12-27 18:06:50 --> Session: Class initialized using 'CodeIgniter\Session\Handlers\FileHandler' driver.
INFO - 2024-12-27 18:13:17 --> Session: Class initialized using 'CodeIgniter\Session\Handlers\FileHandler' driver.
INFO - 2024-12-27 18:26:01 --> Session: Class initialized using 'CodeIgniter\Session\Handlers\FileHandler' driver.
INFO - 2024-12-27 18:40:48 --> Session: Class initialized using 'CodeIgniter\Session\Handlers\FileHandler' driver.
INFO - 2024-12-27 18:53:01 --> Session: Class initialized using 'CodeIgniter\Session\Handlers\FileHandler' driver.
INFO - 2024-12-27 18:55:37 --> Session: Class initialized using 'CodeIgniter\Session\Handlers\FileHandler' driver.
INFO - 2024-12-27 23:43:29 --> Session: Class initialized using 'CodeIgniter\Session\Handlers\FileHandler' driver.
INFO - 2024-12-27 23:56:14 --> Session: Class initialized using 'CodeIgniter\Session\Handlers\FileHandler' driver.
