INFO - 2024-06-05 11:56:42 --> Session: Class initialized using 'CodeIgniter\Session\Handlers\FileHandler' driver.
INFO - 2024-06-05 17:14:08 --> Session: Class initialized using 'CodeIgniter\Session\Handlers\FileHandler' driver.
INFO - 2024-06-05 17:22:31 --> Session: Class initialized using 'CodeIgniter\Session\Handlers\FileHandler' driver.
INFO - 2024-06-05 17:23:18 --> Session: Class initialized using 'CodeIgniter\Session\Handlers\FileHandler' driver.
INFO - 2024-06-05 17:23:33 --> Session: Class initialized using 'CodeIgniter\Session\Handlers\FileHandler' driver.
INFO - 2024-06-05 17:23:48 --> Session: Class initialized using 'CodeIgniter\Session\Handlers\FileHandler' driver.
INFO - 2024-06-05 17:23:59 --> Session: Class initialized using 'CodeIgniter\Session\Handlers\FileHandler' driver.
INFO - 2024-06-05 17:24:52 --> Session: Class initialized using 'CodeIgniter\Session\Handlers\FileHandler' driver.
CRITICAL - 2024-06-05 17:24:52 --> ErrorException: include_once(C:/xampp/htdocs/ProyectoDaw/app/Views/partials/.php): Failed to open stream: No such file or directory
in APPPATH\Views\layouts\index.php on line 5.
 1 APPPATH\Views\layouts\index.php(5): CodeIgniter\Debug\Exceptions->errorHandler(2, 'include_once(C:/xampp/htdocs/ProyectoDaw/app/Views/partials/.php): Failed to open stream: No such file or directory', 'C:\\xampp\\htdocs\\ProyectoDaw\\app\\Views\\layouts\\index.php', 5)
 2 APPPATH\Views\layouts\index.php(5): include_once()
 3 SYSTEMPATH\View\View.php(228): include('C:\\xampp\\htdocs\\ProyectoDaw\\app\\Views\\layouts\\index.php')
 4 SYSTEMPATH\View\View.php(231): CodeIgniter\View\View->CodeIgniter\View\{closure}()
 5 SYSTEMPATH\Common.php(1178): CodeIgniter\View\View->render('layouts/index', [], true)
 6 APPPATH\Controllers\Home.php(18): view('layouts/index', [...])
 7 SYSTEMPATH\CodeIgniter.php(943): App\Controllers\Home->index()
 8 SYSTEMPATH\CodeIgniter.php(503): CodeIgniter\CodeIgniter->runController(Object(App\Controllers\Home))
 9 SYSTEMPATH\CodeIgniter.php(361): CodeIgniter\CodeIgniter->handleRequest(null, Object(Config\Cache), false)
10 FCPATH\index.php(79): CodeIgniter\CodeIgniter->run()
INFO - 2024-06-05 17:25:02 --> Session: Class initialized using 'CodeIgniter\Session\Handlers\FileHandler' driver.
INFO - 2024-06-05 18:33:57 --> Session: Class initialized using 'CodeIgniter\Session\Handlers\FileHandler' driver.
INFO - 2024-06-05 20:40:10 --> Session: Class initialized using 'CodeIgniter\Session\Handlers\FileHandler' driver.
