INFO - 2024-04-18 20:09:19 --> Session: Class initialized using 'CodeIgniter\Session\Handlers\FileHandler' driver.
INFO - 2024-04-18 20:40:23 --> Session: Class initialized using 'CodeIgniter\Session\Handlers\FileHandler' driver.
INFO - 2024-04-18 21:03:22 --> Session: Class initialized using 'CodeIgniter\Session\Handlers\FileHandler' driver.
INFO - 2024-04-18 21:03:48 --> Session: Class initialized using 'CodeIgniter\Session\Handlers\FileHandler' driver.
CRITICAL - 2024-04-18 21:03:50 --> CodeIgniter\View\Exceptions\ViewException: Invalid file: "upload_tournament.php"
in SYSTEMPATH\Exceptions\FrameworkException.php on line 39.
 1 SYSTEMPATH\View\View.php(216): CodeIgniter\Exceptions\FrameworkException::forInvalidFile('upload_tournament.php')
 2 SYSTEMPATH\Common.php(1178): CodeIgniter\View\View->render('upload_tournament', [], true)
 3 APPPATH\Controllers\Home.php(71): view('upload_tournament')
 4 SYSTEMPATH\CodeIgniter.php(943): App\Controllers\Home->get_upload_tournament_page()
 5 SYSTEMPATH\CodeIgniter.php(503): CodeIgniter\CodeIgniter->runController(Object(App\Controllers\Home))
 6 SYSTEMPATH\CodeIgniter.php(361): CodeIgniter\CodeIgniter->handleRequest(null, Object(Config\Cache), false)
 7 FCPATH\index.php(79): CodeIgniter\CodeIgniter->run()
INFO - 2024-04-18 22:19:25 --> Session: Class initialized using 'CodeIgniter\Session\Handlers\FileHandler' driver.
INFO - 2024-04-18 22:19:43 --> Session: Class initialized using 'CodeIgniter\Session\Handlers\FileHandler' driver.
INFO - 2024-04-18 22:25:22 --> Session: Class initialized using 'CodeIgniter\Session\Handlers\FileHandler' driver.
INFO - 2024-04-18 22:28:12 --> Session: Class initialized using 'CodeIgniter\Session\Handlers\FileHandler' driver.
INFO - 2024-04-18 22:56:32 --> Session: Class initialized using 'CodeIgniter\Session\Handlers\FileHandler' driver.
CRITICAL - 2024-04-18 22:56:32 --> ErrorException: Undefined variable $tournaments
in APPPATH\Views\userIndex.php on line 65.
 1 APPPATH\Views\userIndex.php(65): CodeIgniter\Debug\Exceptions->errorHandler(2, 'Undefined variable $tournaments', 'C:\\xampp\\htdocs\\ProyectoDaw\\app\\Views\\userIndex.php', 65)
 2 SYSTEMPATH\View\View.php(228): include('C:\\xampp\\htdocs\\ProyectoDaw\\app\\Views\\userIndex.php')
 3 SYSTEMPATH\View\View.php(231): CodeIgniter\View\View->CodeIgniter\View\{closure}()
 4 SYSTEMPATH\Common.php(1178): CodeIgniter\View\View->render('userIndex', [], true)
 5 APPPATH\Controllers\Home.php(68): view('userIndex')
 6 SYSTEMPATH\CodeIgniter.php(943): App\Controllers\Home->check_login()
 7 SYSTEMPATH\CodeIgniter.php(503): CodeIgniter\CodeIgniter->runController(Object(App\Controllers\Home))
 8 SYSTEMPATH\CodeIgniter.php(361): CodeIgniter\CodeIgniter->handleRequest(null, Object(Config\Cache), false)
 9 FCPATH\index.php(79): CodeIgniter\CodeIgniter->run()
INFO - 2024-04-18 22:58:44 --> Session: Class initialized using 'CodeIgniter\Session\Handlers\FileHandler' driver.
CRITICAL - 2024-04-18 22:58:44 --> ErrorException: Undefined variable $tournaments
in APPPATH\Views\userIndex.php on line 65.
 1 APPPATH\Views\userIndex.php(65): CodeIgniter\Debug\Exceptions->errorHandler(2, 'Undefined variable $tournaments', 'C:\\xampp\\htdocs\\ProyectoDaw\\app\\Views\\userIndex.php', 65)
 2 SYSTEMPATH\View\View.php(228): include('C:\\xampp\\htdocs\\ProyectoDaw\\app\\Views\\userIndex.php')
 3 SYSTEMPATH\View\View.php(231): CodeIgniter\View\View->CodeIgniter\View\{closure}()
 4 SYSTEMPATH\Common.php(1178): CodeIgniter\View\View->render('userIndex', [], true)
 5 APPPATH\Controllers\Home.php(68): view('userIndex')
 6 SYSTEMPATH\CodeIgniter.php(943): App\Controllers\Home->check_login()
 7 SYSTEMPATH\CodeIgniter.php(503): CodeIgniter\CodeIgniter->runController(Object(App\Controllers\Home))
 8 SYSTEMPATH\CodeIgniter.php(361): CodeIgniter\CodeIgniter->handleRequest(null, Object(Config\Cache), false)
 9 FCPATH\index.php(79): CodeIgniter\CodeIgniter->run()
INFO - 2024-04-18 22:58:50 --> Session: Class initialized using 'CodeIgniter\Session\Handlers\FileHandler' driver.
CRITICAL - 2024-04-18 22:58:50 --> ErrorException: Undefined variable $tournaments
in APPPATH\Views\userIndex.php on line 65.
 1 APPPATH\Views\userIndex.php(65): CodeIgniter\Debug\Exceptions->errorHandler(2, 'Undefined variable $tournaments', 'C:\\xampp\\htdocs\\ProyectoDaw\\app\\Views\\userIndex.php', 65)
 2 SYSTEMPATH\View\View.php(228): include('C:\\xampp\\htdocs\\ProyectoDaw\\app\\Views\\userIndex.php')
 3 SYSTEMPATH\View\View.php(231): CodeIgniter\View\View->CodeIgniter\View\{closure}()
 4 SYSTEMPATH\Common.php(1178): CodeIgniter\View\View->render('userIndex', [], true)
 5 APPPATH\Controllers\Home.php(68): view('userIndex')
 6 SYSTEMPATH\CodeIgniter.php(943): App\Controllers\Home->check_login()
 7 SYSTEMPATH\CodeIgniter.php(503): CodeIgniter\CodeIgniter->runController(Object(App\Controllers\Home))
 8 SYSTEMPATH\CodeIgniter.php(361): CodeIgniter\CodeIgniter->handleRequest(null, Object(Config\Cache), false)
 9 FCPATH\index.php(79): CodeIgniter\CodeIgniter->run()
INFO - 2024-04-18 23:02:47 --> Session: Class initialized using 'CodeIgniter\Session\Handlers\FileHandler' driver.
CRITICAL - 2024-04-18 23:02:47 --> ErrorException: Undefined variable $tournaments
in APPPATH\Views\userIndex.php on line 65.
 1 APPPATH\Views\userIndex.php(65): CodeIgniter\Debug\Exceptions->errorHandler(2, 'Undefined variable $tournaments', 'C:\\xampp\\htdocs\\ProyectoDaw\\app\\Views\\userIndex.php', 65)
 2 SYSTEMPATH\View\View.php(228): include('C:\\xampp\\htdocs\\ProyectoDaw\\app\\Views\\userIndex.php')
 3 SYSTEMPATH\View\View.php(231): CodeIgniter\View\View->CodeIgniter\View\{closure}()
 4 SYSTEMPATH\Common.php(1178): CodeIgniter\View\View->render('userIndex', [], true)
 5 APPPATH\Controllers\Home.php(68): view('userIndex')
 6 SYSTEMPATH\CodeIgniter.php(943): App\Controllers\Home->check_login()
 7 SYSTEMPATH\CodeIgniter.php(503): CodeIgniter\CodeIgniter->runController(Object(App\Controllers\Home))
 8 SYSTEMPATH\CodeIgniter.php(361): CodeIgniter\CodeIgniter->handleRequest(null, Object(Config\Cache), false)
 9 FCPATH\index.php(79): CodeIgniter\CodeIgniter->run()
INFO - 2024-04-18 23:02:53 --> Session: Class initialized using 'CodeIgniter\Session\Handlers\FileHandler' driver.
INFO - 2024-04-18 23:03:06 --> Session: Class initialized using 'CodeIgniter\Session\Handlers\FileHandler' driver.
CRITICAL - 2024-04-18 23:03:06 --> ErrorException: Undefined variable $tournaments
in APPPATH\Views\userIndex.php on line 65.
 1 APPPATH\Views\userIndex.php(65): CodeIgniter\Debug\Exceptions->errorHandler(2, 'Undefined variable $tournaments', 'C:\\xampp\\htdocs\\ProyectoDaw\\app\\Views\\userIndex.php', 65)
 2 SYSTEMPATH\View\View.php(228): include('C:\\xampp\\htdocs\\ProyectoDaw\\app\\Views\\userIndex.php')
 3 SYSTEMPATH\View\View.php(231): CodeIgniter\View\View->CodeIgniter\View\{closure}()
 4 SYSTEMPATH\Common.php(1178): CodeIgniter\View\View->render('userIndex', [], true)
 5 APPPATH\Controllers\Home.php(68): view('userIndex')
 6 SYSTEMPATH\CodeIgniter.php(943): App\Controllers\Home->check_login()
 7 SYSTEMPATH\CodeIgniter.php(503): CodeIgniter\CodeIgniter->runController(Object(App\Controllers\Home))
 8 SYSTEMPATH\CodeIgniter.php(361): CodeIgniter\CodeIgniter->handleRequest(null, Object(Config\Cache), false)
 9 FCPATH\index.php(79): CodeIgniter\CodeIgniter->run()
INFO - 2024-04-18 23:19:24 --> Session: Class initialized using 'CodeIgniter\Session\Handlers\FileHandler' driver.
INFO - 2024-04-18 23:20:56 --> Session: Class initialized using 'CodeIgniter\Session\Handlers\FileHandler' driver.
INFO - 2024-04-18 23:23:01 --> Session: Class initialized using 'CodeIgniter\Session\Handlers\FileHandler' driver.
CRITICAL - 2024-04-18 23:23:01 --> ErrorException: Undefined array key "nombre"
in APPPATH\Views\index.php on line 70.
 1 APPPATH\Views\index.php(70): CodeIgniter\Debug\Exceptions->errorHandler(2, 'Undefined array key "nombre"', 'C:\\xampp\\htdocs\\ProyectoDaw\\app\\Views\\index.php', 70)
 2 SYSTEMPATH\View\View.php(228): include('C:\\xampp\\htdocs\\ProyectoDaw\\app\\Views\\index.php')
 3 SYSTEMPATH\View\View.php(231): CodeIgniter\View\View->CodeIgniter\View\{closure}()
 4 SYSTEMPATH\Common.php(1178): CodeIgniter\View\View->render('index', [], true)
 5 APPPATH\Controllers\Home.php(17): view('index', [...])
 6 SYSTEMPATH\CodeIgniter.php(943): App\Controllers\Home->index()
 7 SYSTEMPATH\CodeIgniter.php(503): CodeIgniter\CodeIgniter->runController(Object(App\Controllers\Home))
 8 SYSTEMPATH\CodeIgniter.php(361): CodeIgniter\CodeIgniter->handleRequest(null, Object(Config\Cache), false)
 9 FCPATH\index.php(79): CodeIgniter\CodeIgniter->run()
INFO - 2024-04-18 23:23:35 --> Session: Class initialized using 'CodeIgniter\Session\Handlers\FileHandler' driver.
