INFO - 2024-05-18 17:28:14 --> Session: Class initialized using 'CodeIgniter\Session\Handlers\FileHandler' driver.
INFO - 2024-05-18 17:38:03 --> Session: Class initialized using 'CodeIgniter\Session\Handlers\FileHandler' driver.
INFO - 2024-05-18 17:57:13 --> Session: Class initialized using 'CodeIgniter\Session\Handlers\FileHandler' driver.
INFO - 2024-05-18 17:58:40 --> Session: Class initialized using 'CodeIgniter\Session\Handlers\FileHandler' driver.
ERROR - 2024-05-18 17:58:40 --> mysqli_sql_exception: Column 'id_usuario' cannot be null in C:\xampp\htdocs\ProyectoDaw\system\Database\MySQLi\Connection.php:306
Stack trace:
#0 C:\xampp\htdocs\ProyectoDaw\system\Database\MySQLi\Connection.php(306): mysqli->query('INSERT INTO `in...', 0)
#1 C:\xampp\htdocs\ProyectoDaw\system\Database\BaseConnection.php(693): CodeIgniter\Database\MySQLi\Connection->execute('INSERT INTO `in...')
#2 C:\xampp\htdocs\ProyectoDaw\system\Database\BaseConnection.php(607): CodeIgniter\Database\BaseConnection->simpleQuery('INSERT INTO `in...')
#3 C:\xampp\htdocs\ProyectoDaw\system\Database\BaseBuilder.php(2307): CodeIgniter\Database\BaseConnection->query('INSERT INTO `in...', Array, false)
#4 C:\xampp\htdocs\ProyectoDaw\app\Models\DataBaseHandler.php(120): CodeIgniter\Database\BaseBuilder->insert(Array)
#5 C:\xampp\htdocs\ProyectoDaw\app\Controllers\Home.php(90): App\models\DataBaseHandler->jls_add_new_participant('tyuytr', '2', NULL)
#6 C:\xampp\htdocs\ProyectoDaw\system\CodeIgniter.php(943): App\Controllers\Home->add_new_participant()
#7 C:\xampp\htdocs\ProyectoDaw\system\CodeIgniter.php(503): CodeIgniter\CodeIgniter->runController(Object(App\Controllers\Home))
#8 C:\xampp\htdocs\ProyectoDaw\system\CodeIgniter.php(361): CodeIgniter\CodeIgniter->handleRequest(NULL, Object(Config\Cache), false)
#9 C:\xampp\htdocs\ProyectoDaw\public\index.php(79): CodeIgniter\CodeIgniter->run()
#10 {main}
CRITICAL - 2024-05-18 17:58:40 --> CodeIgniter\Database\Exceptions\DatabaseException: Column 'id_usuario' cannot be null
in SYSTEMPATH\Database\BaseConnection.php on line 647.
 1 SYSTEMPATH\Database\BaseBuilder.php(2307): CodeIgniter\Database\BaseConnection->query('INSERT INTO `inscripciones` (`alias`, `id_torneo`, `id_usuario`) VALUES (:alias:, :id_torneo:, :id_usuario:)', [...], false)
 2 APPPATH\Models\DataBaseHandler.php(120): CodeIgniter\Database\BaseBuilder->insert([...])
 3 APPPATH\Controllers\Home.php(90): App\models\DataBaseHandler->jls_add_new_participant('tyuytr', '2', null)
 4 SYSTEMPATH\CodeIgniter.php(943): App\Controllers\Home->add_new_participant()
 5 SYSTEMPATH\CodeIgniter.php(503): CodeIgniter\CodeIgniter->runController(Object(App\Controllers\Home))
 6 SYSTEMPATH\CodeIgniter.php(361): CodeIgniter\CodeIgniter->handleRequest(null, Object(Config\Cache), false)
 7 FCPATH\index.php(79): CodeIgniter\CodeIgniter->run()
CRITICAL - 2024-05-18 17:58:40 --> [Caused by] CodeIgniter\Database\Exceptions\DatabaseException: Column 'id_usuario' cannot be null
in SYSTEMPATH\Database\MySQLi\Connection.php on line 311.
 1 SYSTEMPATH\Database\BaseConnection.php(693): CodeIgniter\Database\MySQLi\Connection->execute('INSERT INTO `inscripciones` (`alias`, `id_torneo`, `id_usuario`) VALUES (\'tyuytr\', \'2\', NULL)')
 2 SYSTEMPATH\Database\BaseConnection.php(607): CodeIgniter\Database\BaseConnection->simpleQuery('INSERT INTO `inscripciones` (`alias`, `id_torneo`, `id_usuario`) VALUES (\'tyuytr\', \'2\', NULL)')
 3 SYSTEMPATH\Database\BaseBuilder.php(2307): CodeIgniter\Database\BaseConnection->query('INSERT INTO `inscripciones` (`alias`, `id_torneo`, `id_usuario`) VALUES (:alias:, :id_torneo:, :id_usuario:)', [...], false)
 4 APPPATH\Models\DataBaseHandler.php(120): CodeIgniter\Database\BaseBuilder->insert([...])
 5 APPPATH\Controllers\Home.php(90): App\models\DataBaseHandler->jls_add_new_participant('tyuytr', '2', null)
 6 SYSTEMPATH\CodeIgniter.php(943): App\Controllers\Home->add_new_participant()
 7 SYSTEMPATH\CodeIgniter.php(503): CodeIgniter\CodeIgniter->runController(Object(App\Controllers\Home))
 8 SYSTEMPATH\CodeIgniter.php(361): CodeIgniter\CodeIgniter->handleRequest(null, Object(Config\Cache), false)
 9 FCPATH\index.php(79): CodeIgniter\CodeIgniter->run()
CRITICAL - 2024-05-18 17:58:40 --> [Caused by] mysqli_sql_exception: Column 'id_usuario' cannot be null
in SYSTEMPATH\Database\MySQLi\Connection.php on line 306.
 1 SYSTEMPATH\Database\MySQLi\Connection.php(306): mysqli->query('INSERT INTO `inscripciones` (`alias`, `id_torneo`, `id_usuario`) VALUES (\'tyuytr\', \'2\', NULL)', 0)
 2 SYSTEMPATH\Database\BaseConnection.php(693): CodeIgniter\Database\MySQLi\Connection->execute('INSERT INTO `inscripciones` (`alias`, `id_torneo`, `id_usuario`) VALUES (\'tyuytr\', \'2\', NULL)')
 3 SYSTEMPATH\Database\BaseConnection.php(607): CodeIgniter\Database\BaseConnection->simpleQuery('INSERT INTO `inscripciones` (`alias`, `id_torneo`, `id_usuario`) VALUES (\'tyuytr\', \'2\', NULL)')
 4 SYSTEMPATH\Database\BaseBuilder.php(2307): CodeIgniter\Database\BaseConnection->query('INSERT INTO `inscripciones` (`alias`, `id_torneo`, `id_usuario`) VALUES (:alias:, :id_torneo:, :id_usuario:)', [...], false)
 5 APPPATH\Models\DataBaseHandler.php(120): CodeIgniter\Database\BaseBuilder->insert([...])
 6 APPPATH\Controllers\Home.php(90): App\models\DataBaseHandler->jls_add_new_participant('tyuytr', '2', null)
 7 SYSTEMPATH\CodeIgniter.php(943): App\Controllers\Home->add_new_participant()
 8 SYSTEMPATH\CodeIgniter.php(503): CodeIgniter\CodeIgniter->runController(Object(App\Controllers\Home))
 9 SYSTEMPATH\CodeIgniter.php(361): CodeIgniter\CodeIgniter->handleRequest(null, Object(Config\Cache), false)
10 FCPATH\index.php(79): CodeIgniter\CodeIgniter->run()
INFO - 2024-05-18 17:58:42 --> Session: Class initialized using 'CodeIgniter\Session\Handlers\FileHandler' driver.
INFO - 2024-05-18 17:58:45 --> Session: Class initialized using 'CodeIgniter\Session\Handlers\FileHandler' driver.
INFO - 2024-05-18 17:58:58 --> Session: Class initialized using 'CodeIgniter\Session\Handlers\FileHandler' driver.
CRITICAL - 2024-05-18 17:58:58 --> ErrorException: require(): http:// wrapper is disabled in the server configuration by allow_url_include=0
in APPPATH\Views\userIndex.php on line 124.
 1 APPPATH\Views\userIndex.php(124): CodeIgniter\Debug\Exceptions->errorHandler(2, 'require(): http:// wrapper is disabled in the server configuration by allow_url_include=0', 'C:\\xampp\\htdocs\\ProyectoDaw\\app\\Views\\userIndex.php', 124)
 2 APPPATH\Views\userIndex.php(124): require()
 3 SYSTEMPATH\View\View.php(228): include('C:\\xampp\\htdocs\\ProyectoDaw\\app\\Views\\userIndex.php')
 4 SYSTEMPATH\View\View.php(231): CodeIgniter\View\View->CodeIgniter\View\{closure}()
 5 SYSTEMPATH\Common.php(1178): CodeIgniter\View\View->render('userIndex', [], true)
 6 APPPATH\Controllers\Home.php(61): view('userIndex', [...])
 7 SYSTEMPATH\CodeIgniter.php(943): App\Controllers\Home->check_login()
 8 SYSTEMPATH\CodeIgniter.php(503): CodeIgniter\CodeIgniter->runController(Object(App\Controllers\Home))
 9 SYSTEMPATH\CodeIgniter.php(361): CodeIgniter\CodeIgniter->handleRequest(null, Object(Config\Cache), false)
10 FCPATH\index.php(79): CodeIgniter\CodeIgniter->run()
INFO - 2024-05-18 17:59:27 --> Session: Class initialized using 'CodeIgniter\Session\Handlers\FileHandler' driver.
INFO - 2024-05-18 18:03:16 --> Session: Class initialized using 'CodeIgniter\Session\Handlers\FileHandler' driver.
INFO - 2024-05-18 18:03:19 --> Session: Class initialized using 'CodeIgniter\Session\Handlers\FileHandler' driver.
INFO - 2024-05-18 18:03:44 --> Session: Class initialized using 'CodeIgniter\Session\Handlers\FileHandler' driver.
CRITICAL - 2024-05-18 18:03:45 --> ErrorException: require_once(): http:// wrapper is disabled in the server configuration by allow_url_include=0
in APPPATH\Views\userIndex.php on line 124.
 1 APPPATH\Views\userIndex.php(124): CodeIgniter\Debug\Exceptions->errorHandler(2, 'require_once(): http:// wrapper is disabled in the server configuration by allow_url_include=0', 'C:\\xampp\\htdocs\\ProyectoDaw\\app\\Views\\userIndex.php', 124)
 2 APPPATH\Views\userIndex.php(124): require_once()
 3 SYSTEMPATH\View\View.php(228): include('C:\\xampp\\htdocs\\ProyectoDaw\\app\\Views\\userIndex.php')
 4 SYSTEMPATH\View\View.php(231): CodeIgniter\View\View->CodeIgniter\View\{closure}()
 5 SYSTEMPATH\Common.php(1178): CodeIgniter\View\View->render('userIndex', [], true)
 6 APPPATH\Controllers\Home.php(15): view('userIndex', [...])
 7 SYSTEMPATH\CodeIgniter.php(943): App\Controllers\Home->index()
 8 SYSTEMPATH\CodeIgniter.php(503): CodeIgniter\CodeIgniter->runController(Object(App\Controllers\Home))
 9 SYSTEMPATH\CodeIgniter.php(361): CodeIgniter\CodeIgniter->handleRequest(null, Object(Config\Cache), false)
10 FCPATH\index.php(79): CodeIgniter\CodeIgniter->run()
INFO - 2024-05-18 18:05:01 --> Session: Class initialized using 'CodeIgniter\Session\Handlers\FileHandler' driver.
CRITICAL - 2024-05-18 18:05:01 --> ErrorException: require_once(): http:// wrapper is disabled in the server configuration by allow_url_include=0
in APPPATH\Views\userIndex.php on line 124.
 1 APPPATH\Views\userIndex.php(124): CodeIgniter\Debug\Exceptions->errorHandler(2, 'require_once(): http:// wrapper is disabled in the server configuration by allow_url_include=0', 'C:\\xampp\\htdocs\\ProyectoDaw\\app\\Views\\userIndex.php', 124)
 2 APPPATH\Views\userIndex.php(124): require_once()
 3 SYSTEMPATH\View\View.php(228): include('C:\\xampp\\htdocs\\ProyectoDaw\\app\\Views\\userIndex.php')
 4 SYSTEMPATH\View\View.php(231): CodeIgniter\View\View->CodeIgniter\View\{closure}()
 5 SYSTEMPATH\Common.php(1178): CodeIgniter\View\View->render('userIndex', [], true)
 6 APPPATH\Controllers\Home.php(15): view('userIndex', [...])
 7 SYSTEMPATH\CodeIgniter.php(943): App\Controllers\Home->index()
 8 SYSTEMPATH\CodeIgniter.php(503): CodeIgniter\CodeIgniter->runController(Object(App\Controllers\Home))
 9 SYSTEMPATH\CodeIgniter.php(361): CodeIgniter\CodeIgniter->handleRequest(null, Object(Config\Cache), false)
10 FCPATH\index.php(79): CodeIgniter\CodeIgniter->run()
INFO - 2024-05-18 18:05:02 --> Session: Class initialized using 'CodeIgniter\Session\Handlers\FileHandler' driver.
CRITICAL - 2024-05-18 18:05:02 --> ErrorException: require_once(): http:// wrapper is disabled in the server configuration by allow_url_include=0
in APPPATH\Views\userIndex.php on line 124.
 1 APPPATH\Views\userIndex.php(124): CodeIgniter\Debug\Exceptions->errorHandler(2, 'require_once(): http:// wrapper is disabled in the server configuration by allow_url_include=0', 'C:\\xampp\\htdocs\\ProyectoDaw\\app\\Views\\userIndex.php', 124)
 2 APPPATH\Views\userIndex.php(124): require_once()
 3 SYSTEMPATH\View\View.php(228): include('C:\\xampp\\htdocs\\ProyectoDaw\\app\\Views\\userIndex.php')
 4 SYSTEMPATH\View\View.php(231): CodeIgniter\View\View->CodeIgniter\View\{closure}()
 5 SYSTEMPATH\Common.php(1178): CodeIgniter\View\View->render('userIndex', [], true)
 6 APPPATH\Controllers\Home.php(15): view('userIndex', [...])
 7 SYSTEMPATH\CodeIgniter.php(943): App\Controllers\Home->index()
 8 SYSTEMPATH\CodeIgniter.php(503): CodeIgniter\CodeIgniter->runController(Object(App\Controllers\Home))
 9 SYSTEMPATH\CodeIgniter.php(361): CodeIgniter\CodeIgniter->handleRequest(null, Object(Config\Cache), false)
10 FCPATH\index.php(79): CodeIgniter\CodeIgniter->run()
INFO - 2024-05-18 18:05:02 --> Session: Class initialized using 'CodeIgniter\Session\Handlers\FileHandler' driver.
CRITICAL - 2024-05-18 18:05:02 --> ErrorException: require_once(): http:// wrapper is disabled in the server configuration by allow_url_include=0
in APPPATH\Views\userIndex.php on line 124.
 1 APPPATH\Views\userIndex.php(124): CodeIgniter\Debug\Exceptions->errorHandler(2, 'require_once(): http:// wrapper is disabled in the server configuration by allow_url_include=0', 'C:\\xampp\\htdocs\\ProyectoDaw\\app\\Views\\userIndex.php', 124)
 2 APPPATH\Views\userIndex.php(124): require_once()
 3 SYSTEMPATH\View\View.php(228): include('C:\\xampp\\htdocs\\ProyectoDaw\\app\\Views\\userIndex.php')
 4 SYSTEMPATH\View\View.php(231): CodeIgniter\View\View->CodeIgniter\View\{closure}()
 5 SYSTEMPATH\Common.php(1178): CodeIgniter\View\View->render('userIndex', [], true)
 6 APPPATH\Controllers\Home.php(15): view('userIndex', [...])
 7 SYSTEMPATH\CodeIgniter.php(943): App\Controllers\Home->index()
 8 SYSTEMPATH\CodeIgniter.php(503): CodeIgniter\CodeIgniter->runController(Object(App\Controllers\Home))
 9 SYSTEMPATH\CodeIgniter.php(361): CodeIgniter\CodeIgniter->handleRequest(null, Object(Config\Cache), false)
10 FCPATH\index.php(79): CodeIgniter\CodeIgniter->run()
INFO - 2024-05-18 18:06:58 --> Session: Class initialized using 'CodeIgniter\Session\Handlers\FileHandler' driver.
CRITICAL - 2024-05-18 18:06:58 --> ErrorException: require_once(C:/xampp/htdocs/web/a.php): Failed to open stream: No such file or directory
in APPPATH\Views\userIndex.php on line 1.
 1 APPPATH\Views\userIndex.php(1): CodeIgniter\Debug\Exceptions->errorHandler(2, 'require_once(C:/xampp/htdocs/web/a.php): Failed to open stream: No such file or directory', 'C:\\xampp\\htdocs\\ProyectoDaw\\app\\Views\\userIndex.php', 1)
 2 APPPATH\Views\userIndex.php(1): require_once()
 3 SYSTEMPATH\View\View.php(228): include('C:\\xampp\\htdocs\\ProyectoDaw\\app\\Views\\userIndex.php')
 4 SYSTEMPATH\View\View.php(231): CodeIgniter\View\View->CodeIgniter\View\{closure}()
 5 SYSTEMPATH\Common.php(1178): CodeIgniter\View\View->render('userIndex', [], true)
 6 APPPATH\Controllers\Home.php(15): view('userIndex', [...])
 7 SYSTEMPATH\CodeIgniter.php(943): App\Controllers\Home->index()
 8 SYSTEMPATH\CodeIgniter.php(503): CodeIgniter\CodeIgniter->runController(Object(App\Controllers\Home))
 9 SYSTEMPATH\CodeIgniter.php(361): CodeIgniter\CodeIgniter->handleRequest(null, Object(Config\Cache), false)
10 FCPATH\index.php(79): CodeIgniter\CodeIgniter->run()
INFO - 2024-05-18 18:06:59 --> Session: Class initialized using 'CodeIgniter\Session\Handlers\FileHandler' driver.
CRITICAL - 2024-05-18 18:06:59 --> ErrorException: require_once(C:/xampp/htdocs/web/a.php): Failed to open stream: No such file or directory
in APPPATH\Views\userIndex.php on line 1.
 1 APPPATH\Views\userIndex.php(1): CodeIgniter\Debug\Exceptions->errorHandler(2, 'require_once(C:/xampp/htdocs/web/a.php): Failed to open stream: No such file or directory', 'C:\\xampp\\htdocs\\ProyectoDaw\\app\\Views\\userIndex.php', 1)
 2 APPPATH\Views\userIndex.php(1): require_once()
 3 SYSTEMPATH\View\View.php(228): include('C:\\xampp\\htdocs\\ProyectoDaw\\app\\Views\\userIndex.php')
 4 SYSTEMPATH\View\View.php(231): CodeIgniter\View\View->CodeIgniter\View\{closure}()
 5 SYSTEMPATH\Common.php(1178): CodeIgniter\View\View->render('userIndex', [], true)
 6 APPPATH\Controllers\Home.php(15): view('userIndex', [...])
 7 SYSTEMPATH\CodeIgniter.php(943): App\Controllers\Home->index()
 8 SYSTEMPATH\CodeIgniter.php(503): CodeIgniter\CodeIgniter->runController(Object(App\Controllers\Home))
 9 SYSTEMPATH\CodeIgniter.php(361): CodeIgniter\CodeIgniter->handleRequest(null, Object(Config\Cache), false)
10 FCPATH\index.php(79): CodeIgniter\CodeIgniter->run()
INFO - 2024-05-18 18:06:59 --> Session: Class initialized using 'CodeIgniter\Session\Handlers\FileHandler' driver.
CRITICAL - 2024-05-18 18:06:59 --> ErrorException: require_once(C:/xampp/htdocs/web/a.php): Failed to open stream: No such file or directory
in APPPATH\Views\userIndex.php on line 1.
 1 APPPATH\Views\userIndex.php(1): CodeIgniter\Debug\Exceptions->errorHandler(2, 'require_once(C:/xampp/htdocs/web/a.php): Failed to open stream: No such file or directory', 'C:\\xampp\\htdocs\\ProyectoDaw\\app\\Views\\userIndex.php', 1)
 2 APPPATH\Views\userIndex.php(1): require_once()
 3 SYSTEMPATH\View\View.php(228): include('C:\\xampp\\htdocs\\ProyectoDaw\\app\\Views\\userIndex.php')
 4 SYSTEMPATH\View\View.php(231): CodeIgniter\View\View->CodeIgniter\View\{closure}()
 5 SYSTEMPATH\Common.php(1178): CodeIgniter\View\View->render('userIndex', [], true)
 6 APPPATH\Controllers\Home.php(15): view('userIndex', [...])
 7 SYSTEMPATH\CodeIgniter.php(943): App\Controllers\Home->index()
 8 SYSTEMPATH\CodeIgniter.php(503): CodeIgniter\CodeIgniter->runController(Object(App\Controllers\Home))
 9 SYSTEMPATH\CodeIgniter.php(361): CodeIgniter\CodeIgniter->handleRequest(null, Object(Config\Cache), false)
10 FCPATH\index.php(79): CodeIgniter\CodeIgniter->run()
INFO - 2024-05-18 18:06:59 --> Session: Class initialized using 'CodeIgniter\Session\Handlers\FileHandler' driver.
CRITICAL - 2024-05-18 18:06:59 --> ErrorException: require_once(C:/xampp/htdocs/web/a.php): Failed to open stream: No such file or directory
in APPPATH\Views\userIndex.php on line 1.
 1 APPPATH\Views\userIndex.php(1): CodeIgniter\Debug\Exceptions->errorHandler(2, 'require_once(C:/xampp/htdocs/web/a.php): Failed to open stream: No such file or directory', 'C:\\xampp\\htdocs\\ProyectoDaw\\app\\Views\\userIndex.php', 1)
 2 APPPATH\Views\userIndex.php(1): require_once()
 3 SYSTEMPATH\View\View.php(228): include('C:\\xampp\\htdocs\\ProyectoDaw\\app\\Views\\userIndex.php')
 4 SYSTEMPATH\View\View.php(231): CodeIgniter\View\View->CodeIgniter\View\{closure}()
 5 SYSTEMPATH\Common.php(1178): CodeIgniter\View\View->render('userIndex', [], true)
 6 APPPATH\Controllers\Home.php(15): view('userIndex', [...])
 7 SYSTEMPATH\CodeIgniter.php(943): App\Controllers\Home->index()
 8 SYSTEMPATH\CodeIgniter.php(503): CodeIgniter\CodeIgniter->runController(Object(App\Controllers\Home))
 9 SYSTEMPATH\CodeIgniter.php(361): CodeIgniter\CodeIgniter->handleRequest(null, Object(Config\Cache), false)
10 FCPATH\index.php(79): CodeIgniter\CodeIgniter->run()
INFO - 2024-05-18 18:07:46 --> Session: Class initialized using 'CodeIgniter\Session\Handlers\FileHandler' driver.
CRITICAL - 2024-05-18 18:07:46 --> ErrorException: require_once(): http:// wrapper is disabled in the server configuration by allow_url_include=0
in APPPATH\Views\userIndex.php on line 125.
 1 APPPATH\Views\userIndex.php(125): CodeIgniter\Debug\Exceptions->errorHandler(2, 'require_once(): http:// wrapper is disabled in the server configuration by allow_url_include=0', 'C:\\xampp\\htdocs\\ProyectoDaw\\app\\Views\\userIndex.php', 125)
 2 APPPATH\Views\userIndex.php(125): require_once()
 3 SYSTEMPATH\View\View.php(228): include('C:\\xampp\\htdocs\\ProyectoDaw\\app\\Views\\userIndex.php')
 4 SYSTEMPATH\View\View.php(231): CodeIgniter\View\View->CodeIgniter\View\{closure}()
 5 SYSTEMPATH\Common.php(1178): CodeIgniter\View\View->render('userIndex', [], true)
 6 APPPATH\Controllers\Home.php(15): view('userIndex', [...])
 7 SYSTEMPATH\CodeIgniter.php(943): App\Controllers\Home->index()
 8 SYSTEMPATH\CodeIgniter.php(503): CodeIgniter\CodeIgniter->runController(Object(App\Controllers\Home))
 9 SYSTEMPATH\CodeIgniter.php(361): CodeIgniter\CodeIgniter->handleRequest(null, Object(Config\Cache), false)
10 FCPATH\index.php(79): CodeIgniter\CodeIgniter->run()
INFO - 2024-05-18 18:09:24 --> Session: Class initialized using 'CodeIgniter\Session\Handlers\FileHandler' driver.
CRITICAL - 2024-05-18 18:09:24 --> ErrorException: require_once(): http:// wrapper is disabled in the server configuration by allow_url_include=0
in APPPATH\Views\userIndex.php on line 125.
 1 APPPATH\Views\userIndex.php(125): CodeIgniter\Debug\Exceptions->errorHandler(2, 'require_once(): http:// wrapper is disabled in the server configuration by allow_url_include=0', 'C:\\xampp\\htdocs\\ProyectoDaw\\app\\Views\\userIndex.php', 125)
 2 APPPATH\Views\userIndex.php(125): require_once()
 3 SYSTEMPATH\View\View.php(228): include('C:\\xampp\\htdocs\\ProyectoDaw\\app\\Views\\userIndex.php')
 4 SYSTEMPATH\View\View.php(231): CodeIgniter\View\View->CodeIgniter\View\{closure}()
 5 SYSTEMPATH\Common.php(1178): CodeIgniter\View\View->render('userIndex', [], true)
 6 APPPATH\Controllers\Home.php(15): view('userIndex', [...])
 7 SYSTEMPATH\CodeIgniter.php(943): App\Controllers\Home->index()
 8 SYSTEMPATH\CodeIgniter.php(503): CodeIgniter\CodeIgniter->runController(Object(App\Controllers\Home))
 9 SYSTEMPATH\CodeIgniter.php(361): CodeIgniter\CodeIgniter->handleRequest(null, Object(Config\Cache), false)
10 FCPATH\index.php(79): CodeIgniter\CodeIgniter->run()
INFO - 2024-05-18 18:09:25 --> Session: Class initialized using 'CodeIgniter\Session\Handlers\FileHandler' driver.
CRITICAL - 2024-05-18 18:09:25 --> ErrorException: require_once(): http:// wrapper is disabled in the server configuration by allow_url_include=0
in APPPATH\Views\userIndex.php on line 125.
 1 APPPATH\Views\userIndex.php(125): CodeIgniter\Debug\Exceptions->errorHandler(2, 'require_once(): http:// wrapper is disabled in the server configuration by allow_url_include=0', 'C:\\xampp\\htdocs\\ProyectoDaw\\app\\Views\\userIndex.php', 125)
 2 APPPATH\Views\userIndex.php(125): require_once()
 3 SYSTEMPATH\View\View.php(228): include('C:\\xampp\\htdocs\\ProyectoDaw\\app\\Views\\userIndex.php')
 4 SYSTEMPATH\View\View.php(231): CodeIgniter\View\View->CodeIgniter\View\{closure}()
 5 SYSTEMPATH\Common.php(1178): CodeIgniter\View\View->render('userIndex', [], true)
 6 APPPATH\Controllers\Home.php(15): view('userIndex', [...])
 7 SYSTEMPATH\CodeIgniter.php(943): App\Controllers\Home->index()
 8 SYSTEMPATH\CodeIgniter.php(503): CodeIgniter\CodeIgniter->runController(Object(App\Controllers\Home))
 9 SYSTEMPATH\CodeIgniter.php(361): CodeIgniter\CodeIgniter->handleRequest(null, Object(Config\Cache), false)
10 FCPATH\index.php(79): CodeIgniter\CodeIgniter->run()
INFO - 2024-05-18 18:09:25 --> Session: Class initialized using 'CodeIgniter\Session\Handlers\FileHandler' driver.
CRITICAL - 2024-05-18 18:09:25 --> ErrorException: require_once(): http:// wrapper is disabled in the server configuration by allow_url_include=0
in APPPATH\Views\userIndex.php on line 125.
 1 APPPATH\Views\userIndex.php(125): CodeIgniter\Debug\Exceptions->errorHandler(2, 'require_once(): http:// wrapper is disabled in the server configuration by allow_url_include=0', 'C:\\xampp\\htdocs\\ProyectoDaw\\app\\Views\\userIndex.php', 125)
 2 APPPATH\Views\userIndex.php(125): require_once()
 3 SYSTEMPATH\View\View.php(228): include('C:\\xampp\\htdocs\\ProyectoDaw\\app\\Views\\userIndex.php')
 4 SYSTEMPATH\View\View.php(231): CodeIgniter\View\View->CodeIgniter\View\{closure}()
 5 SYSTEMPATH\Common.php(1178): CodeIgniter\View\View->render('userIndex', [], true)
 6 APPPATH\Controllers\Home.php(15): view('userIndex', [...])
 7 SYSTEMPATH\CodeIgniter.php(943): App\Controllers\Home->index()
 8 SYSTEMPATH\CodeIgniter.php(503): CodeIgniter\CodeIgniter->runController(Object(App\Controllers\Home))
 9 SYSTEMPATH\CodeIgniter.php(361): CodeIgniter\CodeIgniter->handleRequest(null, Object(Config\Cache), false)
10 FCPATH\index.php(79): CodeIgniter\CodeIgniter->run()
INFO - 2024-05-18 18:09:26 --> Session: Class initialized using 'CodeIgniter\Session\Handlers\FileHandler' driver.
CRITICAL - 2024-05-18 18:09:26 --> ErrorException: require_once(): http:// wrapper is disabled in the server configuration by allow_url_include=0
in APPPATH\Views\userIndex.php on line 125.
 1 APPPATH\Views\userIndex.php(125): CodeIgniter\Debug\Exceptions->errorHandler(2, 'require_once(): http:// wrapper is disabled in the server configuration by allow_url_include=0', 'C:\\xampp\\htdocs\\ProyectoDaw\\app\\Views\\userIndex.php', 125)
 2 APPPATH\Views\userIndex.php(125): require_once()
 3 SYSTEMPATH\View\View.php(228): include('C:\\xampp\\htdocs\\ProyectoDaw\\app\\Views\\userIndex.php')
 4 SYSTEMPATH\View\View.php(231): CodeIgniter\View\View->CodeIgniter\View\{closure}()
 5 SYSTEMPATH\Common.php(1178): CodeIgniter\View\View->render('userIndex', [], true)
 6 APPPATH\Controllers\Home.php(15): view('userIndex', [...])
 7 SYSTEMPATH\CodeIgniter.php(943): App\Controllers\Home->index()
 8 SYSTEMPATH\CodeIgniter.php(503): CodeIgniter\CodeIgniter->runController(Object(App\Controllers\Home))
 9 SYSTEMPATH\CodeIgniter.php(361): CodeIgniter\CodeIgniter->handleRequest(null, Object(Config\Cache), false)
10 FCPATH\index.php(79): CodeIgniter\CodeIgniter->run()
INFO - 2024-05-18 18:09:26 --> Session: Class initialized using 'CodeIgniter\Session\Handlers\FileHandler' driver.
CRITICAL - 2024-05-18 18:09:26 --> ErrorException: require_once(): http:// wrapper is disabled in the server configuration by allow_url_include=0
in APPPATH\Views\userIndex.php on line 125.
 1 APPPATH\Views\userIndex.php(125): CodeIgniter\Debug\Exceptions->errorHandler(2, 'require_once(): http:// wrapper is disabled in the server configuration by allow_url_include=0', 'C:\\xampp\\htdocs\\ProyectoDaw\\app\\Views\\userIndex.php', 125)
 2 APPPATH\Views\userIndex.php(125): require_once()
 3 SYSTEMPATH\View\View.php(228): include('C:\\xampp\\htdocs\\ProyectoDaw\\app\\Views\\userIndex.php')
 4 SYSTEMPATH\View\View.php(231): CodeIgniter\View\View->CodeIgniter\View\{closure}()
 5 SYSTEMPATH\Common.php(1178): CodeIgniter\View\View->render('userIndex', [], true)
 6 APPPATH\Controllers\Home.php(15): view('userIndex', [...])
 7 SYSTEMPATH\CodeIgniter.php(943): App\Controllers\Home->index()
 8 SYSTEMPATH\CodeIgniter.php(503): CodeIgniter\CodeIgniter->runController(Object(App\Controllers\Home))
 9 SYSTEMPATH\CodeIgniter.php(361): CodeIgniter\CodeIgniter->handleRequest(null, Object(Config\Cache), false)
10 FCPATH\index.php(79): CodeIgniter\CodeIgniter->run()
INFO - 2024-05-18 18:09:26 --> Session: Class initialized using 'CodeIgniter\Session\Handlers\FileHandler' driver.
CRITICAL - 2024-05-18 18:09:26 --> ErrorException: require_once(): http:// wrapper is disabled in the server configuration by allow_url_include=0
in APPPATH\Views\userIndex.php on line 125.
 1 APPPATH\Views\userIndex.php(125): CodeIgniter\Debug\Exceptions->errorHandler(2, 'require_once(): http:// wrapper is disabled in the server configuration by allow_url_include=0', 'C:\\xampp\\htdocs\\ProyectoDaw\\app\\Views\\userIndex.php', 125)
 2 APPPATH\Views\userIndex.php(125): require_once()
 3 SYSTEMPATH\View\View.php(228): include('C:\\xampp\\htdocs\\ProyectoDaw\\app\\Views\\userIndex.php')
 4 SYSTEMPATH\View\View.php(231): CodeIgniter\View\View->CodeIgniter\View\{closure}()
 5 SYSTEMPATH\Common.php(1178): CodeIgniter\View\View->render('userIndex', [], true)
 6 APPPATH\Controllers\Home.php(15): view('userIndex', [...])
 7 SYSTEMPATH\CodeIgniter.php(943): App\Controllers\Home->index()
 8 SYSTEMPATH\CodeIgniter.php(503): CodeIgniter\CodeIgniter->runController(Object(App\Controllers\Home))
 9 SYSTEMPATH\CodeIgniter.php(361): CodeIgniter\CodeIgniter->handleRequest(null, Object(Config\Cache), false)
10 FCPATH\index.php(79): CodeIgniter\CodeIgniter->run()
INFO - 2024-05-18 18:09:27 --> Session: Class initialized using 'CodeIgniter\Session\Handlers\FileHandler' driver.
CRITICAL - 2024-05-18 18:09:27 --> ErrorException: require_once(): http:// wrapper is disabled in the server configuration by allow_url_include=0
in APPPATH\Views\userIndex.php on line 125.
 1 APPPATH\Views\userIndex.php(125): CodeIgniter\Debug\Exceptions->errorHandler(2, 'require_once(): http:// wrapper is disabled in the server configuration by allow_url_include=0', 'C:\\xampp\\htdocs\\ProyectoDaw\\app\\Views\\userIndex.php', 125)
 2 APPPATH\Views\userIndex.php(125): require_once()
 3 SYSTEMPATH\View\View.php(228): include('C:\\xampp\\htdocs\\ProyectoDaw\\app\\Views\\userIndex.php')
 4 SYSTEMPATH\View\View.php(231): CodeIgniter\View\View->CodeIgniter\View\{closure}()
 5 SYSTEMPATH\Common.php(1178): CodeIgniter\View\View->render('userIndex', [], true)
 6 APPPATH\Controllers\Home.php(15): view('userIndex', [...])
 7 SYSTEMPATH\CodeIgniter.php(943): App\Controllers\Home->index()
 8 SYSTEMPATH\CodeIgniter.php(503): CodeIgniter\CodeIgniter->runController(Object(App\Controllers\Home))
 9 SYSTEMPATH\CodeIgniter.php(361): CodeIgniter\CodeIgniter->handleRequest(null, Object(Config\Cache), false)
10 FCPATH\index.php(79): CodeIgniter\CodeIgniter->run()
INFO - 2024-05-18 18:09:27 --> Session: Class initialized using 'CodeIgniter\Session\Handlers\FileHandler' driver.
CRITICAL - 2024-05-18 18:09:27 --> ErrorException: require_once(): http:// wrapper is disabled in the server configuration by allow_url_include=0
in APPPATH\Views\userIndex.php on line 125.
 1 APPPATH\Views\userIndex.php(125): CodeIgniter\Debug\Exceptions->errorHandler(2, 'require_once(): http:// wrapper is disabled in the server configuration by allow_url_include=0', 'C:\\xampp\\htdocs\\ProyectoDaw\\app\\Views\\userIndex.php', 125)
 2 APPPATH\Views\userIndex.php(125): require_once()
 3 SYSTEMPATH\View\View.php(228): include('C:\\xampp\\htdocs\\ProyectoDaw\\app\\Views\\userIndex.php')
 4 SYSTEMPATH\View\View.php(231): CodeIgniter\View\View->CodeIgniter\View\{closure}()
 5 SYSTEMPATH\Common.php(1178): CodeIgniter\View\View->render('userIndex', [], true)
 6 APPPATH\Controllers\Home.php(15): view('userIndex', [...])
 7 SYSTEMPATH\CodeIgniter.php(943): App\Controllers\Home->index()
 8 SYSTEMPATH\CodeIgniter.php(503): CodeIgniter\CodeIgniter->runController(Object(App\Controllers\Home))
 9 SYSTEMPATH\CodeIgniter.php(361): CodeIgniter\CodeIgniter->handleRequest(null, Object(Config\Cache), false)
10 FCPATH\index.php(79): CodeIgniter\CodeIgniter->run()
INFO - 2024-05-18 18:09:36 --> Session: Class initialized using 'CodeIgniter\Session\Handlers\FileHandler' driver.
CRITICAL - 2024-05-18 18:09:36 --> ErrorException: require_once(http://localhost/ProyectoDaw/public/Templates/Footer.php): Failed to open stream: HTTP request failed! HTTP/1.1 404 Not Found

in APPPATH\Views\userIndex.php on line 125.
 1 APPPATH\Views\userIndex.php(125): CodeIgniter\Debug\Exceptions->errorHandler(2, 'require_once(http://localhost/ProyectoDaw/public/Templates/Footer.php): Failed to open stream: HTTP request failed! HTTP/1.1 404 Not Found
', 'C:\\xampp\\htdocs\\ProyectoDaw\\app\\Views\\userIndex.php', 125)
 2 APPPATH\Views\userIndex.php(125): require_once()
 3 SYSTEMPATH\View\View.php(228): include('C:\\xampp\\htdocs\\ProyectoDaw\\app\\Views\\userIndex.php')
 4 SYSTEMPATH\View\View.php(231): CodeIgniter\View\View->CodeIgniter\View\{closure}()
 5 SYSTEMPATH\Common.php(1178): CodeIgniter\View\View->render('userIndex', [], true)
 6 APPPATH\Controllers\Home.php(15): view('userIndex', [...])
 7 SYSTEMPATH\CodeIgniter.php(943): App\Controllers\Home->index()
 8 SYSTEMPATH\CodeIgniter.php(503): CodeIgniter\CodeIgniter->runController(Object(App\Controllers\Home))
 9 SYSTEMPATH\CodeIgniter.php(361): CodeIgniter\CodeIgniter->handleRequest(null, Object(Config\Cache), false)
10 FCPATH\index.php(79): CodeIgniter\CodeIgniter->run()
INFO - 2024-05-18 18:09:37 --> Session: Class initialized using 'CodeIgniter\Session\Handlers\FileHandler' driver.
CRITICAL - 2024-05-18 18:09:37 --> ErrorException: require_once(http://localhost/ProyectoDaw/public/Templates/Footer.php): Failed to open stream: HTTP request failed! HTTP/1.1 404 Not Found

in APPPATH\Views\userIndex.php on line 125.
 1 APPPATH\Views\userIndex.php(125): CodeIgniter\Debug\Exceptions->errorHandler(2, 'require_once(http://localhost/ProyectoDaw/public/Templates/Footer.php): Failed to open stream: HTTP request failed! HTTP/1.1 404 Not Found
', 'C:\\xampp\\htdocs\\ProyectoDaw\\app\\Views\\userIndex.php', 125)
 2 APPPATH\Views\userIndex.php(125): require_once()
 3 SYSTEMPATH\View\View.php(228): include('C:\\xampp\\htdocs\\ProyectoDaw\\app\\Views\\userIndex.php')
 4 SYSTEMPATH\View\View.php(231): CodeIgniter\View\View->CodeIgniter\View\{closure}()
 5 SYSTEMPATH\Common.php(1178): CodeIgniter\View\View->render('userIndex', [], true)
 6 APPPATH\Controllers\Home.php(15): view('userIndex', [...])
 7 SYSTEMPATH\CodeIgniter.php(943): App\Controllers\Home->index()
 8 SYSTEMPATH\CodeIgniter.php(503): CodeIgniter\CodeIgniter->runController(Object(App\Controllers\Home))
 9 SYSTEMPATH\CodeIgniter.php(361): CodeIgniter\CodeIgniter->handleRequest(null, Object(Config\Cache), false)
10 FCPATH\index.php(79): CodeIgniter\CodeIgniter->run()
INFO - 2024-05-18 18:09:47 --> Session: Class initialized using 'CodeIgniter\Session\Handlers\FileHandler' driver.
CRITICAL - 2024-05-18 18:09:47 --> ErrorException: require_once(http://localhost/ProyectoDaw/public/Templates/Footer.php): Failed to open stream: HTTP request failed! HTTP/1.1 404 Not Found

in APPPATH\Views\userIndex.php on line 124.
 1 APPPATH\Views\userIndex.php(124): CodeIgniter\Debug\Exceptions->errorHandler(2, 'require_once(http://localhost/ProyectoDaw/public/Templates/Footer.php): Failed to open stream: HTTP request failed! HTTP/1.1 404 Not Found
', 'C:\\xampp\\htdocs\\ProyectoDaw\\app\\Views\\userIndex.php', 124)
 2 APPPATH\Views\userIndex.php(124): require_once()
 3 SYSTEMPATH\View\View.php(228): include('C:\\xampp\\htdocs\\ProyectoDaw\\app\\Views\\userIndex.php')
 4 SYSTEMPATH\View\View.php(231): CodeIgniter\View\View->CodeIgniter\View\{closure}()
 5 SYSTEMPATH\Common.php(1178): CodeIgniter\View\View->render('userIndex', [], true)
 6 APPPATH\Controllers\Home.php(15): view('userIndex', [...])
 7 SYSTEMPATH\CodeIgniter.php(943): App\Controllers\Home->index()
 8 SYSTEMPATH\CodeIgniter.php(503): CodeIgniter\CodeIgniter->runController(Object(App\Controllers\Home))
 9 SYSTEMPATH\CodeIgniter.php(361): CodeIgniter\CodeIgniter->handleRequest(null, Object(Config\Cache), false)
10 FCPATH\index.php(79): CodeIgniter\CodeIgniter->run()
INFO - 2024-05-18 18:10:22 --> Session: Class initialized using 'CodeIgniter\Session\Handlers\FileHandler' driver.
CRITICAL - 2024-05-18 18:10:22 --> ErrorException: require_once(C:/xampp/htdocsTemplates/Footer.php): Failed to open stream: No such file or directory
in APPPATH\Views\userIndex.php on line 125.
 1 APPPATH\Views\userIndex.php(125): CodeIgniter\Debug\Exceptions->errorHandler(2, 'require_once(C:/xampp/htdocsTemplates/Footer.php): Failed to open stream: No such file or directory', 'C:\\xampp\\htdocs\\ProyectoDaw\\app\\Views\\userIndex.php', 125)
 2 APPPATH\Views\userIndex.php(125): require_once()
 3 SYSTEMPATH\View\View.php(228): include('C:\\xampp\\htdocs\\ProyectoDaw\\app\\Views\\userIndex.php')
 4 SYSTEMPATH\View\View.php(231): CodeIgniter\View\View->CodeIgniter\View\{closure}()
 5 SYSTEMPATH\Common.php(1178): CodeIgniter\View\View->render('userIndex', [], true)
 6 APPPATH\Controllers\Home.php(15): view('userIndex', [...])
 7 SYSTEMPATH\CodeIgniter.php(943): App\Controllers\Home->index()
 8 SYSTEMPATH\CodeIgniter.php(503): CodeIgniter\CodeIgniter->runController(Object(App\Controllers\Home))
 9 SYSTEMPATH\CodeIgniter.php(361): CodeIgniter\CodeIgniter->handleRequest(null, Object(Config\Cache), false)
10 FCPATH\index.php(79): CodeIgniter\CodeIgniter->run()
INFO - 2024-05-18 18:10:44 --> Session: Class initialized using 'CodeIgniter\Session\Handlers\FileHandler' driver.
