INFO - 2024-12-04 08:22:38 --> Session: Class initialized using 'CodeIgniter\Session\Handlers\FileHandler' driver.
INFO - 2024-12-04 08:24:45 --> Session: Class initialized using 'CodeIgniter\Session\Handlers\FileHandler' driver.
INFO - 2024-12-04 08:24:49 --> Session: Class initialized using 'CodeIgniter\Session\Handlers\FileHandler' driver.
INFO - 2024-12-04 08:24:49 --> Session: Class initialized using 'CodeIgniter\Session\Handlers\FileHandler' driver.
INFO - 2024-12-04 08:24:51 --> Session: Class initialized using 'CodeIgniter\Session\Handlers\FileHandler' driver.
INFO - 2024-12-04 08:41:19 --> Session: Class initialized using 'CodeIgniter\Session\Handlers\FileHandler' driver.
INFO - 2024-12-04 08:42:23 --> Session: Class initialized using 'CodeIgniter\Session\Handlers\FileHandler' driver.
ERROR - 2024-12-04 08:42:23 --> mysqli_sql_exception: Cannot add or update a child row: a foreign key constraint fails (`jumpstyle_league_db`.`inscripciones`, CONSTRAINT `inscripcion_torneo` FOREIGN KEY (`id_torneo`) REFERENCES `torneos` (`id`) ON DELETE CASCADE ON UPDATE CASCADE) in C:\xampp\htdocs\ProyectoDaw\system\Database\MySQLi\Connection.php:306
Stack trace:
#0 C:\xampp\htdocs\ProyectoDaw\system\Database\MySQLi\Connection.php(306): mysqli->query('INSERT INTO `in...', 0)
#1 C:\xampp\htdocs\ProyectoDaw\system\Database\BaseConnection.php(693): CodeIgniter\Database\MySQLi\Connection->execute('INSERT INTO `in...')
#2 C:\xampp\htdocs\ProyectoDaw\system\Database\BaseConnection.php(607): CodeIgniter\Database\BaseConnection->simpleQuery('INSERT INTO `in...')
#3 C:\xampp\htdocs\ProyectoDaw\system\Database\BaseBuilder.php(2307): CodeIgniter\Database\BaseConnection->query('INSERT INTO `in...', Array, false)
#4 C:\xampp\htdocs\ProyectoDaw\app\Models\DataBaseHandler.php(209): CodeIgniter\Database\BaseBuilder->insert(Array)
#5 C:\xampp\htdocs\ProyectoDaw\app\Controllers\Home.php(130): App\models\DataBaseHandler->jls_add_new_participant('SDFGDFG', '', '4')
#6 C:\xampp\htdocs\ProyectoDaw\system\CodeIgniter.php(943): App\Controllers\Home->add_new_participant()
#7 C:\xampp\htdocs\ProyectoDaw\system\CodeIgniter.php(503): CodeIgniter\CodeIgniter->runController(Object(App\Controllers\Home))
#8 C:\xampp\htdocs\ProyectoDaw\system\CodeIgniter.php(361): CodeIgniter\CodeIgniter->handleRequest(NULL, Object(Config\Cache), false)
#9 C:\xampp\htdocs\ProyectoDaw\public\index.php(79): CodeIgniter\CodeIgniter->run()
#10 {main}
INFO - 2024-12-04 08:46:27 --> Session: Class initialized using 'CodeIgniter\Session\Handlers\FileHandler' driver.
ERROR - 2024-12-04 08:46:27 --> mysqli_sql_exception: Cannot add or update a child row: a foreign key constraint fails (`jumpstyle_league_db`.`inscripciones`, CONSTRAINT `inscripcion_torneo` FOREIGN KEY (`id_torneo`) REFERENCES `torneos` (`id`) ON DELETE CASCADE ON UPDATE CASCADE) in C:\xampp\htdocs\ProyectoDaw\system\Database\MySQLi\Connection.php:306
Stack trace:
#0 C:\xampp\htdocs\ProyectoDaw\system\Database\MySQLi\Connection.php(306): mysqli->query('INSERT INTO `in...', 0)
#1 C:\xampp\htdocs\ProyectoDaw\system\Database\BaseConnection.php(693): CodeIgniter\Database\MySQLi\Connection->execute('INSERT INTO `in...')
#2 C:\xampp\htdocs\ProyectoDaw\system\Database\BaseConnection.php(607): CodeIgniter\Database\BaseConnection->simpleQuery('INSERT INTO `in...')
#3 C:\xampp\htdocs\ProyectoDaw\system\Database\BaseBuilder.php(2307): CodeIgniter\Database\BaseConnection->query('INSERT INTO `in...', Array, false)
#4 C:\xampp\htdocs\ProyectoDaw\app\Models\DataBaseHandler.php(209): CodeIgniter\Database\BaseBuilder->insert(Array)
#5 C:\xampp\htdocs\ProyectoDaw\app\Controllers\Home.php(130): App\models\DataBaseHandler->jls_add_new_participant('SDFGDFG', '', '4')
#6 C:\xampp\htdocs\ProyectoDaw\system\CodeIgniter.php(943): App\Controllers\Home->add_new_participant()
#7 C:\xampp\htdocs\ProyectoDaw\system\CodeIgniter.php(503): CodeIgniter\CodeIgniter->runController(Object(App\Controllers\Home))
#8 C:\xampp\htdocs\ProyectoDaw\system\CodeIgniter.php(361): CodeIgniter\CodeIgniter->handleRequest(NULL, Object(Config\Cache), false)
#9 C:\xampp\htdocs\ProyectoDaw\public\index.php(79): CodeIgniter\CodeIgniter->run()
#10 {main}
INFO - 2024-12-04 08:46:31 --> Session: Class initialized using 'CodeIgniter\Session\Handlers\FileHandler' driver.
INFO - 2024-12-04 08:46:41 --> Session: Class initialized using 'CodeIgniter\Session\Handlers\FileHandler' driver.
ERROR - 2024-12-04 08:46:41 --> mysqli_sql_exception: Cannot add or update a child row: a foreign key constraint fails (`jumpstyle_league_db`.`inscripciones`, CONSTRAINT `inscripcion_torneo` FOREIGN KEY (`id_torneo`) REFERENCES `torneos` (`id`) ON DELETE CASCADE ON UPDATE CASCADE) in C:\xampp\htdocs\ProyectoDaw\system\Database\MySQLi\Connection.php:306
Stack trace:
#0 C:\xampp\htdocs\ProyectoDaw\system\Database\MySQLi\Connection.php(306): mysqli->query('INSERT INTO `in...', 0)
#1 C:\xampp\htdocs\ProyectoDaw\system\Database\BaseConnection.php(693): CodeIgniter\Database\MySQLi\Connection->execute('INSERT INTO `in...')
#2 C:\xampp\htdocs\ProyectoDaw\system\Database\BaseConnection.php(607): CodeIgniter\Database\BaseConnection->simpleQuery('INSERT INTO `in...')
#3 C:\xampp\htdocs\ProyectoDaw\system\Database\BaseBuilder.php(2307): CodeIgniter\Database\BaseConnection->query('INSERT INTO `in...', Array, false)
#4 C:\xampp\htdocs\ProyectoDaw\app\Models\DataBaseHandler.php(209): CodeIgniter\Database\BaseBuilder->insert(Array)
#5 C:\xampp\htdocs\ProyectoDaw\app\Controllers\Home.php(130): App\models\DataBaseHandler->jls_add_new_participant('Prueba trolofun...', '', '4')
#6 C:\xampp\htdocs\ProyectoDaw\system\CodeIgniter.php(943): App\Controllers\Home->add_new_participant()
#7 C:\xampp\htdocs\ProyectoDaw\system\CodeIgniter.php(503): CodeIgniter\CodeIgniter->runController(Object(App\Controllers\Home))
#8 C:\xampp\htdocs\ProyectoDaw\system\CodeIgniter.php(361): CodeIgniter\CodeIgniter->handleRequest(NULL, Object(Config\Cache), false)
#9 C:\xampp\htdocs\ProyectoDaw\public\index.php(79): CodeIgniter\CodeIgniter->run()
#10 {main}
INFO - 2024-12-04 08:48:31 --> Session: Class initialized using 'CodeIgniter\Session\Handlers\FileHandler' driver.
ERROR - 2024-12-04 08:48:31 --> mysqli_sql_exception: Cannot add or update a child row: a foreign key constraint fails (`jumpstyle_league_db`.`inscripciones`, CONSTRAINT `inscripcion_torneo` FOREIGN KEY (`id_torneo`) REFERENCES `torneos` (`id`) ON DELETE CASCADE ON UPDATE CASCADE) in C:\xampp\htdocs\ProyectoDaw\system\Database\MySQLi\Connection.php:306
Stack trace:
#0 C:\xampp\htdocs\ProyectoDaw\system\Database\MySQLi\Connection.php(306): mysqli->query('INSERT INTO `in...', 0)
#1 C:\xampp\htdocs\ProyectoDaw\system\Database\BaseConnection.php(693): CodeIgniter\Database\MySQLi\Connection->execute('INSERT INTO `in...')
#2 C:\xampp\htdocs\ProyectoDaw\system\Database\BaseConnection.php(607): CodeIgniter\Database\BaseConnection->simpleQuery('INSERT INTO `in...')
#3 C:\xampp\htdocs\ProyectoDaw\system\Database\BaseBuilder.php(2307): CodeIgniter\Database\BaseConnection->query('INSERT INTO `in...', Array, false)
#4 C:\xampp\htdocs\ProyectoDaw\app\Models\DataBaseHandler.php(209): CodeIgniter\Database\BaseBuilder->insert(Array)
#5 C:\xampp\htdocs\ProyectoDaw\app\Controllers\Home.php(130): App\models\DataBaseHandler->jls_add_new_participant('Prueba trolofun...', '', '4')
#6 C:\xampp\htdocs\ProyectoDaw\system\CodeIgniter.php(943): App\Controllers\Home->add_new_participant()
#7 C:\xampp\htdocs\ProyectoDaw\system\CodeIgniter.php(503): CodeIgniter\CodeIgniter->runController(Object(App\Controllers\Home))
#8 C:\xampp\htdocs\ProyectoDaw\system\CodeIgniter.php(361): CodeIgniter\CodeIgniter->handleRequest(NULL, Object(Config\Cache), false)
#9 C:\xampp\htdocs\ProyectoDaw\public\index.php(79): CodeIgniter\CodeIgniter->run()
#10 {main}
INFO - 2024-12-04 08:48:33 --> Session: Class initialized using 'CodeIgniter\Session\Handlers\FileHandler' driver.
INFO - 2024-12-04 08:48:36 --> Session: Class initialized using 'CodeIgniter\Session\Handlers\FileHandler' driver.
ERROR - 2024-12-04 08:48:36 --> mysqli_sql_exception: Cannot add or update a child row: a foreign key constraint fails (`jumpstyle_league_db`.`inscripciones`, CONSTRAINT `inscripcion_torneo` FOREIGN KEY (`id_torneo`) REFERENCES `torneos` (`id`) ON DELETE CASCADE ON UPDATE CASCADE) in C:\xampp\htdocs\ProyectoDaw\system\Database\MySQLi\Connection.php:306
Stack trace:
#0 C:\xampp\htdocs\ProyectoDaw\system\Database\MySQLi\Connection.php(306): mysqli->query('INSERT INTO `in...', 0)
#1 C:\xampp\htdocs\ProyectoDaw\system\Database\BaseConnection.php(693): CodeIgniter\Database\MySQLi\Connection->execute('INSERT INTO `in...')
#2 C:\xampp\htdocs\ProyectoDaw\system\Database\BaseConnection.php(607): CodeIgniter\Database\BaseConnection->simpleQuery('INSERT INTO `in...')
#3 C:\xampp\htdocs\ProyectoDaw\system\Database\BaseBuilder.php(2307): CodeIgniter\Database\BaseConnection->query('INSERT INTO `in...', Array, false)
#4 C:\xampp\htdocs\ProyectoDaw\app\Models\DataBaseHandler.php(209): CodeIgniter\Database\BaseBuilder->insert(Array)
#5 C:\xampp\htdocs\ProyectoDaw\app\Controllers\Home.php(130): App\models\DataBaseHandler->jls_add_new_participant('Lurufuncio', '', '4')
#6 C:\xampp\htdocs\ProyectoDaw\system\CodeIgniter.php(943): App\Controllers\Home->add_new_participant()
#7 C:\xampp\htdocs\ProyectoDaw\system\CodeIgniter.php(503): CodeIgniter\CodeIgniter->runController(Object(App\Controllers\Home))
#8 C:\xampp\htdocs\ProyectoDaw\system\CodeIgniter.php(361): CodeIgniter\CodeIgniter->handleRequest(NULL, Object(Config\Cache), false)
#9 C:\xampp\htdocs\ProyectoDaw\public\index.php(79): CodeIgniter\CodeIgniter->run()
#10 {main}
INFO - 2024-12-04 08:49:48 --> Session: Class initialized using 'CodeIgniter\Session\Handlers\FileHandler' driver.
INFO - 2024-12-04 08:49:54 --> Session: Class initialized using 'CodeIgniter\Session\Handlers\FileHandler' driver.
INFO - 2024-12-04 08:49:55 --> Session: Class initialized using 'CodeIgniter\Session\Handlers\FileHandler' driver.
INFO - 2024-12-04 08:51:51 --> Session: Class initialized using 'CodeIgniter\Session\Handlers\FileHandler' driver.
INFO - 2024-12-04 08:51:55 --> Session: Class initialized using 'CodeIgniter\Session\Handlers\FileHandler' driver.
INFO - 2024-12-04 08:51:57 --> Session: Class initialized using 'CodeIgniter\Session\Handlers\FileHandler' driver.
INFO - 2024-12-04 09:05:22 --> Session: Class initialized using 'CodeIgniter\Session\Handlers\FileHandler' driver.
INFO - 2024-12-04 09:07:25 --> Session: Class initialized using 'CodeIgniter\Session\Handlers\FileHandler' driver.
INFO - 2024-12-04 09:30:01 --> Session: Class initialized using 'CodeIgniter\Session\Handlers\FileHandler' driver.
INFO - 2024-12-04 09:30:14 --> Session: Class initialized using 'CodeIgniter\Session\Handlers\FileHandler' driver.
INFO - 2024-12-04 09:30:39 --> Session: Class initialized using 'CodeIgniter\Session\Handlers\FileHandler' driver.
INFO - 2024-12-04 09:31:24 --> Session: Class initialized using 'CodeIgniter\Session\Handlers\FileHandler' driver.
INFO - 2024-12-04 09:46:46 --> Session: Class initialized using 'CodeIgniter\Session\Handlers\FileHandler' driver.
INFO - 2024-12-04 09:47:45 --> Session: Class initialized using 'CodeIgniter\Session\Handlers\FileHandler' driver.
INFO - 2024-12-04 10:01:18 --> Session: Class initialized using 'CodeIgniter\Session\Handlers\FileHandler' driver.
INFO - 2024-12-04 10:01:28 --> Session: Class initialized using 'CodeIgniter\Session\Handlers\FileHandler' driver.
INFO - 2024-12-04 10:16:27 --> Session: Class initialized using 'CodeIgniter\Session\Handlers\FileHandler' driver.
INFO - 2024-12-04 10:16:39 --> Session: Class initialized using 'CodeIgniter\Session\Handlers\FileHandler' driver.
INFO - 2024-12-04 10:26:14 --> Session: Class initialized using 'CodeIgniter\Session\Handlers\FileHandler' driver.
INFO - 2024-12-04 10:27:07 --> Session: Class initialized using 'CodeIgniter\Session\Handlers\FileHandler' driver.
INFO - 2024-12-04 10:27:38 --> Session: Class initialized using 'CodeIgniter\Session\Handlers\FileHandler' driver.
INFO - 2024-12-04 10:49:55 --> Session: Class initialized using 'CodeIgniter\Session\Handlers\FileHandler' driver.
INFO - 2024-12-04 10:49:57 --> Session: Class initialized using 'CodeIgniter\Session\Handlers\FileHandler' driver.
CRITICAL - 2024-12-04 10:49:57 --> ErrorException: Undefined variable $message
in APPPATH\Views\layouts\userIndex.php on line 25.
 1 APPPATH\Views\layouts\userIndex.php(25): CodeIgniter\Debug\Exceptions->errorHandler(2, 'Undefined variable $message', 'C:\\xampp\\htdocs\\ProyectoDaw\\app\\Views\\layouts\\userIndex.php', 25)
 2 SYSTEMPATH\View\View.php(228): include('C:\\xampp\\htdocs\\ProyectoDaw\\app\\Views\\layouts\\userIndex.php')
 3 SYSTEMPATH\View\View.php(231): CodeIgniter\View\View->CodeIgniter\View\{closure}()
 4 SYSTEMPATH\Common.php(1178): CodeIgniter\View\View->render('layouts/userIndex', [], true)
 5 APPPATH\Controllers\Home.php(16): view('layouts/userIndex', [...])
 6 SYSTEMPATH\CodeIgniter.php(943): App\Controllers\Home->index()
 7 SYSTEMPATH\CodeIgniter.php(503): CodeIgniter\CodeIgniter->runController(Object(App\Controllers\Home))
 8 SYSTEMPATH\CodeIgniter.php(361): CodeIgniter\CodeIgniter->handleRequest(null, Object(Config\Cache), false)
 9 FCPATH\index.php(79): CodeIgniter\CodeIgniter->run()
INFO - 2024-12-04 10:50:46 --> Session: Class initialized using 'CodeIgniter\Session\Handlers\FileHandler' driver.
INFO - 2024-12-04 10:51:12 --> Session: Class initialized using 'CodeIgniter\Session\Handlers\FileHandler' driver.
INFO - 2024-12-04 10:51:14 --> Session: Class initialized using 'CodeIgniter\Session\Handlers\FileHandler' driver.
INFO - 2024-12-04 10:51:20 --> Session: Class initialized using 'CodeIgniter\Session\Handlers\FileHandler' driver.
INFO - 2024-12-04 10:54:22 --> Session: Class initialized using 'CodeIgniter\Session\Handlers\FileHandler' driver.
INFO - 2024-12-04 10:54:27 --> Session: Class initialized using 'CodeIgniter\Session\Handlers\FileHandler' driver.
INFO - 2024-12-04 10:54:33 --> Session: Class initialized using 'CodeIgniter\Session\Handlers\FileHandler' driver.
INFO - 2024-12-04 10:54:43 --> Session: Class initialized using 'CodeIgniter\Session\Handlers\FileHandler' driver.
INFO - 2024-12-04 10:54:52 --> Session: Class initialized using 'CodeIgniter\Session\Handlers\FileHandler' driver.
INFO - 2024-12-04 10:54:56 --> Session: Class initialized using 'CodeIgniter\Session\Handlers\FileHandler' driver.
INFO - 2024-12-04 10:55:01 --> Session: Class initialized using 'CodeIgniter\Session\Handlers\FileHandler' driver.
INFO - 2024-12-04 10:55:21 --> Session: Class initialized using 'CodeIgniter\Session\Handlers\FileHandler' driver.
INFO - 2024-12-04 10:57:02 --> Session: Class initialized using 'CodeIgniter\Session\Handlers\FileHandler' driver.
INFO - 2024-12-04 10:57:43 --> Session: Class initialized using 'CodeIgniter\Session\Handlers\FileHandler' driver.
INFO - 2024-12-04 10:57:58 --> Session: Class initialized using 'CodeIgniter\Session\Handlers\FileHandler' driver.
INFO - 2024-12-04 10:58:42 --> Session: Class initialized using 'CodeIgniter\Session\Handlers\FileHandler' driver.
INFO - 2024-12-04 10:58:44 --> Session: Class initialized using 'CodeIgniter\Session\Handlers\FileHandler' driver.
INFO - 2024-12-04 10:58:50 --> Session: Class initialized using 'CodeIgniter\Session\Handlers\FileHandler' driver.
INFO - 2024-12-04 11:00:18 --> Session: Class initialized using 'CodeIgniter\Session\Handlers\FileHandler' driver.
INFO - 2024-12-04 11:00:21 --> Session: Class initialized using 'CodeIgniter\Session\Handlers\FileHandler' driver.
INFO - 2024-12-04 11:00:33 --> Session: Class initialized using 'CodeIgniter\Session\Handlers\FileHandler' driver.
INFO - 2024-12-04 11:00:35 --> Session: Class initialized using 'CodeIgniter\Session\Handlers\FileHandler' driver.
INFO - 2024-12-04 11:00:39 --> Session: Class initialized using 'CodeIgniter\Session\Handlers\FileHandler' driver.
INFO - 2024-12-04 11:00:59 --> Session: Class initialized using 'CodeIgniter\Session\Handlers\FileHandler' driver.
INFO - 2024-12-04 11:01:17 --> Session: Class initialized using 'CodeIgniter\Session\Handlers\FileHandler' driver.
INFO - 2024-12-04 11:01:19 --> Session: Class initialized using 'CodeIgniter\Session\Handlers\FileHandler' driver.
INFO - 2024-12-04 11:01:30 --> Session: Class initialized using 'CodeIgniter\Session\Handlers\FileHandler' driver.
INFO - 2024-12-04 11:02:29 --> Session: Class initialized using 'CodeIgniter\Session\Handlers\FileHandler' driver.
INFO - 2024-12-04 11:02:40 --> Session: Class initialized using 'CodeIgniter\Session\Handlers\FileHandler' driver.
INFO - 2024-12-04 11:02:41 --> Session: Class initialized using 'CodeIgniter\Session\Handlers\FileHandler' driver.
INFO - 2024-12-04 11:02:50 --> Session: Class initialized using 'CodeIgniter\Session\Handlers\FileHandler' driver.
INFO - 2024-12-04 11:04:25 --> Session: Class initialized using 'CodeIgniter\Session\Handlers\FileHandler' driver.
INFO - 2024-12-04 11:04:26 --> Session: Class initialized using 'CodeIgniter\Session\Handlers\FileHandler' driver.
INFO - 2024-12-04 11:04:30 --> Session: Class initialized using 'CodeIgniter\Session\Handlers\FileHandler' driver.
INFO - 2024-12-04 11:04:48 --> Session: Class initialized using 'CodeIgniter\Session\Handlers\FileHandler' driver.
INFO - 2024-12-04 11:04:52 --> Session: Class initialized using 'CodeIgniter\Session\Handlers\FileHandler' driver.
INFO - 2024-12-04 11:05:03 --> Session: Class initialized using 'CodeIgniter\Session\Handlers\FileHandler' driver.
INFO - 2024-12-04 11:05:05 --> Session: Class initialized using 'CodeIgniter\Session\Handlers\FileHandler' driver.
INFO - 2024-12-04 11:05:06 --> Session: Class initialized using 'CodeIgniter\Session\Handlers\FileHandler' driver.
INFO - 2024-12-04 11:05:26 --> Session: Class initialized using 'CodeIgniter\Session\Handlers\FileHandler' driver.
INFO - 2024-12-04 11:05:30 --> Session: Class initialized using 'CodeIgniter\Session\Handlers\FileHandler' driver.
INFO - 2024-12-04 11:05:38 --> Session: Class initialized using 'CodeIgniter\Session\Handlers\FileHandler' driver.
INFO - 2024-12-04 11:05:39 --> Session: Class initialized using 'CodeIgniter\Session\Handlers\FileHandler' driver.
INFO - 2024-12-04 11:05:46 --> Session: Class initialized using 'CodeIgniter\Session\Handlers\FileHandler' driver.
INFO - 2024-12-04 11:06:06 --> Session: Class initialized using 'CodeIgniter\Session\Handlers\FileHandler' driver.
INFO - 2024-12-04 11:06:15 --> Session: Class initialized using 'CodeIgniter\Session\Handlers\FileHandler' driver.
INFO - 2024-12-04 11:06:17 --> Session: Class initialized using 'CodeIgniter\Session\Handlers\FileHandler' driver.
INFO - 2024-12-04 11:06:18 --> Session: Class initialized using 'CodeIgniter\Session\Handlers\FileHandler' driver.
INFO - 2024-12-04 11:09:45 --> Session: Class initialized using 'CodeIgniter\Session\Handlers\FileHandler' driver.
INFO - 2024-12-04 14:55:20 --> Session: Class initialized using 'CodeIgniter\Session\Handlers\FileHandler' driver.
INFO - 2024-12-04 15:10:11 --> Session: Class initialized using 'CodeIgniter\Session\Handlers\FileHandler' driver.
INFO - 2024-12-04 15:13:50 --> Session: Class initialized using 'CodeIgniter\Session\Handlers\FileHandler' driver.
INFO - 2024-12-04 15:13:54 --> Session: Class initialized using 'CodeIgniter\Session\Handlers\FileHandler' driver.
INFO - 2024-12-04 15:13:55 --> Session: Class initialized using 'CodeIgniter\Session\Handlers\FileHandler' driver.
INFO - 2024-12-04 15:14:24 --> Session: Class initialized using 'CodeIgniter\Session\Handlers\FileHandler' driver.
INFO - 2024-12-04 15:25:40 --> Session: Class initialized using 'CodeIgniter\Session\Handlers\FileHandler' driver.
INFO - 2024-12-04 15:26:39 --> Session: Class initialized using 'CodeIgniter\Session\Handlers\FileHandler' driver.
INFO - 2024-12-04 15:27:01 --> Session: Class initialized using 'CodeIgniter\Session\Handlers\FileHandler' driver.
INFO - 2024-12-04 15:28:19 --> Session: Class initialized using 'CodeIgniter\Session\Handlers\FileHandler' driver.
INFO - 2024-12-04 15:29:03 --> Session: Class initialized using 'CodeIgniter\Session\Handlers\FileHandler' driver.
INFO - 2024-12-04 15:32:01 --> Session: Class initialized using 'CodeIgniter\Session\Handlers\FileHandler' driver.
INFO - 2024-12-04 15:46:47 --> Session: Class initialized using 'CodeIgniter\Session\Handlers\FileHandler' driver.
INFO - 2024-12-04 16:20:41 --> Session: Class initialized using 'CodeIgniter\Session\Handlers\FileHandler' driver.
INFO - 2024-12-04 16:38:12 --> Session: Class initialized using 'CodeIgniter\Session\Handlers\FileHandler' driver.
CRITICAL - 2024-12-04 16:38:14 --> ParseError: syntax error, unexpected token "}"
in APPPATH\Models\DataBaseHandler.php on line 376.
 1 SYSTEMPATH\Autoloader\Autoloader.php(290): CodeIgniter\Autoloader\Autoloader->includeFile('C:\\xampp\\htdocs\\ProyectoDaw\\app\\models\\DataBaseHandler.php')
 2 SYSTEMPATH\Autoloader\Autoloader.php(266): CodeIgniter\Autoloader\Autoloader->loadInNamespace('App\\models\\DataBaseHandler')
 3 APPPATH\Controllers\Home.php(165): CodeIgniter\Autoloader\Autoloader->loadClass('App\\models\\DataBaseHandler')
 4 SYSTEMPATH\CodeIgniter.php(943): App\Controllers\Home->get_tournaments()
 5 SYSTEMPATH\CodeIgniter.php(503): CodeIgniter\CodeIgniter->runController(Object(App\Controllers\Home))
 6 SYSTEMPATH\CodeIgniter.php(361): CodeIgniter\CodeIgniter->handleRequest(null, Object(Config\Cache), false)
 7 FCPATH\index.php(79): CodeIgniter\CodeIgniter->run()
CRITICAL - 2024-12-04 16:39:01 --> ParseError: syntax error, unexpected token "}"
in APPPATH\Models\DataBaseHandler.php on line 376.
 1 SYSTEMPATH\Autoloader\Autoloader.php(290): CodeIgniter\Autoloader\Autoloader->includeFile('C:\\xampp\\htdocs\\ProyectoDaw\\app\\models\\DataBaseHandler.php')
 2 SYSTEMPATH\Autoloader\Autoloader.php(266): CodeIgniter\Autoloader\Autoloader->loadInNamespace('App\\models\\DataBaseHandler')
 3 APPPATH\Controllers\Home.php(165): CodeIgniter\Autoloader\Autoloader->loadClass('App\\models\\DataBaseHandler')
 4 SYSTEMPATH\CodeIgniter.php(943): App\Controllers\Home->get_tournaments()
 5 SYSTEMPATH\CodeIgniter.php(503): CodeIgniter\CodeIgniter->runController(Object(App\Controllers\Home))
 6 SYSTEMPATH\CodeIgniter.php(361): CodeIgniter\CodeIgniter->handleRequest(null, Object(Config\Cache), false)
 7 FCPATH\index.php(79): CodeIgniter\CodeIgniter->run()
CRITICAL - 2024-12-04 16:39:04 --> ParseError: syntax error, unexpected token "}"
in APPPATH\Models\DataBaseHandler.php on line 376.
 1 SYSTEMPATH\Autoloader\Autoloader.php(290): CodeIgniter\Autoloader\Autoloader->includeFile('C:\\xampp\\htdocs\\ProyectoDaw\\app\\models\\DataBaseHandler.php')
 2 SYSTEMPATH\Autoloader\Autoloader.php(266): CodeIgniter\Autoloader\Autoloader->loadInNamespace('App\\models\\DataBaseHandler')
 3 APPPATH\Controllers\Home.php(165): CodeIgniter\Autoloader\Autoloader->loadClass('App\\models\\DataBaseHandler')
 4 SYSTEMPATH\CodeIgniter.php(943): App\Controllers\Home->get_tournaments()
 5 SYSTEMPATH\CodeIgniter.php(503): CodeIgniter\CodeIgniter->runController(Object(App\Controllers\Home))
 6 SYSTEMPATH\CodeIgniter.php(361): CodeIgniter\CodeIgniter->handleRequest(null, Object(Config\Cache), false)
 7 FCPATH\index.php(79): CodeIgniter\CodeIgniter->run()
INFO - 2024-12-04 16:40:41 --> Session: Class initialized using 'CodeIgniter\Session\Handlers\FileHandler' driver.
INFO - 2024-12-04 17:23:01 --> Session: Class initialized using 'CodeIgniter\Session\Handlers\FileHandler' driver.
INFO - 2024-12-04 17:25:54 --> Session: Class initialized using 'CodeIgniter\Session\Handlers\FileHandler' driver.
INFO - 2024-12-04 17:28:20 --> Session: Class initialized using 'CodeIgniter\Session\Handlers\FileHandler' driver.
INFO - 2024-12-04 17:28:38 --> Session: Class initialized using 'CodeIgniter\Session\Handlers\FileHandler' driver.
INFO - 2024-12-04 17:29:21 --> Session: Class initialized using 'CodeIgniter\Session\Handlers\FileHandler' driver.
INFO - 2024-12-04 17:32:30 --> Session: Class initialized using 'CodeIgniter\Session\Handlers\FileHandler' driver.
ERROR - 2024-12-04 17:32:58 --> mysqli_sql_exception: Unknown column 'alias' in 'where clause' in C:\xampp\htdocs\ProyectoDaw\system\Database\MySQLi\Connection.php:306
Stack trace:
#0 C:\xampp\htdocs\ProyectoDaw\system\Database\MySQLi\Connection.php(306): mysqli->query('SELECT *\nFROM `...', 0)
#1 C:\xampp\htdocs\ProyectoDaw\system\Database\BaseConnection.php(693): CodeIgniter\Database\MySQLi\Connection->execute('SELECT *\nFROM `...')
#2 C:\xampp\htdocs\ProyectoDaw\system\Database\BaseConnection.php(607): CodeIgniter\Database\BaseConnection->simpleQuery('SELECT *\nFROM `...')
#3 C:\xampp\htdocs\ProyectoDaw\system\Database\BaseBuilder.php(1616): CodeIgniter\Database\BaseConnection->query('SELECT *\nFROM `...', Array, false)
#4 C:\xampp\htdocs\ProyectoDaw\app\Models\DataBaseHandler.php(393): CodeIgniter\Database\BaseBuilder->get()
#5 C:\xampp\htdocs\ProyectoDaw\app\Controllers\Home.php(264): App\models\DataBaseHandler->jls_get_users_by_filter('klu', 'all', 'all', NULL, NULL)
#6 C:\xampp\htdocs\ProyectoDaw\system\CodeIgniter.php(943): App\Controllers\Home->get_users()
#7 C:\xampp\htdocs\ProyectoDaw\system\CodeIgniter.php(503): CodeIgniter\CodeIgniter->runController(Object(App\Controllers\Home))
#8 C:\xampp\htdocs\ProyectoDaw\system\CodeIgniter.php(361): CodeIgniter\CodeIgniter->handleRequest(NULL, Object(Config\Cache), false)
#9 C:\xampp\htdocs\ProyectoDaw\public\index.php(79): CodeIgniter\CodeIgniter->run()
#10 {main}
CRITICAL - 2024-12-04 17:32:58 --> CodeIgniter\Database\Exceptions\DatabaseException: Unknown column 'alias' in 'where clause'
in SYSTEMPATH\Database\BaseConnection.php on line 647.
 1 SYSTEMPATH\Database\BaseBuilder.php(1616): CodeIgniter\Database\BaseConnection->query('SELECT *
FROM `usuarios`
WHERE `alias` LIKE :alias: ESCAPE \'!\'', [...], false)
 2 APPPATH\Models\DataBaseHandler.php(393): CodeIgniter\Database\BaseBuilder->get()
 3 APPPATH\Controllers\Home.php(264): App\models\DataBaseHandler->jls_get_users_by_filter('klu', 'all', 'all', null, null)
 4 SYSTEMPATH\CodeIgniter.php(943): App\Controllers\Home->get_users()
 5 SYSTEMPATH\CodeIgniter.php(503): CodeIgniter\CodeIgniter->runController(Object(App\Controllers\Home))
 6 SYSTEMPATH\CodeIgniter.php(361): CodeIgniter\CodeIgniter->handleRequest(null, Object(Config\Cache), false)
 7 FCPATH\index.php(79): CodeIgniter\CodeIgniter->run()
CRITICAL - 2024-12-04 17:32:58 --> [Caused by] CodeIgniter\Database\Exceptions\DatabaseException: Unknown column 'alias' in 'where clause'
in SYSTEMPATH\Database\MySQLi\Connection.php on line 311.
 1 SYSTEMPATH\Database\BaseConnection.php(693): CodeIgniter\Database\MySQLi\Connection->execute('SELECT *
FROM `usuarios`
WHERE `alias` LIKE \'%klu%\' ESCAPE \'!\'')
 2 SYSTEMPATH\Database\BaseConnection.php(607): CodeIgniter\Database\BaseConnection->simpleQuery('SELECT *
FROM `usuarios`
WHERE `alias` LIKE \'%klu%\' ESCAPE \'!\'')
 3 SYSTEMPATH\Database\BaseBuilder.php(1616): CodeIgniter\Database\BaseConnection->query('SELECT *
FROM `usuarios`
WHERE `alias` LIKE :alias: ESCAPE \'!\'', [...], false)
 4 APPPATH\Models\DataBaseHandler.php(393): CodeIgniter\Database\BaseBuilder->get()
 5 APPPATH\Controllers\Home.php(264): App\models\DataBaseHandler->jls_get_users_by_filter('klu', 'all', 'all', null, null)
 6 SYSTEMPATH\CodeIgniter.php(943): App\Controllers\Home->get_users()
 7 SYSTEMPATH\CodeIgniter.php(503): CodeIgniter\CodeIgniter->runController(Object(App\Controllers\Home))
 8 SYSTEMPATH\CodeIgniter.php(361): CodeIgniter\CodeIgniter->handleRequest(null, Object(Config\Cache), false)
 9 FCPATH\index.php(79): CodeIgniter\CodeIgniter->run()
CRITICAL - 2024-12-04 17:32:58 --> [Caused by] mysqli_sql_exception: Unknown column 'alias' in 'where clause'
in SYSTEMPATH\Database\MySQLi\Connection.php on line 306.
 1 SYSTEMPATH\Database\MySQLi\Connection.php(306): mysqli->query('SELECT *
FROM `usuarios`
WHERE `alias` LIKE \'%klu%\' ESCAPE \'!\'', 0)
 2 SYSTEMPATH\Database\BaseConnection.php(693): CodeIgniter\Database\MySQLi\Connection->execute('SELECT *
FROM `usuarios`
WHERE `alias` LIKE \'%klu%\' ESCAPE \'!\'')
 3 SYSTEMPATH\Database\BaseConnection.php(607): CodeIgniter\Database\BaseConnection->simpleQuery('SELECT *
FROM `usuarios`
WHERE `alias` LIKE \'%klu%\' ESCAPE \'!\'')
 4 SYSTEMPATH\Database\BaseBuilder.php(1616): CodeIgniter\Database\BaseConnection->query('SELECT *
FROM `usuarios`
WHERE `alias` LIKE :alias: ESCAPE \'!\'', [...], false)
 5 APPPATH\Models\DataBaseHandler.php(393): CodeIgniter\Database\BaseBuilder->get()
 6 APPPATH\Controllers\Home.php(264): App\models\DataBaseHandler->jls_get_users_by_filter('klu', 'all', 'all', null, null)
 7 SYSTEMPATH\CodeIgniter.php(943): App\Controllers\Home->get_users()
 8 SYSTEMPATH\CodeIgniter.php(503): CodeIgniter\CodeIgniter->runController(Object(App\Controllers\Home))
 9 SYSTEMPATH\CodeIgniter.php(361): CodeIgniter\CodeIgniter->handleRequest(null, Object(Config\Cache), false)
10 FCPATH\index.php(79): CodeIgniter\CodeIgniter->run()
INFO - 2024-12-04 17:33:17 --> Session: Class initialized using 'CodeIgniter\Session\Handlers\FileHandler' driver.
INFO - 2024-12-04 17:34:46 --> Session: Class initialized using 'CodeIgniter\Session\Handlers\FileHandler' driver.
INFO - 2024-12-04 22:39:31 --> Session: Class initialized using 'CodeIgniter\Session\Handlers\FileHandler' driver.
INFO - 2024-12-04 22:39:35 --> Session: Class initialized using 'CodeIgniter\Session\Handlers\FileHandler' driver.
CRITICAL - 2024-12-04 22:42:50 --> ParseError: syntax error, unexpected token "if"
in APPPATH\Models\DataBaseHandler.php on line 371.
 1 SYSTEMPATH\Autoloader\Autoloader.php(290): CodeIgniter\Autoloader\Autoloader->includeFile('C:\\xampp\\htdocs\\ProyectoDaw\\app\\models\\DataBaseHandler.php')
 2 SYSTEMPATH\Autoloader\Autoloader.php(266): CodeIgniter\Autoloader\Autoloader->loadInNamespace('App\\models\\DataBaseHandler')
 3 APPPATH\Controllers\Home.php(11): CodeIgniter\Autoloader\Autoloader->loadClass('App\\models\\DataBaseHandler')
 4 SYSTEMPATH\CodeIgniter.php(943): App\Controllers\Home->index()
 5 SYSTEMPATH\CodeIgniter.php(503): CodeIgniter\CodeIgniter->runController(Object(App\Controllers\Home))
 6 SYSTEMPATH\CodeIgniter.php(361): CodeIgniter\CodeIgniter->handleRequest(null, Object(Config\Cache), false)
 7 FCPATH\index.php(79): CodeIgniter\CodeIgniter->run()
INFO - 2024-12-04 22:44:30 --> Session: Class initialized using 'CodeIgniter\Session\Handlers\FileHandler' driver.
INFO - 2024-12-04 22:44:34 --> Session: Class initialized using 'CodeIgniter\Session\Handlers\FileHandler' driver.
INFO - 2024-12-04 22:44:36 --> Session: Class initialized using 'CodeIgniter\Session\Handlers\FileHandler' driver.
INFO - 2024-12-04 22:44:42 --> Session: Class initialized using 'CodeIgniter\Session\Handlers\FileHandler' driver.
INFO - 2024-12-04 22:45:58 --> Session: Class initialized using 'CodeIgniter\Session\Handlers\FileHandler' driver.
INFO - 2024-12-04 22:46:20 --> Session: Class initialized using 'CodeIgniter\Session\Handlers\FileHandler' driver.
INFO - 2024-12-04 22:46:21 --> Session: Class initialized using 'CodeIgniter\Session\Handlers\FileHandler' driver.
INFO - 2024-12-04 22:46:24 --> Session: Class initialized using 'CodeIgniter\Session\Handlers\FileHandler' driver.
INFO - 2024-12-04 22:49:11 --> Session: Class initialized using 'CodeIgniter\Session\Handlers\FileHandler' driver.
INFO - 2024-12-04 22:49:21 --> Session: Class initialized using 'CodeIgniter\Session\Handlers\FileHandler' driver.
INFO - 2024-12-04 22:49:21 --> Session: Class initialized using 'CodeIgniter\Session\Handlers\FileHandler' driver.
INFO - 2024-12-04 22:49:30 --> Session: Class initialized using 'CodeIgniter\Session\Handlers\FileHandler' driver.
INFO - 2024-12-04 22:49:39 --> Session: Class initialized using 'CodeIgniter\Session\Handlers\FileHandler' driver.
INFO - 2024-12-04 22:51:16 --> Session: Class initialized using 'CodeIgniter\Session\Handlers\FileHandler' driver.
ERROR - 2024-12-04 22:51:17 --> mysqli_sql_exception: Unknown column 'roles.nombre' in 'field list' in C:\xampp\htdocs\ProyectoDaw\system\Database\MySQLi\Connection.php:306
Stack trace:
#0 C:\xampp\htdocs\ProyectoDaw\system\Database\MySQLi\Connection.php(306): mysqli->query('SELECT `usuario...', 0)
#1 C:\xampp\htdocs\ProyectoDaw\system\Database\BaseConnection.php(693): CodeIgniter\Database\MySQLi\Connection->execute('SELECT `usuario...')
#2 C:\xampp\htdocs\ProyectoDaw\system\Database\BaseConnection.php(607): CodeIgniter\Database\BaseConnection->simpleQuery('SELECT `usuario...')
#3 C:\xampp\htdocs\ProyectoDaw\system\Database\BaseBuilder.php(1616): CodeIgniter\Database\BaseConnection->query('SELECT `usuario...', Array, false)
#4 C:\xampp\htdocs\ProyectoDaw\app\Models\DataBaseHandler.php(395): CodeIgniter\Database\BaseBuilder->get()
#5 C:\xampp\htdocs\ProyectoDaw\app\Controllers\Home.php(264): App\models\DataBaseHandler->jls_get_users_by_filter('', 'all', 'all', NULL, NULL)
#6 C:\xampp\htdocs\ProyectoDaw\system\CodeIgniter.php(943): App\Controllers\Home->get_users()
#7 C:\xampp\htdocs\ProyectoDaw\system\CodeIgniter.php(503): CodeIgniter\CodeIgniter->runController(Object(App\Controllers\Home))
#8 C:\xampp\htdocs\ProyectoDaw\system\CodeIgniter.php(361): CodeIgniter\CodeIgniter->handleRequest(NULL, Object(Config\Cache), false)
#9 C:\xampp\htdocs\ProyectoDaw\public\index.php(79): CodeIgniter\CodeIgniter->run()
#10 {main}
CRITICAL - 2024-12-04 22:51:17 --> CodeIgniter\Database\Exceptions\DatabaseException: Unknown column 'roles.nombre' in 'field list'
in SYSTEMPATH\Database\BaseConnection.php on line 647.
 1 SYSTEMPATH\Database\BaseBuilder.php(1616): CodeIgniter\Database\BaseConnection->query('SELECT `usuarios`.`id`, `usuarios`.`alias_usuario`, `roles`.`nombre`, `usuarios`.`activo`, `usuarios`.`fecha_registro`, `usuarios`.`ultima_conexion`
FROM `usuarios`
JOIN `roles` `r` ON `usuarios`.`id_rol` = `r`.`id`', [], false)
 2 APPPATH\Models\DataBaseHandler.php(395): CodeIgniter\Database\BaseBuilder->get()
 3 APPPATH\Controllers\Home.php(264): App\models\DataBaseHandler->jls_get_users_by_filter('', 'all', 'all', null, null)
 4 SYSTEMPATH\CodeIgniter.php(943): App\Controllers\Home->get_users()
 5 SYSTEMPATH\CodeIgniter.php(503): CodeIgniter\CodeIgniter->runController(Object(App\Controllers\Home))
 6 SYSTEMPATH\CodeIgniter.php(361): CodeIgniter\CodeIgniter->handleRequest(null, Object(Config\Cache), false)
 7 FCPATH\index.php(79): CodeIgniter\CodeIgniter->run()
CRITICAL - 2024-12-04 22:51:17 --> [Caused by] CodeIgniter\Database\Exceptions\DatabaseException: Unknown column 'roles.nombre' in 'field list'
in SYSTEMPATH\Database\MySQLi\Connection.php on line 311.
 1 SYSTEMPATH\Database\BaseConnection.php(693): CodeIgniter\Database\MySQLi\Connection->execute('SELECT `usuarios`.`id`, `usuarios`.`alias_usuario`, `roles`.`nombre`, `usuarios`.`activo`, `usuarios`.`fecha_registro`, `usuarios`.`ultima_conexion`
FROM `usuarios`
JOIN `roles` `r` ON `usuarios`.`id_rol` = `r`.`id`')
 2 SYSTEMPATH\Database\BaseConnection.php(607): CodeIgniter\Database\BaseConnection->simpleQuery('SELECT `usuarios`.`id`, `usuarios`.`alias_usuario`, `roles`.`nombre`, `usuarios`.`activo`, `usuarios`.`fecha_registro`, `usuarios`.`ultima_conexion`
FROM `usuarios`
JOIN `roles` `r` ON `usuarios`.`id_rol` = `r`.`id`')
 3 SYSTEMPATH\Database\BaseBuilder.php(1616): CodeIgniter\Database\BaseConnection->query('SELECT `usuarios`.`id`, `usuarios`.`alias_usuario`, `roles`.`nombre`, `usuarios`.`activo`, `usuarios`.`fecha_registro`, `usuarios`.`ultima_conexion`
FROM `usuarios`
JOIN `roles` `r` ON `usuarios`.`id_rol` = `r`.`id`', [], false)
 4 APPPATH\Models\DataBaseHandler.php(395): CodeIgniter\Database\BaseBuilder->get()
 5 APPPATH\Controllers\Home.php(264): App\models\DataBaseHandler->jls_get_users_by_filter('', 'all', 'all', null, null)
 6 SYSTEMPATH\CodeIgniter.php(943): App\Controllers\Home->get_users()
 7 SYSTEMPATH\CodeIgniter.php(503): CodeIgniter\CodeIgniter->runController(Object(App\Controllers\Home))
 8 SYSTEMPATH\CodeIgniter.php(361): CodeIgniter\CodeIgniter->handleRequest(null, Object(Config\Cache), false)
 9 FCPATH\index.php(79): CodeIgniter\CodeIgniter->run()
CRITICAL - 2024-12-04 22:51:17 --> [Caused by] mysqli_sql_exception: Unknown column 'roles.nombre' in 'field list'
in SYSTEMPATH\Database\MySQLi\Connection.php on line 306.
 1 SYSTEMPATH\Database\MySQLi\Connection.php(306): mysqli->query('SELECT `usuarios`.`id`, `usuarios`.`alias_usuario`, `roles`.`nombre`, `usuarios`.`activo`, `usuarios`.`fecha_registro`, `usuarios`.`ultima_conexion`
FROM `usuarios`
JOIN `roles` `r` ON `usuarios`.`id_rol` = `r`.`id`', 0)
 2 SYSTEMPATH\Database\BaseConnection.php(693): CodeIgniter\Database\MySQLi\Connection->execute('SELECT `usuarios`.`id`, `usuarios`.`alias_usuario`, `roles`.`nombre`, `usuarios`.`activo`, `usuarios`.`fecha_registro`, `usuarios`.`ultima_conexion`
FROM `usuarios`
JOIN `roles` `r` ON `usuarios`.`id_rol` = `r`.`id`')
 3 SYSTEMPATH\Database\BaseConnection.php(607): CodeIgniter\Database\BaseConnection->simpleQuery('SELECT `usuarios`.`id`, `usuarios`.`alias_usuario`, `roles`.`nombre`, `usuarios`.`activo`, `usuarios`.`fecha_registro`, `usuarios`.`ultima_conexion`
FROM `usuarios`
JOIN `roles` `r` ON `usuarios`.`id_rol` = `r`.`id`')
 4 SYSTEMPATH\Database\BaseBuilder.php(1616): CodeIgniter\Database\BaseConnection->query('SELECT `usuarios`.`id`, `usuarios`.`alias_usuario`, `roles`.`nombre`, `usuarios`.`activo`, `usuarios`.`fecha_registro`, `usuarios`.`ultima_conexion`
FROM `usuarios`
JOIN `roles` `r` ON `usuarios`.`id_rol` = `r`.`id`', [], false)
 5 APPPATH\Models\DataBaseHandler.php(395): CodeIgniter\Database\BaseBuilder->get()
 6 APPPATH\Controllers\Home.php(264): App\models\DataBaseHandler->jls_get_users_by_filter('', 'all', 'all', null, null)
 7 SYSTEMPATH\CodeIgniter.php(943): App\Controllers\Home->get_users()
 8 SYSTEMPATH\CodeIgniter.php(503): CodeIgniter\CodeIgniter->runController(Object(App\Controllers\Home))
 9 SYSTEMPATH\CodeIgniter.php(361): CodeIgniter\CodeIgniter->handleRequest(null, Object(Config\Cache), false)
10 FCPATH\index.php(79): CodeIgniter\CodeIgniter->run()
ERROR - 2024-12-04 22:51:19 --> mysqli_sql_exception: Unknown column 'roles.nombre' in 'field list' in C:\xampp\htdocs\ProyectoDaw\system\Database\MySQLi\Connection.php:306
Stack trace:
#0 C:\xampp\htdocs\ProyectoDaw\system\Database\MySQLi\Connection.php(306): mysqli->query('SELECT `usuario...', 0)
#1 C:\xampp\htdocs\ProyectoDaw\system\Database\BaseConnection.php(693): CodeIgniter\Database\MySQLi\Connection->execute('SELECT `usuario...')
#2 C:\xampp\htdocs\ProyectoDaw\system\Database\BaseConnection.php(607): CodeIgniter\Database\BaseConnection->simpleQuery('SELECT `usuario...')
#3 C:\xampp\htdocs\ProyectoDaw\system\Database\BaseBuilder.php(1616): CodeIgniter\Database\BaseConnection->query('SELECT `usuario...', Array, false)
#4 C:\xampp\htdocs\ProyectoDaw\app\Models\DataBaseHandler.php(395): CodeIgniter\Database\BaseBuilder->get()
#5 C:\xampp\htdocs\ProyectoDaw\app\Controllers\Home.php(264): App\models\DataBaseHandler->jls_get_users_by_filter('', 'all', 'all', NULL, NULL)
#6 C:\xampp\htdocs\ProyectoDaw\system\CodeIgniter.php(943): App\Controllers\Home->get_users()
#7 C:\xampp\htdocs\ProyectoDaw\system\CodeIgniter.php(503): CodeIgniter\CodeIgniter->runController(Object(App\Controllers\Home))
#8 C:\xampp\htdocs\ProyectoDaw\system\CodeIgniter.php(361): CodeIgniter\CodeIgniter->handleRequest(NULL, Object(Config\Cache), false)
#9 C:\xampp\htdocs\ProyectoDaw\public\index.php(79): CodeIgniter\CodeIgniter->run()
#10 {main}
CRITICAL - 2024-12-04 22:51:19 --> CodeIgniter\Database\Exceptions\DatabaseException: Unknown column 'roles.nombre' in 'field list'
in SYSTEMPATH\Database\BaseConnection.php on line 647.
 1 SYSTEMPATH\Database\BaseBuilder.php(1616): CodeIgniter\Database\BaseConnection->query('SELECT `usuarios`.`id`, `usuarios`.`alias_usuario`, `roles`.`nombre`, `usuarios`.`activo`, `usuarios`.`fecha_registro`, `usuarios`.`ultima_conexion`
FROM `usuarios`
JOIN `roles` `r` ON `usuarios`.`id_rol` = `r`.`id`', [], false)
 2 APPPATH\Models\DataBaseHandler.php(395): CodeIgniter\Database\BaseBuilder->get()
 3 APPPATH\Controllers\Home.php(264): App\models\DataBaseHandler->jls_get_users_by_filter('', 'all', 'all', null, null)
 4 SYSTEMPATH\CodeIgniter.php(943): App\Controllers\Home->get_users()
 5 SYSTEMPATH\CodeIgniter.php(503): CodeIgniter\CodeIgniter->runController(Object(App\Controllers\Home))
 6 SYSTEMPATH\CodeIgniter.php(361): CodeIgniter\CodeIgniter->handleRequest(null, Object(Config\Cache), false)
 7 FCPATH\index.php(79): CodeIgniter\CodeIgniter->run()
CRITICAL - 2024-12-04 22:51:19 --> [Caused by] CodeIgniter\Database\Exceptions\DatabaseException: Unknown column 'roles.nombre' in 'field list'
in SYSTEMPATH\Database\MySQLi\Connection.php on line 311.
 1 SYSTEMPATH\Database\BaseConnection.php(693): CodeIgniter\Database\MySQLi\Connection->execute('SELECT `usuarios`.`id`, `usuarios`.`alias_usuario`, `roles`.`nombre`, `usuarios`.`activo`, `usuarios`.`fecha_registro`, `usuarios`.`ultima_conexion`
FROM `usuarios`
JOIN `roles` `r` ON `usuarios`.`id_rol` = `r`.`id`')
 2 SYSTEMPATH\Database\BaseConnection.php(607): CodeIgniter\Database\BaseConnection->simpleQuery('SELECT `usuarios`.`id`, `usuarios`.`alias_usuario`, `roles`.`nombre`, `usuarios`.`activo`, `usuarios`.`fecha_registro`, `usuarios`.`ultima_conexion`
FROM `usuarios`
JOIN `roles` `r` ON `usuarios`.`id_rol` = `r`.`id`')
 3 SYSTEMPATH\Database\BaseBuilder.php(1616): CodeIgniter\Database\BaseConnection->query('SELECT `usuarios`.`id`, `usuarios`.`alias_usuario`, `roles`.`nombre`, `usuarios`.`activo`, `usuarios`.`fecha_registro`, `usuarios`.`ultima_conexion`
FROM `usuarios`
JOIN `roles` `r` ON `usuarios`.`id_rol` = `r`.`id`', [], false)
 4 APPPATH\Models\DataBaseHandler.php(395): CodeIgniter\Database\BaseBuilder->get()
 5 APPPATH\Controllers\Home.php(264): App\models\DataBaseHandler->jls_get_users_by_filter('', 'all', 'all', null, null)
 6 SYSTEMPATH\CodeIgniter.php(943): App\Controllers\Home->get_users()
 7 SYSTEMPATH\CodeIgniter.php(503): CodeIgniter\CodeIgniter->runController(Object(App\Controllers\Home))
 8 SYSTEMPATH\CodeIgniter.php(361): CodeIgniter\CodeIgniter->handleRequest(null, Object(Config\Cache), false)
 9 FCPATH\index.php(79): CodeIgniter\CodeIgniter->run()
CRITICAL - 2024-12-04 22:51:19 --> [Caused by] mysqli_sql_exception: Unknown column 'roles.nombre' in 'field list'
in SYSTEMPATH\Database\MySQLi\Connection.php on line 306.
 1 SYSTEMPATH\Database\MySQLi\Connection.php(306): mysqli->query('SELECT `usuarios`.`id`, `usuarios`.`alias_usuario`, `roles`.`nombre`, `usuarios`.`activo`, `usuarios`.`fecha_registro`, `usuarios`.`ultima_conexion`
FROM `usuarios`
JOIN `roles` `r` ON `usuarios`.`id_rol` = `r`.`id`', 0)
 2 SYSTEMPATH\Database\BaseConnection.php(693): CodeIgniter\Database\MySQLi\Connection->execute('SELECT `usuarios`.`id`, `usuarios`.`alias_usuario`, `roles`.`nombre`, `usuarios`.`activo`, `usuarios`.`fecha_registro`, `usuarios`.`ultima_conexion`
FROM `usuarios`
JOIN `roles` `r` ON `usuarios`.`id_rol` = `r`.`id`')
 3 SYSTEMPATH\Database\BaseConnection.php(607): CodeIgniter\Database\BaseConnection->simpleQuery('SELECT `usuarios`.`id`, `usuarios`.`alias_usuario`, `roles`.`nombre`, `usuarios`.`activo`, `usuarios`.`fecha_registro`, `usuarios`.`ultima_conexion`
FROM `usuarios`
JOIN `roles` `r` ON `usuarios`.`id_rol` = `r`.`id`')
 4 SYSTEMPATH\Database\BaseBuilder.php(1616): CodeIgniter\Database\BaseConnection->query('SELECT `usuarios`.`id`, `usuarios`.`alias_usuario`, `roles`.`nombre`, `usuarios`.`activo`, `usuarios`.`fecha_registro`, `usuarios`.`ultima_conexion`
FROM `usuarios`
JOIN `roles` `r` ON `usuarios`.`id_rol` = `r`.`id`', [], false)
 5 APPPATH\Models\DataBaseHandler.php(395): CodeIgniter\Database\BaseBuilder->get()
 6 APPPATH\Controllers\Home.php(264): App\models\DataBaseHandler->jls_get_users_by_filter('', 'all', 'all', null, null)
 7 SYSTEMPATH\CodeIgniter.php(943): App\Controllers\Home->get_users()
 8 SYSTEMPATH\CodeIgniter.php(503): CodeIgniter\CodeIgniter->runController(Object(App\Controllers\Home))
 9 SYSTEMPATH\CodeIgniter.php(361): CodeIgniter\CodeIgniter->handleRequest(null, Object(Config\Cache), false)
10 FCPATH\index.php(79): CodeIgniter\CodeIgniter->run()
INFO - 2024-12-04 22:52:36 --> Session: Class initialized using 'CodeIgniter\Session\Handlers\FileHandler' driver.
INFO - 2024-12-04 22:56:16 --> Session: Class initialized using 'CodeIgniter\Session\Handlers\FileHandler' driver.
INFO - 2024-12-04 23:00:06 --> Session: Class initialized using 'CodeIgniter\Session\Handlers\FileHandler' driver.
INFO - 2024-12-04 23:01:08 --> Session: Class initialized using 'CodeIgniter\Session\Handlers\FileHandler' driver.
ERROR - 2024-12-04 23:01:09 --> mysqli_sql_exception: Column 'id' in field list is ambiguous in C:\xampp\htdocs\ProyectoDaw\system\Database\MySQLi\Connection.php:306
Stack trace:
#0 C:\xampp\htdocs\ProyectoDaw\system\Database\MySQLi\Connection.php(306): mysqli->query('SELECT `id`, `u...', 0)
#1 C:\xampp\htdocs\ProyectoDaw\system\Database\BaseConnection.php(693): CodeIgniter\Database\MySQLi\Connection->execute('SELECT `id`, `u...')
#2 C:\xampp\htdocs\ProyectoDaw\system\Database\BaseConnection.php(607): CodeIgniter\Database\BaseConnection->simpleQuery('SELECT `id`, `u...')
#3 C:\xampp\htdocs\ProyectoDaw\system\Database\BaseBuilder.php(1616): CodeIgniter\Database\BaseConnection->query('SELECT `id`, `u...', Array, false)
#4 C:\xampp\htdocs\ProyectoDaw\app\Models\DataBaseHandler.php(392): CodeIgniter\Database\BaseBuilder->get()
#5 C:\xampp\htdocs\ProyectoDaw\app\Controllers\Home.php(264): App\models\DataBaseHandler->jls_get_users_by_filter('', 'all', 'all', NULL, NULL)
#6 C:\xampp\htdocs\ProyectoDaw\system\CodeIgniter.php(943): App\Controllers\Home->get_users()
#7 C:\xampp\htdocs\ProyectoDaw\system\CodeIgniter.php(503): CodeIgniter\CodeIgniter->runController(Object(App\Controllers\Home))
#8 C:\xampp\htdocs\ProyectoDaw\system\CodeIgniter.php(361): CodeIgniter\CodeIgniter->handleRequest(NULL, Object(Config\Cache), false)
#9 C:\xampp\htdocs\ProyectoDaw\public\index.php(79): CodeIgniter\CodeIgniter->run()
#10 {main}
CRITICAL - 2024-12-04 23:01:09 --> CodeIgniter\Database\Exceptions\DatabaseException: Column 'id' in field list is ambiguous
in SYSTEMPATH\Database\BaseConnection.php on line 647.
 1 SYSTEMPATH\Database\BaseBuilder.php(1616): CodeIgniter\Database\BaseConnection->query('SELECT `id`, `usuarios`.`alias_usuario`, `r`.`id`, `usuarios`.`activo`, `usuarios`.`fecha_registro`, `usuarios`.`ultima_conexion`
FROM `usuarios`
JOIN `roles` `r` ON `usuarios`.`id_rol` = `r`.`id`', [], false)
 2 APPPATH\Models\DataBaseHandler.php(392): CodeIgniter\Database\BaseBuilder->get()
 3 APPPATH\Controllers\Home.php(264): App\models\DataBaseHandler->jls_get_users_by_filter('', 'all', 'all', null, null)
 4 SYSTEMPATH\CodeIgniter.php(943): App\Controllers\Home->get_users()
 5 SYSTEMPATH\CodeIgniter.php(503): CodeIgniter\CodeIgniter->runController(Object(App\Controllers\Home))
 6 SYSTEMPATH\CodeIgniter.php(361): CodeIgniter\CodeIgniter->handleRequest(null, Object(Config\Cache), false)
 7 FCPATH\index.php(79): CodeIgniter\CodeIgniter->run()
CRITICAL - 2024-12-04 23:01:09 --> [Caused by] CodeIgniter\Database\Exceptions\DatabaseException: Column 'id' in field list is ambiguous
in SYSTEMPATH\Database\MySQLi\Connection.php on line 311.
 1 SYSTEMPATH\Database\BaseConnection.php(693): CodeIgniter\Database\MySQLi\Connection->execute('SELECT `id`, `usuarios`.`alias_usuario`, `r`.`id`, `usuarios`.`activo`, `usuarios`.`fecha_registro`, `usuarios`.`ultima_conexion`
FROM `usuarios`
JOIN `roles` `r` ON `usuarios`.`id_rol` = `r`.`id`')
 2 SYSTEMPATH\Database\BaseConnection.php(607): CodeIgniter\Database\BaseConnection->simpleQuery('SELECT `id`, `usuarios`.`alias_usuario`, `r`.`id`, `usuarios`.`activo`, `usuarios`.`fecha_registro`, `usuarios`.`ultima_conexion`
FROM `usuarios`
JOIN `roles` `r` ON `usuarios`.`id_rol` = `r`.`id`')
 3 SYSTEMPATH\Database\BaseBuilder.php(1616): CodeIgniter\Database\BaseConnection->query('SELECT `id`, `usuarios`.`alias_usuario`, `r`.`id`, `usuarios`.`activo`, `usuarios`.`fecha_registro`, `usuarios`.`ultima_conexion`
FROM `usuarios`
JOIN `roles` `r` ON `usuarios`.`id_rol` = `r`.`id`', [], false)
 4 APPPATH\Models\DataBaseHandler.php(392): CodeIgniter\Database\BaseBuilder->get()
 5 APPPATH\Controllers\Home.php(264): App\models\DataBaseHandler->jls_get_users_by_filter('', 'all', 'all', null, null)
 6 SYSTEMPATH\CodeIgniter.php(943): App\Controllers\Home->get_users()
 7 SYSTEMPATH\CodeIgniter.php(503): CodeIgniter\CodeIgniter->runController(Object(App\Controllers\Home))
 8 SYSTEMPATH\CodeIgniter.php(361): CodeIgniter\CodeIgniter->handleRequest(null, Object(Config\Cache), false)
 9 FCPATH\index.php(79): CodeIgniter\CodeIgniter->run()
CRITICAL - 2024-12-04 23:01:09 --> [Caused by] mysqli_sql_exception: Column 'id' in field list is ambiguous
in SYSTEMPATH\Database\MySQLi\Connection.php on line 306.
 1 SYSTEMPATH\Database\MySQLi\Connection.php(306): mysqli->query('SELECT `id`, `usuarios`.`alias_usuario`, `r`.`id`, `usuarios`.`activo`, `usuarios`.`fecha_registro`, `usuarios`.`ultima_conexion`
FROM `usuarios`
JOIN `roles` `r` ON `usuarios`.`id_rol` = `r`.`id`', 0)
 2 SYSTEMPATH\Database\BaseConnection.php(693): CodeIgniter\Database\MySQLi\Connection->execute('SELECT `id`, `usuarios`.`alias_usuario`, `r`.`id`, `usuarios`.`activo`, `usuarios`.`fecha_registro`, `usuarios`.`ultima_conexion`
FROM `usuarios`
JOIN `roles` `r` ON `usuarios`.`id_rol` = `r`.`id`')
 3 SYSTEMPATH\Database\BaseConnection.php(607): CodeIgniter\Database\BaseConnection->simpleQuery('SELECT `id`, `usuarios`.`alias_usuario`, `r`.`id`, `usuarios`.`activo`, `usuarios`.`fecha_registro`, `usuarios`.`ultima_conexion`
FROM `usuarios`
JOIN `roles` `r` ON `usuarios`.`id_rol` = `r`.`id`')
 4 SYSTEMPATH\Database\BaseBuilder.php(1616): CodeIgniter\Database\BaseConnection->query('SELECT `id`, `usuarios`.`alias_usuario`, `r`.`id`, `usuarios`.`activo`, `usuarios`.`fecha_registro`, `usuarios`.`ultima_conexion`
FROM `usuarios`
JOIN `roles` `r` ON `usuarios`.`id_rol` = `r`.`id`', [], false)
 5 APPPATH\Models\DataBaseHandler.php(392): CodeIgniter\Database\BaseBuilder->get()
 6 APPPATH\Controllers\Home.php(264): App\models\DataBaseHandler->jls_get_users_by_filter('', 'all', 'all', null, null)
 7 SYSTEMPATH\CodeIgniter.php(943): App\Controllers\Home->get_users()
 8 SYSTEMPATH\CodeIgniter.php(503): CodeIgniter\CodeIgniter->runController(Object(App\Controllers\Home))
 9 SYSTEMPATH\CodeIgniter.php(361): CodeIgniter\CodeIgniter->handleRequest(null, Object(Config\Cache), false)
10 FCPATH\index.php(79): CodeIgniter\CodeIgniter->run()
INFO - 2024-12-04 23:01:16 --> Session: Class initialized using 'CodeIgniter\Session\Handlers\FileHandler' driver.
INFO - 2024-12-04 23:01:35 --> Session: Class initialized using 'CodeIgniter\Session\Handlers\FileHandler' driver.
INFO - 2024-12-04 23:02:10 --> Session: Class initialized using 'CodeIgniter\Session\Handlers\FileHandler' driver.
ERROR - 2024-12-04 23:02:11 --> mysqli_sql_exception: Unknown column 'r.id_rol' in 'field list' in C:\xampp\htdocs\ProyectoDaw\system\Database\MySQLi\Connection.php:306
Stack trace:
#0 C:\xampp\htdocs\ProyectoDaw\system\Database\MySQLi\Connection.php(306): mysqli->query('SELECT `usuario...', 0)
#1 C:\xampp\htdocs\ProyectoDaw\system\Database\BaseConnection.php(693): CodeIgniter\Database\MySQLi\Connection->execute('SELECT `usuario...')
#2 C:\xampp\htdocs\ProyectoDaw\system\Database\BaseConnection.php(607): CodeIgniter\Database\BaseConnection->simpleQuery('SELECT `usuario...')
#3 C:\xampp\htdocs\ProyectoDaw\system\Database\BaseBuilder.php(1616): CodeIgniter\Database\BaseConnection->query('SELECT `usuario...', Array, false)
#4 C:\xampp\htdocs\ProyectoDaw\app\Models\DataBaseHandler.php(392): CodeIgniter\Database\BaseBuilder->get()
#5 C:\xampp\htdocs\ProyectoDaw\app\Controllers\Home.php(264): App\models\DataBaseHandler->jls_get_users_by_filter('', 'all', 'all', NULL, NULL)
#6 C:\xampp\htdocs\ProyectoDaw\system\CodeIgniter.php(943): App\Controllers\Home->get_users()
#7 C:\xampp\htdocs\ProyectoDaw\system\CodeIgniter.php(503): CodeIgniter\CodeIgniter->runController(Object(App\Controllers\Home))
#8 C:\xampp\htdocs\ProyectoDaw\system\CodeIgniter.php(361): CodeIgniter\CodeIgniter->handleRequest(NULL, Object(Config\Cache), false)
#9 C:\xampp\htdocs\ProyectoDaw\public\index.php(79): CodeIgniter\CodeIgniter->run()
#10 {main}
CRITICAL - 2024-12-04 23:02:11 --> CodeIgniter\Database\Exceptions\DatabaseException: Unknown column 'r.id_rol' in 'field list'
in SYSTEMPATH\Database\BaseConnection.php on line 647.
 1 SYSTEMPATH\Database\BaseBuilder.php(1616): CodeIgniter\Database\BaseConnection->query('SELECT `usuarios`.`id`, `usuarios`.`alias_usuario`, `r`.`id_rol`, `usuarios`.`activo`, `usuarios`.`fecha_registro`, `usuarios`.`ultima_conexion`
FROM `usuarios`
JOIN `roles` `r` ON `usuarios`.`id_rol` = `r`.`id`', [], false)
 2 APPPATH\Models\DataBaseHandler.php(392): CodeIgniter\Database\BaseBuilder->get()
 3 APPPATH\Controllers\Home.php(264): App\models\DataBaseHandler->jls_get_users_by_filter('', 'all', 'all', null, null)
 4 SYSTEMPATH\CodeIgniter.php(943): App\Controllers\Home->get_users()
 5 SYSTEMPATH\CodeIgniter.php(503): CodeIgniter\CodeIgniter->runController(Object(App\Controllers\Home))
 6 SYSTEMPATH\CodeIgniter.php(361): CodeIgniter\CodeIgniter->handleRequest(null, Object(Config\Cache), false)
 7 FCPATH\index.php(79): CodeIgniter\CodeIgniter->run()
CRITICAL - 2024-12-04 23:02:11 --> [Caused by] CodeIgniter\Database\Exceptions\DatabaseException: Unknown column 'r.id_rol' in 'field list'
in SYSTEMPATH\Database\MySQLi\Connection.php on line 311.
 1 SYSTEMPATH\Database\BaseConnection.php(693): CodeIgniter\Database\MySQLi\Connection->execute('SELECT `usuarios`.`id`, `usuarios`.`alias_usuario`, `r`.`id_rol`, `usuarios`.`activo`, `usuarios`.`fecha_registro`, `usuarios`.`ultima_conexion`
FROM `usuarios`
JOIN `roles` `r` ON `usuarios`.`id_rol` = `r`.`id`')
 2 SYSTEMPATH\Database\BaseConnection.php(607): CodeIgniter\Database\BaseConnection->simpleQuery('SELECT `usuarios`.`id`, `usuarios`.`alias_usuario`, `r`.`id_rol`, `usuarios`.`activo`, `usuarios`.`fecha_registro`, `usuarios`.`ultima_conexion`
FROM `usuarios`
JOIN `roles` `r` ON `usuarios`.`id_rol` = `r`.`id`')
 3 SYSTEMPATH\Database\BaseBuilder.php(1616): CodeIgniter\Database\BaseConnection->query('SELECT `usuarios`.`id`, `usuarios`.`alias_usuario`, `r`.`id_rol`, `usuarios`.`activo`, `usuarios`.`fecha_registro`, `usuarios`.`ultima_conexion`
FROM `usuarios`
JOIN `roles` `r` ON `usuarios`.`id_rol` = `r`.`id`', [], false)
 4 APPPATH\Models\DataBaseHandler.php(392): CodeIgniter\Database\BaseBuilder->get()
 5 APPPATH\Controllers\Home.php(264): App\models\DataBaseHandler->jls_get_users_by_filter('', 'all', 'all', null, null)
 6 SYSTEMPATH\CodeIgniter.php(943): App\Controllers\Home->get_users()
 7 SYSTEMPATH\CodeIgniter.php(503): CodeIgniter\CodeIgniter->runController(Object(App\Controllers\Home))
 8 SYSTEMPATH\CodeIgniter.php(361): CodeIgniter\CodeIgniter->handleRequest(null, Object(Config\Cache), false)
 9 FCPATH\index.php(79): CodeIgniter\CodeIgniter->run()
CRITICAL - 2024-12-04 23:02:11 --> [Caused by] mysqli_sql_exception: Unknown column 'r.id_rol' in 'field list'
in SYSTEMPATH\Database\MySQLi\Connection.php on line 306.
 1 SYSTEMPATH\Database\MySQLi\Connection.php(306): mysqli->query('SELECT `usuarios`.`id`, `usuarios`.`alias_usuario`, `r`.`id_rol`, `usuarios`.`activo`, `usuarios`.`fecha_registro`, `usuarios`.`ultima_conexion`
FROM `usuarios`
JOIN `roles` `r` ON `usuarios`.`id_rol` = `r`.`id`', 0)
 2 SYSTEMPATH\Database\BaseConnection.php(693): CodeIgniter\Database\MySQLi\Connection->execute('SELECT `usuarios`.`id`, `usuarios`.`alias_usuario`, `r`.`id_rol`, `usuarios`.`activo`, `usuarios`.`fecha_registro`, `usuarios`.`ultima_conexion`
FROM `usuarios`
JOIN `roles` `r` ON `usuarios`.`id_rol` = `r`.`id`')
 3 SYSTEMPATH\Database\BaseConnection.php(607): CodeIgniter\Database\BaseConnection->simpleQuery('SELECT `usuarios`.`id`, `usuarios`.`alias_usuario`, `r`.`id_rol`, `usuarios`.`activo`, `usuarios`.`fecha_registro`, `usuarios`.`ultima_conexion`
FROM `usuarios`
JOIN `roles` `r` ON `usuarios`.`id_rol` = `r`.`id`')
 4 SYSTEMPATH\Database\BaseBuilder.php(1616): CodeIgniter\Database\BaseConnection->query('SELECT `usuarios`.`id`, `usuarios`.`alias_usuario`, `r`.`id_rol`, `usuarios`.`activo`, `usuarios`.`fecha_registro`, `usuarios`.`ultima_conexion`
FROM `usuarios`
JOIN `roles` `r` ON `usuarios`.`id_rol` = `r`.`id`', [], false)
 5 APPPATH\Models\DataBaseHandler.php(392): CodeIgniter\Database\BaseBuilder->get()
 6 APPPATH\Controllers\Home.php(264): App\models\DataBaseHandler->jls_get_users_by_filter('', 'all', 'all', null, null)
 7 SYSTEMPATH\CodeIgniter.php(943): App\Controllers\Home->get_users()
 8 SYSTEMPATH\CodeIgniter.php(503): CodeIgniter\CodeIgniter->runController(Object(App\Controllers\Home))
 9 SYSTEMPATH\CodeIgniter.php(361): CodeIgniter\CodeIgniter->handleRequest(null, Object(Config\Cache), false)
10 FCPATH\index.php(79): CodeIgniter\CodeIgniter->run()
INFO - 2024-12-04 23:02:34 --> Session: Class initialized using 'CodeIgniter\Session\Handlers\FileHandler' driver.
INFO - 2024-12-04 23:03:04 --> Session: Class initialized using 'CodeIgniter\Session\Handlers\FileHandler' driver.
INFO - 2024-12-04 23:05:14 --> Session: Class initialized using 'CodeIgniter\Session\Handlers\FileHandler' driver.
INFO - 2024-12-04 23:05:54 --> Session: Class initialized using 'CodeIgniter\Session\Handlers\FileHandler' driver.
ERROR - 2024-12-04 23:05:56 --> mysqli_sql_exception: Unknown column 'usuarios.alias_usuario' in 'field list' in C:\xampp\htdocs\ProyectoDaw\system\Database\MySQLi\Connection.php:306
Stack trace:
#0 C:\xampp\htdocs\ProyectoDaw\system\Database\MySQLi\Connection.php(306): mysqli->query('SELECT `u`.`id`...', 0)
#1 C:\xampp\htdocs\ProyectoDaw\system\Database\BaseConnection.php(693): CodeIgniter\Database\MySQLi\Connection->execute('SELECT `u`.`id`...')
#2 C:\xampp\htdocs\ProyectoDaw\system\Database\BaseConnection.php(607): CodeIgniter\Database\BaseConnection->simpleQuery('SELECT `u`.`id`...')
#3 C:\xampp\htdocs\ProyectoDaw\system\Database\BaseBuilder.php(1616): CodeIgniter\Database\BaseConnection->query('SELECT `u`.`id`...', Array, false)
#4 C:\xampp\htdocs\ProyectoDaw\app\Models\DataBaseHandler.php(392): CodeIgniter\Database\BaseBuilder->get()
#5 C:\xampp\htdocs\ProyectoDaw\app\Controllers\Home.php(264): App\models\DataBaseHandler->jls_get_users_by_filter('', 'all', 'all', NULL, NULL)
#6 C:\xampp\htdocs\ProyectoDaw\system\CodeIgniter.php(943): App\Controllers\Home->get_users()
#7 C:\xampp\htdocs\ProyectoDaw\system\CodeIgniter.php(503): CodeIgniter\CodeIgniter->runController(Object(App\Controllers\Home))
#8 C:\xampp\htdocs\ProyectoDaw\system\CodeIgniter.php(361): CodeIgniter\CodeIgniter->handleRequest(NULL, Object(Config\Cache), false)
#9 C:\xampp\htdocs\ProyectoDaw\public\index.php(79): CodeIgniter\CodeIgniter->run()
#10 {main}
CRITICAL - 2024-12-04 23:05:56 --> CodeIgniter\Database\Exceptions\DatabaseException: Unknown column 'usuarios.alias_usuario' in 'field list'
in SYSTEMPATH\Database\BaseConnection.php on line 647.
 1 SYSTEMPATH\Database\BaseBuilder.php(1616): CodeIgniter\Database\BaseConnection->query('SELECT `u`.`id`, `usuarios`.`alias_usuario`, `r`.`nombre`, `usuarios`.`activo`, `usuarios`.`fecha_registro`, `usuarios`.`ultima_conexion`
FROM `usuarios` `u`
JOIN `roles` `r` ON `r`.`id` = `usuarios`.`id_rol`', [], false)
 2 APPPATH\Models\DataBaseHandler.php(392): CodeIgniter\Database\BaseBuilder->get()
 3 APPPATH\Controllers\Home.php(264): App\models\DataBaseHandler->jls_get_users_by_filter('', 'all', 'all', null, null)
 4 SYSTEMPATH\CodeIgniter.php(943): App\Controllers\Home->get_users()
 5 SYSTEMPATH\CodeIgniter.php(503): CodeIgniter\CodeIgniter->runController(Object(App\Controllers\Home))
 6 SYSTEMPATH\CodeIgniter.php(361): CodeIgniter\CodeIgniter->handleRequest(null, Object(Config\Cache), false)
 7 FCPATH\index.php(79): CodeIgniter\CodeIgniter->run()
CRITICAL - 2024-12-04 23:05:56 --> [Caused by] CodeIgniter\Database\Exceptions\DatabaseException: Unknown column 'usuarios.alias_usuario' in 'field list'
in SYSTEMPATH\Database\MySQLi\Connection.php on line 311.
 1 SYSTEMPATH\Database\BaseConnection.php(693): CodeIgniter\Database\MySQLi\Connection->execute('SELECT `u`.`id`, `usuarios`.`alias_usuario`, `r`.`nombre`, `usuarios`.`activo`, `usuarios`.`fecha_registro`, `usuarios`.`ultima_conexion`
FROM `usuarios` `u`
JOIN `roles` `r` ON `r`.`id` = `usuarios`.`id_rol`')
 2 SYSTEMPATH\Database\BaseConnection.php(607): CodeIgniter\Database\BaseConnection->simpleQuery('SELECT `u`.`id`, `usuarios`.`alias_usuario`, `r`.`nombre`, `usuarios`.`activo`, `usuarios`.`fecha_registro`, `usuarios`.`ultima_conexion`
FROM `usuarios` `u`
JOIN `roles` `r` ON `r`.`id` = `usuarios`.`id_rol`')
 3 SYSTEMPATH\Database\BaseBuilder.php(1616): CodeIgniter\Database\BaseConnection->query('SELECT `u`.`id`, `usuarios`.`alias_usuario`, `r`.`nombre`, `usuarios`.`activo`, `usuarios`.`fecha_registro`, `usuarios`.`ultima_conexion`
FROM `usuarios` `u`
JOIN `roles` `r` ON `r`.`id` = `usuarios`.`id_rol`', [], false)
 4 APPPATH\Models\DataBaseHandler.php(392): CodeIgniter\Database\BaseBuilder->get()
 5 APPPATH\Controllers\Home.php(264): App\models\DataBaseHandler->jls_get_users_by_filter('', 'all', 'all', null, null)
 6 SYSTEMPATH\CodeIgniter.php(943): App\Controllers\Home->get_users()
 7 SYSTEMPATH\CodeIgniter.php(503): CodeIgniter\CodeIgniter->runController(Object(App\Controllers\Home))
 8 SYSTEMPATH\CodeIgniter.php(361): CodeIgniter\CodeIgniter->handleRequest(null, Object(Config\Cache), false)
 9 FCPATH\index.php(79): CodeIgniter\CodeIgniter->run()
CRITICAL - 2024-12-04 23:05:56 --> [Caused by] mysqli_sql_exception: Unknown column 'usuarios.alias_usuario' in 'field list'
in SYSTEMPATH\Database\MySQLi\Connection.php on line 306.
 1 SYSTEMPATH\Database\MySQLi\Connection.php(306): mysqli->query('SELECT `u`.`id`, `usuarios`.`alias_usuario`, `r`.`nombre`, `usuarios`.`activo`, `usuarios`.`fecha_registro`, `usuarios`.`ultima_conexion`
FROM `usuarios` `u`
JOIN `roles` `r` ON `r`.`id` = `usuarios`.`id_rol`', 0)
 2 SYSTEMPATH\Database\BaseConnection.php(693): CodeIgniter\Database\MySQLi\Connection->execute('SELECT `u`.`id`, `usuarios`.`alias_usuario`, `r`.`nombre`, `usuarios`.`activo`, `usuarios`.`fecha_registro`, `usuarios`.`ultima_conexion`
FROM `usuarios` `u`
JOIN `roles` `r` ON `r`.`id` = `usuarios`.`id_rol`')
 3 SYSTEMPATH\Database\BaseConnection.php(607): CodeIgniter\Database\BaseConnection->simpleQuery('SELECT `u`.`id`, `usuarios`.`alias_usuario`, `r`.`nombre`, `usuarios`.`activo`, `usuarios`.`fecha_registro`, `usuarios`.`ultima_conexion`
FROM `usuarios` `u`
JOIN `roles` `r` ON `r`.`id` = `usuarios`.`id_rol`')
 4 SYSTEMPATH\Database\BaseBuilder.php(1616): CodeIgniter\Database\BaseConnection->query('SELECT `u`.`id`, `usuarios`.`alias_usuario`, `r`.`nombre`, `usuarios`.`activo`, `usuarios`.`fecha_registro`, `usuarios`.`ultima_conexion`
FROM `usuarios` `u`
JOIN `roles` `r` ON `r`.`id` = `usuarios`.`id_rol`', [], false)
 5 APPPATH\Models\DataBaseHandler.php(392): CodeIgniter\Database\BaseBuilder->get()
 6 APPPATH\Controllers\Home.php(264): App\models\DataBaseHandler->jls_get_users_by_filter('', 'all', 'all', null, null)
 7 SYSTEMPATH\CodeIgniter.php(943): App\Controllers\Home->get_users()
 8 SYSTEMPATH\CodeIgniter.php(503): CodeIgniter\CodeIgniter->runController(Object(App\Controllers\Home))
 9 SYSTEMPATH\CodeIgniter.php(361): CodeIgniter\CodeIgniter->handleRequest(null, Object(Config\Cache), false)
10 FCPATH\index.php(79): CodeIgniter\CodeIgniter->run()
INFO - 2024-12-04 23:06:13 --> Session: Class initialized using 'CodeIgniter\Session\Handlers\FileHandler' driver.
ERROR - 2024-12-04 23:06:14 --> mysqli_sql_exception: Unknown column 'usuarios.id_rol' in 'on clause' in C:\xampp\htdocs\ProyectoDaw\system\Database\MySQLi\Connection.php:306
Stack trace:
#0 C:\xampp\htdocs\ProyectoDaw\system\Database\MySQLi\Connection.php(306): mysqli->query('SELECT `u`.`id`...', 0)
#1 C:\xampp\htdocs\ProyectoDaw\system\Database\BaseConnection.php(693): CodeIgniter\Database\MySQLi\Connection->execute('SELECT `u`.`id`...')
#2 C:\xampp\htdocs\ProyectoDaw\system\Database\BaseConnection.php(607): CodeIgniter\Database\BaseConnection->simpleQuery('SELECT `u`.`id`...')
#3 C:\xampp\htdocs\ProyectoDaw\system\Database\BaseBuilder.php(1616): CodeIgniter\Database\BaseConnection->query('SELECT `u`.`id`...', Array, false)
#4 C:\xampp\htdocs\ProyectoDaw\app\Models\DataBaseHandler.php(392): CodeIgniter\Database\BaseBuilder->get()
#5 C:\xampp\htdocs\ProyectoDaw\app\Controllers\Home.php(264): App\models\DataBaseHandler->jls_get_users_by_filter('', 'all', 'all', NULL, NULL)
#6 C:\xampp\htdocs\ProyectoDaw\system\CodeIgniter.php(943): App\Controllers\Home->get_users()
#7 C:\xampp\htdocs\ProyectoDaw\system\CodeIgniter.php(503): CodeIgniter\CodeIgniter->runController(Object(App\Controllers\Home))
#8 C:\xampp\htdocs\ProyectoDaw\system\CodeIgniter.php(361): CodeIgniter\CodeIgniter->handleRequest(NULL, Object(Config\Cache), false)
#9 C:\xampp\htdocs\ProyectoDaw\public\index.php(79): CodeIgniter\CodeIgniter->run()
#10 {main}
CRITICAL - 2024-12-04 23:06:14 --> CodeIgniter\Database\Exceptions\DatabaseException: Unknown column 'usuarios.id_rol' in 'on clause'
in SYSTEMPATH\Database\BaseConnection.php on line 647.
 1 SYSTEMPATH\Database\BaseBuilder.php(1616): CodeIgniter\Database\BaseConnection->query('SELECT `u`.`id`, `u`.`alias_usuario`, `r`.`nombre`, `u`.`activo`, `u`.`fecha_registro`, `u`.`ultima_conexion`
FROM `usuarios` `u`
JOIN `roles` `r` ON `r`.`id` = `usuarios`.`id_rol`', [], false)
 2 APPPATH\Models\DataBaseHandler.php(392): CodeIgniter\Database\BaseBuilder->get()
 3 APPPATH\Controllers\Home.php(264): App\models\DataBaseHandler->jls_get_users_by_filter('', 'all', 'all', null, null)
 4 SYSTEMPATH\CodeIgniter.php(943): App\Controllers\Home->get_users()
 5 SYSTEMPATH\CodeIgniter.php(503): CodeIgniter\CodeIgniter->runController(Object(App\Controllers\Home))
 6 SYSTEMPATH\CodeIgniter.php(361): CodeIgniter\CodeIgniter->handleRequest(null, Object(Config\Cache), false)
 7 FCPATH\index.php(79): CodeIgniter\CodeIgniter->run()
CRITICAL - 2024-12-04 23:06:14 --> [Caused by] CodeIgniter\Database\Exceptions\DatabaseException: Unknown column 'usuarios.id_rol' in 'on clause'
in SYSTEMPATH\Database\MySQLi\Connection.php on line 311.
 1 SYSTEMPATH\Database\BaseConnection.php(693): CodeIgniter\Database\MySQLi\Connection->execute('SELECT `u`.`id`, `u`.`alias_usuario`, `r`.`nombre`, `u`.`activo`, `u`.`fecha_registro`, `u`.`ultima_conexion`
FROM `usuarios` `u`
JOIN `roles` `r` ON `r`.`id` = `usuarios`.`id_rol`')
 2 SYSTEMPATH\Database\BaseConnection.php(607): CodeIgniter\Database\BaseConnection->simpleQuery('SELECT `u`.`id`, `u`.`alias_usuario`, `r`.`nombre`, `u`.`activo`, `u`.`fecha_registro`, `u`.`ultima_conexion`
FROM `usuarios` `u`
JOIN `roles` `r` ON `r`.`id` = `usuarios`.`id_rol`')
 3 SYSTEMPATH\Database\BaseBuilder.php(1616): CodeIgniter\Database\BaseConnection->query('SELECT `u`.`id`, `u`.`alias_usuario`, `r`.`nombre`, `u`.`activo`, `u`.`fecha_registro`, `u`.`ultima_conexion`
FROM `usuarios` `u`
JOIN `roles` `r` ON `r`.`id` = `usuarios`.`id_rol`', [], false)
 4 APPPATH\Models\DataBaseHandler.php(392): CodeIgniter\Database\BaseBuilder->get()
 5 APPPATH\Controllers\Home.php(264): App\models\DataBaseHandler->jls_get_users_by_filter('', 'all', 'all', null, null)
 6 SYSTEMPATH\CodeIgniter.php(943): App\Controllers\Home->get_users()
 7 SYSTEMPATH\CodeIgniter.php(503): CodeIgniter\CodeIgniter->runController(Object(App\Controllers\Home))
 8 SYSTEMPATH\CodeIgniter.php(361): CodeIgniter\CodeIgniter->handleRequest(null, Object(Config\Cache), false)
 9 FCPATH\index.php(79): CodeIgniter\CodeIgniter->run()
CRITICAL - 2024-12-04 23:06:14 --> [Caused by] mysqli_sql_exception: Unknown column 'usuarios.id_rol' in 'on clause'
in SYSTEMPATH\Database\MySQLi\Connection.php on line 306.
 1 SYSTEMPATH\Database\MySQLi\Connection.php(306): mysqli->query('SELECT `u`.`id`, `u`.`alias_usuario`, `r`.`nombre`, `u`.`activo`, `u`.`fecha_registro`, `u`.`ultima_conexion`
FROM `usuarios` `u`
JOIN `roles` `r` ON `r`.`id` = `usuarios`.`id_rol`', 0)
 2 SYSTEMPATH\Database\BaseConnection.php(693): CodeIgniter\Database\MySQLi\Connection->execute('SELECT `u`.`id`, `u`.`alias_usuario`, `r`.`nombre`, `u`.`activo`, `u`.`fecha_registro`, `u`.`ultima_conexion`
FROM `usuarios` `u`
JOIN `roles` `r` ON `r`.`id` = `usuarios`.`id_rol`')
 3 SYSTEMPATH\Database\BaseConnection.php(607): CodeIgniter\Database\BaseConnection->simpleQuery('SELECT `u`.`id`, `u`.`alias_usuario`, `r`.`nombre`, `u`.`activo`, `u`.`fecha_registro`, `u`.`ultima_conexion`
FROM `usuarios` `u`
JOIN `roles` `r` ON `r`.`id` = `usuarios`.`id_rol`')
 4 SYSTEMPATH\Database\BaseBuilder.php(1616): CodeIgniter\Database\BaseConnection->query('SELECT `u`.`id`, `u`.`alias_usuario`, `r`.`nombre`, `u`.`activo`, `u`.`fecha_registro`, `u`.`ultima_conexion`
FROM `usuarios` `u`
JOIN `roles` `r` ON `r`.`id` = `usuarios`.`id_rol`', [], false)
 5 APPPATH\Models\DataBaseHandler.php(392): CodeIgniter\Database\BaseBuilder->get()
 6 APPPATH\Controllers\Home.php(264): App\models\DataBaseHandler->jls_get_users_by_filter('', 'all', 'all', null, null)
 7 SYSTEMPATH\CodeIgniter.php(943): App\Controllers\Home->get_users()
 8 SYSTEMPATH\CodeIgniter.php(503): CodeIgniter\CodeIgniter->runController(Object(App\Controllers\Home))
 9 SYSTEMPATH\CodeIgniter.php(361): CodeIgniter\CodeIgniter->handleRequest(null, Object(Config\Cache), false)
10 FCPATH\index.php(79): CodeIgniter\CodeIgniter->run()
INFO - 2024-12-04 23:06:27 --> Session: Class initialized using 'CodeIgniter\Session\Handlers\FileHandler' driver.
INFO - 2024-12-04 23:06:44 --> Session: Class initialized using 'CodeIgniter\Session\Handlers\FileHandler' driver.
INFO - 2024-12-04 23:15:32 --> Session: Class initialized using 'CodeIgniter\Session\Handlers\FileHandler' driver.
INFO - 2024-12-04 23:16:21 --> Session: Class initialized using 'CodeIgniter\Session\Handlers\FileHandler' driver.
INFO - 2024-12-04 23:22:39 --> Session: Class initialized using 'CodeIgniter\Session\Handlers\FileHandler' driver.
INFO - 2024-12-04 23:23:29 --> Session: Class initialized using 'CodeIgniter\Session\Handlers\FileHandler' driver.
INFO - 2024-12-04 23:23:29 --> Session: Class initialized using 'CodeIgniter\Session\Handlers\FileHandler' driver.
INFO - 2024-12-04 23:24:14 --> Session: Class initialized using 'CodeIgniter\Session\Handlers\FileHandler' driver.
INFO - 2024-12-04 23:24:34 --> Session: Class initialized using 'CodeIgniter\Session\Handlers\FileHandler' driver.
INFO - 2024-12-04 23:24:43 --> Session: Class initialized using 'CodeIgniter\Session\Handlers\FileHandler' driver.
INFO - 2024-12-04 23:26:44 --> Session: Class initialized using 'CodeIgniter\Session\Handlers\FileHandler' driver.
INFO - 2024-12-04 23:26:56 --> Session: Class initialized using 'CodeIgniter\Session\Handlers\FileHandler' driver.
INFO - 2024-12-04 23:29:53 --> Session: Class initialized using 'CodeIgniter\Session\Handlers\FileHandler' driver.
INFO - 2024-12-04 23:31:41 --> Session: Class initialized using 'CodeIgniter\Session\Handlers\FileHandler' driver.
INFO - 2024-12-04 23:31:53 --> Session: Class initialized using 'CodeIgniter\Session\Handlers\FileHandler' driver.
