INFO - 2024-12-07 00:00:10 --> Session: Class initialized using 'CodeIgniter\Session\Handlers\FileHandler' driver.
INFO - 2024-12-07 00:02:08 --> Session: Class initialized using 'CodeIgniter\Session\Handlers\FileHandler' driver.
INFO - 2024-12-07 00:04:06 --> Session: Class initialized using 'CodeIgniter\Session\Handlers\FileHandler' driver.
INFO - 2024-12-07 00:04:13 --> Session: Class initialized using 'CodeIgniter\Session\Handlers\FileHandler' driver.
CRITICAL - 2024-12-07 00:04:16 --> ErrorException: Undefined variable $response
in APPPATH\Controllers\Home.php on line 310.
 1 APPPATH\Controllers\Home.php(310): CodeIgniter\Debug\Exceptions->errorHandler(2, 'Undefined variable $response', 'C:\\xampp\\htdocs\\ProyectoDaw\\app\\Controllers\\Home.php', 310)
 2 SYSTEMPATH\CodeIgniter.php(943): App\Controllers\Home->change_user_rol()
 3 SYSTEMPATH\CodeIgniter.php(503): CodeIgniter\CodeIgniter->runController(Object(App\Controllers\Home))
 4 SYSTEMPATH\CodeIgniter.php(361): CodeIgniter\CodeIgniter->handleRequest(null, Object(Config\Cache), false)
 5 FCPATH\index.php(79): CodeIgniter\CodeIgniter->run()
CRITICAL - 2024-12-07 00:05:20 --> ErrorException: Undefined variable $response
in APPPATH\Controllers\Home.php on line 310.
 1 APPPATH\Controllers\Home.php(310): CodeIgniter\Debug\Exceptions->errorHandler(2, 'Undefined variable $response', 'C:\\xampp\\htdocs\\ProyectoDaw\\app\\Controllers\\Home.php', 310)
 2 SYSTEMPATH\CodeIgniter.php(943): App\Controllers\Home->change_user_rol()
 3 SYSTEMPATH\CodeIgniter.php(503): CodeIgniter\CodeIgniter->runController(Object(App\Controllers\Home))
 4 SYSTEMPATH\CodeIgniter.php(361): CodeIgniter\CodeIgniter->handleRequest(null, Object(Config\Cache), false)
 5 FCPATH\index.php(79): CodeIgniter\CodeIgniter->run()
INFO - 2024-12-07 00:05:39 --> Session: Class initialized using 'CodeIgniter\Session\Handlers\FileHandler' driver.
CRITICAL - 2024-12-07 00:05:43 --> ErrorException: Undefined variable $response
in APPPATH\Controllers\Home.php on line 310.
 1 APPPATH\Controllers\Home.php(310): CodeIgniter\Debug\Exceptions->errorHandler(2, 'Undefined variable $response', 'C:\\xampp\\htdocs\\ProyectoDaw\\app\\Controllers\\Home.php', 310)
 2 SYSTEMPATH\CodeIgniter.php(943): App\Controllers\Home->change_user_rol()
 3 SYSTEMPATH\CodeIgniter.php(503): CodeIgniter\CodeIgniter->runController(Object(App\Controllers\Home))
 4 SYSTEMPATH\CodeIgniter.php(361): CodeIgniter\CodeIgniter->handleRequest(null, Object(Config\Cache), false)
 5 FCPATH\index.php(79): CodeIgniter\CodeIgniter->run()
INFO - 2024-12-07 00:10:24 --> Session: Class initialized using 'CodeIgniter\Session\Handlers\FileHandler' driver.
INFO - 2024-12-07 00:12:57 --> Session: Class initialized using 'CodeIgniter\Session\Handlers\FileHandler' driver.
INFO - 2024-12-07 00:16:34 --> Session: Class initialized using 'CodeIgniter\Session\Handlers\FileHandler' driver.
INFO - 2024-12-07 00:16:49 --> Session: Class initialized using 'CodeIgniter\Session\Handlers\FileHandler' driver.
INFO - 2024-12-07 00:17:29 --> Session: Class initialized using 'CodeIgniter\Session\Handlers\FileHandler' driver.
CRITICAL - 2024-12-07 00:17:38 --> ErrorException: Attempt to read property "logo_path" on null
in APPPATH\Models\DataBaseHandler.php on line 290.
 1 APPPATH\Models\DataBaseHandler.php(290): CodeIgniter\Debug\Exceptions->errorHandler(2, 'Attempt to read property "logo_path" on null', 'C:\\xampp\\htdocs\\ProyectoDaw\\app\\Models\\DataBaseHandler.php', 290)
 2 APPPATH\Controllers\Home.php(200): App\models\DataBaseHandler->jls_get_tournament_logo_name(null)
 3 SYSTEMPATH\CodeIgniter.php(943): App\Controllers\Home->edit_tournament()
 4 SYSTEMPATH\CodeIgniter.php(503): CodeIgniter\CodeIgniter->runController(Object(App\Controllers\Home))
 5 SYSTEMPATH\CodeIgniter.php(361): CodeIgniter\CodeIgniter->handleRequest(null, Object(Config\Cache), false)
 6 FCPATH\index.php(79): CodeIgniter\CodeIgniter->run()
INFO - 2024-12-07 00:18:28 --> Session: Class initialized using 'CodeIgniter\Session\Handlers\FileHandler' driver.
INFO - 2024-12-07 00:19:59 --> Session: Class initialized using 'CodeIgniter\Session\Handlers\FileHandler' driver.
INFO - 2024-12-07 00:20:20 --> Session: Class initialized using 'CodeIgniter\Session\Handlers\FileHandler' driver.
CRITICAL - 2024-12-07 00:20:27 --> ErrorException: Attempt to read property "logo_path" on null
in APPPATH\Models\DataBaseHandler.php on line 290.
 1 APPPATH\Models\DataBaseHandler.php(290): CodeIgniter\Debug\Exceptions->errorHandler(2, 'Attempt to read property "logo_path" on null', 'C:\\xampp\\htdocs\\ProyectoDaw\\app\\Models\\DataBaseHandler.php', 290)
 2 APPPATH\Controllers\Home.php(200): App\models\DataBaseHandler->jls_get_tournament_logo_name(null)
 3 SYSTEMPATH\CodeIgniter.php(943): App\Controllers\Home->edit_tournament()
 4 SYSTEMPATH\CodeIgniter.php(503): CodeIgniter\CodeIgniter->runController(Object(App\Controllers\Home))
 5 SYSTEMPATH\CodeIgniter.php(361): CodeIgniter\CodeIgniter->handleRequest(null, Object(Config\Cache), false)
 6 FCPATH\index.php(79): CodeIgniter\CodeIgniter->run()
INFO - 2024-12-07 00:21:47 --> Session: Class initialized using 'CodeIgniter\Session\Handlers\FileHandler' driver.
INFO - 2024-12-07 00:34:51 --> Session: Class initialized using 'CodeIgniter\Session\Handlers\FileHandler' driver.
INFO - 2024-12-07 00:35:10 --> Session: Class initialized using 'CodeIgniter\Session\Handlers\FileHandler' driver.
INFO - 2024-12-07 00:36:00 --> Session: Class initialized using 'CodeIgniter\Session\Handlers\FileHandler' driver.
INFO - 2024-12-07 00:36:17 --> Session: Class initialized using 'CodeIgniter\Session\Handlers\FileHandler' driver.
INFO - 2024-12-07 00:36:27 --> Session: Class initialized using 'CodeIgniter\Session\Handlers\FileHandler' driver.
INFO - 2024-12-07 00:37:49 --> Session: Class initialized using 'CodeIgniter\Session\Handlers\FileHandler' driver.
INFO - 2024-12-07 00:40:41 --> Session: Class initialized using 'CodeIgniter\Session\Handlers\FileHandler' driver.
INFO - 2024-12-07 00:41:49 --> Session: Class initialized using 'CodeIgniter\Session\Handlers\FileHandler' driver.
INFO - 2024-12-07 00:42:51 --> Session: Class initialized using 'CodeIgniter\Session\Handlers\FileHandler' driver.
INFO - 2024-12-07 00:42:57 --> Session: Class initialized using 'CodeIgniter\Session\Handlers\FileHandler' driver.
INFO - 2024-12-07 00:44:53 --> Session: Class initialized using 'CodeIgniter\Session\Handlers\FileHandler' driver.
ERROR - 2024-12-07 00:44:55 --> mysqli_sql_exception: Table 'jumpstyle_league_db.users' doesn't exist in C:\xampp\htdocs\ProyectoDaw\system\Database\MySQLi\Connection.php:306
Stack trace:
#0 C:\xampp\htdocs\ProyectoDaw\system\Database\MySQLi\Connection.php(306): mysqli->query('UPDATE `users` ...', 0)
#1 C:\xampp\htdocs\ProyectoDaw\system\Database\BaseConnection.php(693): CodeIgniter\Database\MySQLi\Connection->execute('UPDATE `users` ...')
#2 C:\xampp\htdocs\ProyectoDaw\system\Database\BaseConnection.php(607): CodeIgniter\Database\BaseConnection->simpleQuery('UPDATE `users` ...')
#3 C:\xampp\htdocs\ProyectoDaw\system\Database\BaseBuilder.php(2474): CodeIgniter\Database\BaseConnection->query('UPDATE `users` ...', Array, false)
#4 C:\xampp\htdocs\ProyectoDaw\app\Models\DataBaseHandler.php(468): CodeIgniter\Database\BaseBuilder->update(Array, Array)
#5 C:\xampp\htdocs\ProyectoDaw\app\Controllers\Home.php(311): App\models\DataBaseHandler->jls_change_user_status('10')
#6 C:\xampp\htdocs\ProyectoDaw\system\CodeIgniter.php(943): App\Controllers\Home->change_user_status()
#7 C:\xampp\htdocs\ProyectoDaw\system\CodeIgniter.php(503): CodeIgniter\CodeIgniter->runController(Object(App\Controllers\Home))
#8 C:\xampp\htdocs\ProyectoDaw\system\CodeIgniter.php(361): CodeIgniter\CodeIgniter->handleRequest(NULL, Object(Config\Cache), false)
#9 C:\xampp\htdocs\ProyectoDaw\public\index.php(79): CodeIgniter\CodeIgniter->run()
#10 {main}
ERROR - 2024-12-07 00:45:04 --> mysqli_sql_exception: Table 'jumpstyle_league_db.users' doesn't exist in C:\xampp\htdocs\ProyectoDaw\system\Database\MySQLi\Connection.php:306
Stack trace:
#0 C:\xampp\htdocs\ProyectoDaw\system\Database\MySQLi\Connection.php(306): mysqli->query('UPDATE `users` ...', 0)
#1 C:\xampp\htdocs\ProyectoDaw\system\Database\BaseConnection.php(693): CodeIgniter\Database\MySQLi\Connection->execute('UPDATE `users` ...')
#2 C:\xampp\htdocs\ProyectoDaw\system\Database\BaseConnection.php(607): CodeIgniter\Database\BaseConnection->simpleQuery('UPDATE `users` ...')
#3 C:\xampp\htdocs\ProyectoDaw\system\Database\BaseBuilder.php(2474): CodeIgniter\Database\BaseConnection->query('UPDATE `users` ...', Array, false)
#4 C:\xampp\htdocs\ProyectoDaw\app\Models\DataBaseHandler.php(468): CodeIgniter\Database\BaseBuilder->update(Array, Array)
#5 C:\xampp\htdocs\ProyectoDaw\app\Controllers\Home.php(311): App\models\DataBaseHandler->jls_change_user_status('10')
#6 C:\xampp\htdocs\ProyectoDaw\system\CodeIgniter.php(943): App\Controllers\Home->change_user_status()
#7 C:\xampp\htdocs\ProyectoDaw\system\CodeIgniter.php(503): CodeIgniter\CodeIgniter->runController(Object(App\Controllers\Home))
#8 C:\xampp\htdocs\ProyectoDaw\system\CodeIgniter.php(361): CodeIgniter\CodeIgniter->handleRequest(NULL, Object(Config\Cache), false)
#9 C:\xampp\htdocs\ProyectoDaw\public\index.php(79): CodeIgniter\CodeIgniter->run()
#10 {main}
INFO - 2024-12-07 00:45:27 --> Session: Class initialized using 'CodeIgniter\Session\Handlers\FileHandler' driver.
ERROR - 2024-12-07 00:45:29 --> mysqli_sql_exception: Table 'jumpstyle_league_db.users' doesn't exist in C:\xampp\htdocs\ProyectoDaw\system\Database\MySQLi\Connection.php:306
Stack trace:
#0 C:\xampp\htdocs\ProyectoDaw\system\Database\MySQLi\Connection.php(306): mysqli->query('UPDATE `users` ...', 0)
#1 C:\xampp\htdocs\ProyectoDaw\system\Database\BaseConnection.php(693): CodeIgniter\Database\MySQLi\Connection->execute('UPDATE `users` ...')
#2 C:\xampp\htdocs\ProyectoDaw\system\Database\BaseConnection.php(607): CodeIgniter\Database\BaseConnection->simpleQuery('UPDATE `users` ...')
#3 C:\xampp\htdocs\ProyectoDaw\system\Database\BaseBuilder.php(2474): CodeIgniter\Database\BaseConnection->query('UPDATE `users` ...', Array, false)
#4 C:\xampp\htdocs\ProyectoDaw\app\Models\DataBaseHandler.php(468): CodeIgniter\Database\BaseBuilder->update(Array, Array)
#5 C:\xampp\htdocs\ProyectoDaw\app\Controllers\Home.php(311): App\models\DataBaseHandler->jls_change_user_status('10')
#6 C:\xampp\htdocs\ProyectoDaw\system\CodeIgniter.php(943): App\Controllers\Home->change_user_status()
#7 C:\xampp\htdocs\ProyectoDaw\system\CodeIgniter.php(503): CodeIgniter\CodeIgniter->runController(Object(App\Controllers\Home))
#8 C:\xampp\htdocs\ProyectoDaw\system\CodeIgniter.php(361): CodeIgniter\CodeIgniter->handleRequest(NULL, Object(Config\Cache), false)
#9 C:\xampp\htdocs\ProyectoDaw\public\index.php(79): CodeIgniter\CodeIgniter->run()
#10 {main}
ERROR - 2024-12-07 00:45:46 --> mysqli_sql_exception: Table 'jumpstyle_league_db.users' doesn't exist in C:\xampp\htdocs\ProyectoDaw\system\Database\MySQLi\Connection.php:306
Stack trace:
#0 C:\xampp\htdocs\ProyectoDaw\system\Database\MySQLi\Connection.php(306): mysqli->query('UPDATE `users` ...', 0)
#1 C:\xampp\htdocs\ProyectoDaw\system\Database\BaseConnection.php(693): CodeIgniter\Database\MySQLi\Connection->execute('UPDATE `users` ...')
#2 C:\xampp\htdocs\ProyectoDaw\system\Database\BaseConnection.php(607): CodeIgniter\Database\BaseConnection->simpleQuery('UPDATE `users` ...')
#3 C:\xampp\htdocs\ProyectoDaw\system\Database\BaseBuilder.php(2474): CodeIgniter\Database\BaseConnection->query('UPDATE `users` ...', Array, false)
#4 C:\xampp\htdocs\ProyectoDaw\app\Models\DataBaseHandler.php(468): CodeIgniter\Database\BaseBuilder->update(Array, Array)
#5 C:\xampp\htdocs\ProyectoDaw\app\Controllers\Home.php(311): App\models\DataBaseHandler->jls_change_user_status('10')
#6 C:\xampp\htdocs\ProyectoDaw\system\CodeIgniter.php(943): App\Controllers\Home->change_user_status()
#7 C:\xampp\htdocs\ProyectoDaw\system\CodeIgniter.php(503): CodeIgniter\CodeIgniter->runController(Object(App\Controllers\Home))
#8 C:\xampp\htdocs\ProyectoDaw\system\CodeIgniter.php(361): CodeIgniter\CodeIgniter->handleRequest(NULL, Object(Config\Cache), false)
#9 C:\xampp\htdocs\ProyectoDaw\public\index.php(79): CodeIgniter\CodeIgniter->run()
#10 {main}
INFO - 2024-12-07 00:46:59 --> Session: Class initialized using 'CodeIgniter\Session\Handlers\FileHandler' driver.
ERROR - 2024-12-07 00:47:03 --> mysqli_sql_exception: Table 'jumpstyle_league_db.users' doesn't exist in C:\xampp\htdocs\ProyectoDaw\system\Database\MySQLi\Connection.php:306
Stack trace:
#0 C:\xampp\htdocs\ProyectoDaw\system\Database\MySQLi\Connection.php(306): mysqli->query('UPDATE `users` ...', 0)
#1 C:\xampp\htdocs\ProyectoDaw\system\Database\BaseConnection.php(693): CodeIgniter\Database\MySQLi\Connection->execute('UPDATE `users` ...')
#2 C:\xampp\htdocs\ProyectoDaw\system\Database\BaseConnection.php(607): CodeIgniter\Database\BaseConnection->simpleQuery('UPDATE `users` ...')
#3 C:\xampp\htdocs\ProyectoDaw\system\Database\BaseBuilder.php(2474): CodeIgniter\Database\BaseConnection->query('UPDATE `users` ...', Array, false)
#4 C:\xampp\htdocs\ProyectoDaw\app\Models\DataBaseHandler.php(468): CodeIgniter\Database\BaseBuilder->update(Array, Array)
#5 C:\xampp\htdocs\ProyectoDaw\app\Controllers\Home.php(311): App\models\DataBaseHandler->jls_change_user_status('10')
#6 C:\xampp\htdocs\ProyectoDaw\system\CodeIgniter.php(943): App\Controllers\Home->change_user_status()
#7 C:\xampp\htdocs\ProyectoDaw\system\CodeIgniter.php(503): CodeIgniter\CodeIgniter->runController(Object(App\Controllers\Home))
#8 C:\xampp\htdocs\ProyectoDaw\system\CodeIgniter.php(361): CodeIgniter\CodeIgniter->handleRequest(NULL, Object(Config\Cache), false)
#9 C:\xampp\htdocs\ProyectoDaw\public\index.php(79): CodeIgniter\CodeIgniter->run()
#10 {main}
INFO - 2024-12-07 00:47:15 --> Session: Class initialized using 'CodeIgniter\Session\Handlers\FileHandler' driver.
ERROR - 2024-12-07 00:47:17 --> mysqli_sql_exception: Table 'jumpstyle_league_db.users' doesn't exist in C:\xampp\htdocs\ProyectoDaw\system\Database\MySQLi\Connection.php:306
Stack trace:
#0 C:\xampp\htdocs\ProyectoDaw\system\Database\MySQLi\Connection.php(306): mysqli->query('UPDATE `users` ...', 0)
#1 C:\xampp\htdocs\ProyectoDaw\system\Database\BaseConnection.php(693): CodeIgniter\Database\MySQLi\Connection->execute('UPDATE `users` ...')
#2 C:\xampp\htdocs\ProyectoDaw\system\Database\BaseConnection.php(607): CodeIgniter\Database\BaseConnection->simpleQuery('UPDATE `users` ...')
#3 C:\xampp\htdocs\ProyectoDaw\system\Database\BaseBuilder.php(2474): CodeIgniter\Database\BaseConnection->query('UPDATE `users` ...', Array, false)
#4 C:\xampp\htdocs\ProyectoDaw\app\Models\DataBaseHandler.php(468): CodeIgniter\Database\BaseBuilder->update(Array, Array)
#5 C:\xampp\htdocs\ProyectoDaw\app\Controllers\Home.php(311): App\models\DataBaseHandler->jls_change_user_status('10')
#6 C:\xampp\htdocs\ProyectoDaw\system\CodeIgniter.php(943): App\Controllers\Home->change_user_status()
#7 C:\xampp\htdocs\ProyectoDaw\system\CodeIgniter.php(503): CodeIgniter\CodeIgniter->runController(Object(App\Controllers\Home))
#8 C:\xampp\htdocs\ProyectoDaw\system\CodeIgniter.php(361): CodeIgniter\CodeIgniter->handleRequest(NULL, Object(Config\Cache), false)
#9 C:\xampp\htdocs\ProyectoDaw\public\index.php(79): CodeIgniter\CodeIgniter->run()
#10 {main}
INFO - 2024-12-07 00:48:03 --> Session: Class initialized using 'CodeIgniter\Session\Handlers\FileHandler' driver.
CRITICAL - 2024-12-07 00:48:50 --> ParseError: syntax error, unexpected variable "$response"
in APPPATH\Controllers\Home.php on line 312.
 1 SYSTEMPATH\Autoloader\Autoloader.php(290): CodeIgniter\Autoloader\Autoloader->includeFile('C:\\xampp\\htdocs\\ProyectoDaw\\app\\Controllers\\Home.php')
 2 SYSTEMPATH\Autoloader\Autoloader.php(266): CodeIgniter\Autoloader\Autoloader->loadInNamespace('App\\Controllers\\Home')
 3 [internal function]: CodeIgniter\Autoloader\Autoloader->loadClass('App\\Controllers\\Home')
 4 SYSTEMPATH\CodeIgniter.php(901): class_exists('\\App\\Controllers\\Home', true)
 5 SYSTEMPATH\CodeIgniter.php(490): CodeIgniter\CodeIgniter->startController()
 6 SYSTEMPATH\CodeIgniter.php(361): CodeIgniter\CodeIgniter->handleRequest(null, Object(Config\Cache), false)
 7 FCPATH\index.php(79): CodeIgniter\CodeIgniter->run()
INFO - 2024-12-07 00:49:23 --> Session: Class initialized using 'CodeIgniter\Session\Handlers\FileHandler' driver.
INFO - 2024-12-07 00:50:50 --> Session: Class initialized using 'CodeIgniter\Session\Handlers\FileHandler' driver.
INFO - 2024-12-07 00:50:53 --> Session: Class initialized using 'CodeIgniter\Session\Handlers\FileHandler' driver.
INFO - 2024-12-07 00:51:36 --> Session: Class initialized using 'CodeIgniter\Session\Handlers\FileHandler' driver.
ERROR - 2024-12-07 00:51:39 --> mysqli_sql_exception: Table 'jumpstyle_league_db.users' doesn't exist in C:\xampp\htdocs\ProyectoDaw\system\Database\MySQLi\Connection.php:306
Stack trace:
#0 C:\xampp\htdocs\ProyectoDaw\system\Database\MySQLi\Connection.php(306): mysqli->query('UPDATE `users` ...', 0)
#1 C:\xampp\htdocs\ProyectoDaw\system\Database\BaseConnection.php(693): CodeIgniter\Database\MySQLi\Connection->execute('UPDATE `users` ...')
#2 C:\xampp\htdocs\ProyectoDaw\system\Database\BaseConnection.php(607): CodeIgniter\Database\BaseConnection->simpleQuery('UPDATE `users` ...')
#3 C:\xampp\htdocs\ProyectoDaw\system\Database\BaseBuilder.php(2474): CodeIgniter\Database\BaseConnection->query('UPDATE `users` ...', Array, false)
#4 C:\xampp\htdocs\ProyectoDaw\app\Models\DataBaseHandler.php(468): CodeIgniter\Database\BaseBuilder->update(Array, Array)
#5 C:\xampp\htdocs\ProyectoDaw\app\Controllers\Home.php(311): App\models\DataBaseHandler->jls_change_user_status('10')
#6 C:\xampp\htdocs\ProyectoDaw\system\CodeIgniter.php(943): App\Controllers\Home->change_user_status()
#7 C:\xampp\htdocs\ProyectoDaw\system\CodeIgniter.php(503): CodeIgniter\CodeIgniter->runController(Object(App\Controllers\Home))
#8 C:\xampp\htdocs\ProyectoDaw\system\CodeIgniter.php(361): CodeIgniter\CodeIgniter->handleRequest(NULL, Object(Config\Cache), false)
#9 C:\xampp\htdocs\ProyectoDaw\public\index.php(79): CodeIgniter\CodeIgniter->run()
#10 {main}
INFO - 2024-12-07 00:53:32 --> Session: Class initialized using 'CodeIgniter\Session\Handlers\FileHandler' driver.
ERROR - 2024-12-07 00:53:35 --> mysqli_sql_exception: Table 'jumpstyle_league_db.users' doesn't exist in C:\xampp\htdocs\ProyectoDaw\system\Database\MySQLi\Connection.php:306
Stack trace:
#0 C:\xampp\htdocs\ProyectoDaw\system\Database\MySQLi\Connection.php(306): mysqli->query('UPDATE `users` ...', 0)
#1 C:\xampp\htdocs\ProyectoDaw\system\Database\BaseConnection.php(693): CodeIgniter\Database\MySQLi\Connection->execute('UPDATE `users` ...')
#2 C:\xampp\htdocs\ProyectoDaw\system\Database\BaseConnection.php(607): CodeIgniter\Database\BaseConnection->simpleQuery('UPDATE `users` ...')
#3 C:\xampp\htdocs\ProyectoDaw\system\Database\BaseBuilder.php(2474): CodeIgniter\Database\BaseConnection->query('UPDATE `users` ...', Array, false)
#4 C:\xampp\htdocs\ProyectoDaw\app\Models\DataBaseHandler.php(468): CodeIgniter\Database\BaseBuilder->update(Array, Array)
#5 C:\xampp\htdocs\ProyectoDaw\app\Controllers\Home.php(311): App\models\DataBaseHandler->jls_change_user_status('10')
#6 C:\xampp\htdocs\ProyectoDaw\system\CodeIgniter.php(943): App\Controllers\Home->change_user_status()
#7 C:\xampp\htdocs\ProyectoDaw\system\CodeIgniter.php(503): CodeIgniter\CodeIgniter->runController(Object(App\Controllers\Home))
#8 C:\xampp\htdocs\ProyectoDaw\system\CodeIgniter.php(361): CodeIgniter\CodeIgniter->handleRequest(NULL, Object(Config\Cache), false)
#9 C:\xampp\htdocs\ProyectoDaw\public\index.php(79): CodeIgniter\CodeIgniter->run()
#10 {main}
INFO - 2024-12-07 00:57:09 --> Session: Class initialized using 'CodeIgniter\Session\Handlers\FileHandler' driver.
CRITICAL - 2024-12-07 00:57:11 --> ArgumentCountError: Too few arguments to function App\models\DataBaseHandler::jls_change_user_status(), 1 passed in C:\xampp\htdocs\ProyectoDaw\app\Controllers\Home.php on line 311 and exactly 2 expected
in APPPATH\Models\DataBaseHandler.php on line 458.
 1 APPPATH\Controllers\Home.php(311): App\models\DataBaseHandler->jls_change_user_status('10')
 2 SYSTEMPATH\CodeIgniter.php(943): App\Controllers\Home->change_user_status()
 3 SYSTEMPATH\CodeIgniter.php(503): CodeIgniter\CodeIgniter->runController(Object(App\Controllers\Home))
 4 SYSTEMPATH\CodeIgniter.php(361): CodeIgniter\CodeIgniter->handleRequest(null, Object(Config\Cache), false)
 5 FCPATH\index.php(79): CodeIgniter\CodeIgniter->run()
INFO - 2024-12-07 01:02:49 --> Session: Class initialized using 'CodeIgniter\Session\Handlers\FileHandler' driver.
ERROR - 2024-12-07 01:02:51 --> mysqli_sql_exception: Table 'jumpstyle_league_db.users' doesn't exist in C:\xampp\htdocs\ProyectoDaw\system\Database\MySQLi\Connection.php:306
Stack trace:
#0 C:\xampp\htdocs\ProyectoDaw\system\Database\MySQLi\Connection.php(306): mysqli->query('UPDATE `users` ...', 0)
#1 C:\xampp\htdocs\ProyectoDaw\system\Database\BaseConnection.php(693): CodeIgniter\Database\MySQLi\Connection->execute('UPDATE `users` ...')
#2 C:\xampp\htdocs\ProyectoDaw\system\Database\BaseConnection.php(607): CodeIgniter\Database\BaseConnection->simpleQuery('UPDATE `users` ...')
#3 C:\xampp\htdocs\ProyectoDaw\system\Database\BaseBuilder.php(2474): CodeIgniter\Database\BaseConnection->query('UPDATE `users` ...', Array, false)
#4 C:\xampp\htdocs\ProyectoDaw\app\Models\DataBaseHandler.php(468): CodeIgniter\Database\BaseBuilder->update(Array, Array)
#5 C:\xampp\htdocs\ProyectoDaw\app\Controllers\Home.php(312): App\models\DataBaseHandler->jls_change_user_status('10', '1')
#6 C:\xampp\htdocs\ProyectoDaw\system\CodeIgniter.php(943): App\Controllers\Home->change_user_status()
#7 C:\xampp\htdocs\ProyectoDaw\system\CodeIgniter.php(503): CodeIgniter\CodeIgniter->runController(Object(App\Controllers\Home))
#8 C:\xampp\htdocs\ProyectoDaw\system\CodeIgniter.php(361): CodeIgniter\CodeIgniter->handleRequest(NULL, Object(Config\Cache), false)
#9 C:\xampp\htdocs\ProyectoDaw\public\index.php(79): CodeIgniter\CodeIgniter->run()
#10 {main}
INFO - 2024-12-07 01:05:41 --> Session: Class initialized using 'CodeIgniter\Session\Handlers\FileHandler' driver.
ERROR - 2024-12-07 01:05:44 --> mysqli_sql_exception: Table 'jumpstyle_league_db.users' doesn't exist in C:\xampp\htdocs\ProyectoDaw\system\Database\MySQLi\Connection.php:306
Stack trace:
#0 C:\xampp\htdocs\ProyectoDaw\system\Database\MySQLi\Connection.php(306): mysqli->query('UPDATE `users` ...', 0)
#1 C:\xampp\htdocs\ProyectoDaw\system\Database\BaseConnection.php(693): CodeIgniter\Database\MySQLi\Connection->execute('UPDATE `users` ...')
#2 C:\xampp\htdocs\ProyectoDaw\system\Database\BaseConnection.php(607): CodeIgniter\Database\BaseConnection->simpleQuery('UPDATE `users` ...')
#3 C:\xampp\htdocs\ProyectoDaw\system\Database\BaseBuilder.php(2474): CodeIgniter\Database\BaseConnection->query('UPDATE `users` ...', Array, false)
#4 C:\xampp\htdocs\ProyectoDaw\app\Models\DataBaseHandler.php(465): CodeIgniter\Database\BaseBuilder->update(Array, Array)
#5 C:\xampp\htdocs\ProyectoDaw\app\Controllers\Home.php(312): App\models\DataBaseHandler->jls_change_user_status('10', '1')
#6 C:\xampp\htdocs\ProyectoDaw\system\CodeIgniter.php(943): App\Controllers\Home->change_user_status()
#7 C:\xampp\htdocs\ProyectoDaw\system\CodeIgniter.php(503): CodeIgniter\CodeIgniter->runController(Object(App\Controllers\Home))
#8 C:\xampp\htdocs\ProyectoDaw\system\CodeIgniter.php(361): CodeIgniter\CodeIgniter->handleRequest(NULL, Object(Config\Cache), false)
#9 C:\xampp\htdocs\ProyectoDaw\public\index.php(79): CodeIgniter\CodeIgniter->run()
#10 {main}
ERROR - 2024-12-07 01:06:00 --> mysqli_sql_exception: Table 'jumpstyle_league_db.users' doesn't exist in C:\xampp\htdocs\ProyectoDaw\system\Database\MySQLi\Connection.php:306
Stack trace:
#0 C:\xampp\htdocs\ProyectoDaw\system\Database\MySQLi\Connection.php(306): mysqli->query('UPDATE `users` ...', 0)
#1 C:\xampp\htdocs\ProyectoDaw\system\Database\BaseConnection.php(693): CodeIgniter\Database\MySQLi\Connection->execute('UPDATE `users` ...')
#2 C:\xampp\htdocs\ProyectoDaw\system\Database\BaseConnection.php(607): CodeIgniter\Database\BaseConnection->simpleQuery('UPDATE `users` ...')
#3 C:\xampp\htdocs\ProyectoDaw\system\Database\BaseBuilder.php(2474): CodeIgniter\Database\BaseConnection->query('UPDATE `users` ...', Array, false)
#4 C:\xampp\htdocs\ProyectoDaw\app\Models\DataBaseHandler.php(465): CodeIgniter\Database\BaseBuilder->update(Array, Array)
#5 C:\xampp\htdocs\ProyectoDaw\app\Controllers\Home.php(312): App\models\DataBaseHandler->jls_change_user_status('10', '1')
#6 C:\xampp\htdocs\ProyectoDaw\system\CodeIgniter.php(943): App\Controllers\Home->change_user_status()
#7 C:\xampp\htdocs\ProyectoDaw\system\CodeIgniter.php(503): CodeIgniter\CodeIgniter->runController(Object(App\Controllers\Home))
#8 C:\xampp\htdocs\ProyectoDaw\system\CodeIgniter.php(361): CodeIgniter\CodeIgniter->handleRequest(NULL, Object(Config\Cache), false)
#9 C:\xampp\htdocs\ProyectoDaw\public\index.php(79): CodeIgniter\CodeIgniter->run()
#10 {main}
INFO - 2024-12-07 01:06:12 --> Session: Class initialized using 'CodeIgniter\Session\Handlers\FileHandler' driver.
INFO - 2024-12-07 01:06:32 --> Session: Class initialized using 'CodeIgniter\Session\Handlers\FileHandler' driver.
INFO - 2024-12-07 01:10:07 --> Session: Class initialized using 'CodeIgniter\Session\Handlers\FileHandler' driver.
INFO - 2024-12-07 01:10:27 --> Session: Class initialized using 'CodeIgniter\Session\Handlers\FileHandler' driver.
INFO - 2024-12-07 01:10:40 --> Session: Class initialized using 'CodeIgniter\Session\Handlers\FileHandler' driver.
INFO - 2024-12-07 01:10:50 --> Session: Class initialized using 'CodeIgniter\Session\Handlers\FileHandler' driver.
INFO - 2024-12-07 01:15:34 --> Session: Class initialized using 'CodeIgniter\Session\Handlers\FileHandler' driver.
INFO - 2024-12-07 01:16:23 --> Session: Class initialized using 'CodeIgniter\Session\Handlers\FileHandler' driver.
INFO - 2024-12-07 01:17:53 --> Session: Class initialized using 'CodeIgniter\Session\Handlers\FileHandler' driver.
INFO - 2024-12-07 01:19:40 --> Session: Class initialized using 'CodeIgniter\Session\Handlers\FileHandler' driver.
INFO - 2024-12-07 01:20:02 --> Session: Class initialized using 'CodeIgniter\Session\Handlers\FileHandler' driver.
INFO - 2024-12-07 01:28:26 --> Session: Class initialized using 'CodeIgniter\Session\Handlers\FileHandler' driver.
INFO - 2024-12-07 01:28:43 --> Session: Class initialized using 'CodeIgniter\Session\Handlers\FileHandler' driver.
INFO - 2024-12-07 01:28:50 --> Session: Class initialized using 'CodeIgniter\Session\Handlers\FileHandler' driver.
INFO - 2024-12-07 11:12:43 --> Session: Class initialized using 'CodeIgniter\Session\Handlers\FileHandler' driver.
INFO - 2024-12-07 11:12:49 --> Session: Class initialized using 'CodeIgniter\Session\Handlers\FileHandler' driver.
INFO - 2024-12-07 11:21:10 --> Session: Class initialized using 'CodeIgniter\Session\Handlers\FileHandler' driver.
INFO - 2024-12-07 22:47:12 --> Session: Class initialized using 'CodeIgniter\Session\Handlers\FileHandler' driver.
INFO - 2024-12-07 22:47:16 --> Session: Class initialized using 'CodeIgniter\Session\Handlers\FileHandler' driver.
INFO - 2024-12-07 22:49:43 --> Session: Class initialized using 'CodeIgniter\Session\Handlers\FileHandler' driver.
